[0.155s] Invoking command in '/home/yami/CODE/Tiburon Software Induction/build/interfaces': CMAKE_PREFIX_PATH=/opt/ros/humble /usr/bin/cmake --build /home/yami/CODE/Tiburon Software Induction/build/interfaces -- -j8 -l8
[1.634s] [  3%] Built target interfaces__cpp
[1.642s] [35m[1mConsolidate compiler generated dependencies of target interfaces__rosidl_generator_c[0m
[1.656s] [ 12%] Built target interfaces__rosidl_generator_c
[1.690s] [ 12%] Built target ament_cmake_python_copy_interfaces
[1.698s] [35m[1mConsolidate compiler generated dependencies of target interfaces__rosidl_typesupport_cpp[0m
[1.705s] [35m[1mConsolidate compiler generated dependencies of target interfaces__rosidl_typesupport_introspection_cpp[0m
[1.719s] [ 22%] Built target interfaces__rosidl_typesupport_cpp
[1.721s] [35m[1mConsolidate compiler generated dependencies of target interfaces__rosidl_typesupport_fastrtps_cpp[0m
[1.763s] [ 32%] Built target interfaces__rosidl_typesupport_introspection_cpp
[1.775s] [ 41%] Built target interfaces__rosidl_typesupport_fastrtps_cpp
[1.777s] [35m[1mConsolidate compiler generated dependencies of target interfaces__rosidl_typesupport_fastrtps_c[0m
[1.779s] [35m[1mConsolidate compiler generated dependencies of target interfaces__rosidl_typesupport_introspection_c[0m
[1.783s] [35m[1mConsolidate compiler generated dependencies of target interfaces__rosidl_typesupport_c[0m
[1.803s] [ 51%] Built target interfaces__rosidl_typesupport_fastrtps_c
[1.803s] [ 61%] Built target interfaces__rosidl_typesupport_introspection_c
[1.803s] [ 70%] Built target interfaces__rosidl_typesupport_c
[1.843s] [ 70%] Built target interfaces
[1.965s] [ 74%] Built target interfaces__py
[1.980s] [35m[1mConsolidate compiler generated dependencies of target interfaces__rosidl_generator_py[0m
[1.995s] [ 80%] Built target interfaces__rosidl_generator_py
[2.065s] [35m[1mConsolidate compiler generated dependencies of target interfaces__rosidl_typesupport_introspection_c__pyext[0m
[2.065s] [35m[1mConsolidate compiler generated dependencies of target interfaces__rosidl_typesupport_fastrtps_c__pyext[0m
[2.072s] [35m[1mConsolidate compiler generated dependencies of target interfaces__rosidl_typesupport_c__pyext[0m
[2.089s] [ 87%] Built target interfaces__rosidl_typesupport_fastrtps_c__pyext
[2.089s] [ 93%] Built target interfaces__rosidl_typesupport_introspection_c__pyext
[2.094s] [100%] Built target interfaces__rosidl_typesupport_c__pyext
[2.114s] running egg_info
[2.115s] writing interfaces.egg-info/PKG-INFO
[2.115s] writing dependency_links to interfaces.egg-info/dependency_links.txt
[2.116s] writing top-level names to interfaces.egg-info/top_level.txt
[2.118s] reading manifest file 'interfaces.egg-info/SOURCES.txt'
[2.128s] writing manifest file 'interfaces.egg-info/SOURCES.txt'
[2.159s] [100%] Built target ament_cmake_python_build_interfaces_egg
[2.172s] Invoked command in '/home/yami/CODE/Tiburon Software Induction/build/interfaces' returned '0': CMAKE_PREFIX_PATH=/opt/ros/humble /usr/bin/cmake --build /home/yami/CODE/Tiburon Software Induction/build/interfaces -- -j8 -l8
[2.185s] Invoking command in '/home/yami/CODE/Tiburon Software Induction/build/interfaces': CMAKE_PREFIX_PATH=/opt/ros/humble /usr/bin/cmake --install /home/yami/CODE/Tiburon Software Induction/build/interfaces
[2.195s] -- Install configuration: ""
[2.206s] -- Up-to-date: /home/yami/CODE/Tiburon Software Induction/install/interfaces/share/ament_index/resource_index/rosidl_interfaces/interfaces
[2.207s] -- Up-to-date: /home/yami/CODE/Tiburon Software Induction/install/interfaces/include/interfaces/interfaces
[2.208s] -- Up-to-date: /home/yami/CODE/Tiburon Software Induction/install/interfaces/include/interfaces/interfaces/msg
[2.208s] -- Up-to-date: /home/yami/CODE/Tiburon Software Induction/install/interfaces/include/interfaces/interfaces/msg/rosidl_generator_c__visibility_control.h
[2.208s] -- Up-to-date: /home/yami/CODE/Tiburon Software Induction/install/interfaces/include/interfaces/interfaces/srv
[2.208s] -- Up-to-date: /home/yami/CODE/Tiburon Software Induction/install/interfaces/include/interfaces/interfaces/srv/draw_shape.h
[2.208s] -- Up-to-date: /home/yami/CODE/Tiburon Software Induction/install/interfaces/include/interfaces/interfaces/srv/detail
[2.209s] -- Up-to-date: /home/yami/CODE/Tiburon Software Induction/install/interfaces/include/interfaces/interfaces/srv/detail/draw_shape__functions.h
[2.209s] -- Up-to-date: /home/yami/CODE/Tiburon Software Induction/install/interfaces/include/interfaces/interfaces/srv/detail/draw_shape__functions.c
[2.209s] -- Up-to-date: /home/yami/CODE/Tiburon Software Induction/install/interfaces/include/interfaces/interfaces/srv/detail/draw_shape__struct.h
[2.209s] -- Up-to-date: /home/yami/CODE/Tiburon Software Induction/install/interfaces/include/interfaces/interfaces/srv/detail/draw_shape__type_support.h
[2.209s] -- Up-to-date: /home/yami/CODE/Tiburon Software Induction/install/interfaces/share/interfaces/environment/library_path.sh
[2.209s] -- Up-to-date: /home/yami/CODE/Tiburon Software Induction/install/interfaces/share/interfaces/environment/library_path.dsv
[2.210s] -- Up-to-date: /home/yami/CODE/Tiburon Software Induction/install/interfaces/lib/libinterfaces__rosidl_generator_c.so
[2.210s] -- Up-to-date: /home/yami/CODE/Tiburon Software Induction/install/interfaces/include/interfaces/interfaces
[2.210s] -- Up-to-date: /home/yami/CODE/Tiburon Software Induction/install/interfaces/include/interfaces/interfaces/msg
[2.210s] -- Up-to-date: /home/yami/CODE/Tiburon Software Induction/install/interfaces/include/interfaces/interfaces/msg/rosidl_typesupport_fastrtps_c__visibility_control.h
[2.210s] -- Up-to-date: /home/yami/CODE/Tiburon Software Induction/install/interfaces/include/interfaces/interfaces/srv
[2.211s] -- Up-to-date: /home/yami/CODE/Tiburon Software Induction/install/interfaces/include/interfaces/interfaces/srv/detail
[2.211s] -- Up-to-date: /home/yami/CODE/Tiburon Software Induction/install/interfaces/include/interfaces/interfaces/srv/detail/draw_shape__rosidl_typesupport_fastrtps_c.h
[2.211s] -- Up-to-date: /home/yami/CODE/Tiburon Software Induction/install/interfaces/lib/libinterfaces__rosidl_typesupport_fastrtps_c.so
[2.211s] -- Up-to-date: /home/yami/CODE/Tiburon Software Induction/install/interfaces/include/interfaces/interfaces
[2.212s] -- Up-to-date: /home/yami/CODE/Tiburon Software Induction/install/interfaces/include/interfaces/interfaces/msg
[2.212s] -- Up-to-date: /home/yami/CODE/Tiburon Software Induction/install/interfaces/include/interfaces/interfaces/msg/rosidl_typesupport_introspection_c__visibility_control.h
[2.212s] -- Up-to-date: /home/yami/CODE/Tiburon Software Induction/install/interfaces/include/interfaces/interfaces/srv
[2.212s] -- Up-to-date: /home/yami/CODE/Tiburon Software Induction/install/interfaces/include/interfaces/interfaces/srv/detail
[2.212s] -- Up-to-date: /home/yami/CODE/Tiburon Software Induction/install/interfaces/include/interfaces/interfaces/srv/detail/draw_shape__rosidl_typesupport_introspection_c.h
[2.212s] -- Up-to-date: /home/yami/CODE/Tiburon Software Induction/install/interfaces/include/interfaces/interfaces/srv/detail/draw_shape__type_support.c
[2.212s] -- Up-to-date: /home/yami/CODE/Tiburon Software Induction/install/interfaces/lib/libinterfaces__rosidl_typesupport_introspection_c.so
[2.213s] -- Up-to-date: /home/yami/CODE/Tiburon Software Induction/install/interfaces/lib/libinterfaces__rosidl_typesupport_c.so
[2.213s] -- Up-to-date: /home/yami/CODE/Tiburon Software Induction/install/interfaces/include/interfaces/interfaces
[2.213s] -- Up-to-date: /home/yami/CODE/Tiburon Software Induction/install/interfaces/include/interfaces/interfaces/msg
[2.213s] -- Up-to-date: /home/yami/CODE/Tiburon Software Induction/install/interfaces/include/interfaces/interfaces/msg/rosidl_generator_cpp__visibility_control.hpp
[2.214s] -- Up-to-date: /home/yami/CODE/Tiburon Software Induction/install/interfaces/include/interfaces/interfaces/srv
[2.214s] -- Up-to-date: /home/yami/CODE/Tiburon Software Induction/install/interfaces/include/interfaces/interfaces/srv/detail
[2.214s] -- Up-to-date: /home/yami/CODE/Tiburon Software Induction/install/interfaces/include/interfaces/interfaces/srv/detail/draw_shape__traits.hpp
[2.214s] -- Up-to-date: /home/yami/CODE/Tiburon Software Induction/install/interfaces/include/interfaces/interfaces/srv/detail/draw_shape__builder.hpp
[2.214s] -- Up-to-date: /home/yami/CODE/Tiburon Software Induction/install/interfaces/include/interfaces/interfaces/srv/detail/draw_shape__struct.hpp
[2.214s] -- Up-to-date: /home/yami/CODE/Tiburon Software Induction/install/interfaces/include/interfaces/interfaces/srv/detail/draw_shape__type_support.hpp
[2.214s] -- Up-to-date: /home/yami/CODE/Tiburon Software Induction/install/interfaces/include/interfaces/interfaces/srv/draw_shape.hpp
[2.214s] -- Up-to-date: /home/yami/CODE/Tiburon Software Induction/install/interfaces/include/interfaces/interfaces
[2.214s] -- Up-to-date: /home/yami/CODE/Tiburon Software Induction/install/interfaces/include/interfaces/interfaces/msg
[2.214s] -- Up-to-date: /home/yami/CODE/Tiburon Software Induction/install/interfaces/include/interfaces/interfaces/msg/rosidl_typesupport_fastrtps_cpp__visibility_control.h
[2.214s] -- Up-to-date: /home/yami/CODE/Tiburon Software Induction/install/interfaces/include/interfaces/interfaces/srv
[2.215s] -- Up-to-date: /home/yami/CODE/Tiburon Software Induction/install/interfaces/include/interfaces/interfaces/srv/detail
[2.215s] -- Up-to-date: /home/yami/CODE/Tiburon Software Induction/install/interfaces/include/interfaces/interfaces/srv/detail/dds_fastrtps
[2.215s] -- Up-to-date: /home/yami/CODE/Tiburon Software Induction/install/interfaces/include/interfaces/interfaces/srv/detail/draw_shape__rosidl_typesupport_fastrtps_cpp.hpp
[2.215s] -- Up-to-date: /home/yami/CODE/Tiburon Software Induction/install/interfaces/lib/libinterfaces__rosidl_typesupport_fastrtps_cpp.so
[2.215s] -- Up-to-date: /home/yami/CODE/Tiburon Software Induction/install/interfaces/include/interfaces/interfaces
[2.215s] -- Up-to-date: /home/yami/CODE/Tiburon Software Induction/install/interfaces/include/interfaces/interfaces/srv
[2.215s] -- Up-to-date: /home/yami/CODE/Tiburon Software Induction/install/interfaces/include/interfaces/interfaces/srv/detail
[2.215s] -- Up-to-date: /home/yami/CODE/Tiburon Software Induction/install/interfaces/include/interfaces/interfaces/srv/detail/draw_shape__type_support.cpp
[2.215s] -- Up-to-date: /home/yami/CODE/Tiburon Software Induction/install/interfaces/include/interfaces/interfaces/srv/detail/draw_shape__rosidl_typesupport_introspection_cpp.hpp
[2.216s] -- Up-to-date: /home/yami/CODE/Tiburon Software Induction/install/interfaces/lib/libinterfaces__rosidl_typesupport_introspection_cpp.so
[2.216s] -- Up-to-date: /home/yami/CODE/Tiburon Software Induction/install/interfaces/lib/libinterfaces__rosidl_typesupport_cpp.so
[2.217s] -- Up-to-date: /home/yami/CODE/Tiburon Software Induction/install/interfaces/share/interfaces/environment/pythonpath.sh
[2.217s] -- Up-to-date: /home/yami/CODE/Tiburon Software Induction/install/interfaces/share/interfaces/environment/pythonpath.dsv
[2.217s] -- Up-to-date: /home/yami/CODE/Tiburon Software Induction/install/interfaces/local/lib/python3.10/dist-packages/interfaces-0.0.0-py3.10.egg-info
[2.217s] -- Installing: /home/yami/CODE/Tiburon Software Induction/install/interfaces/local/lib/python3.10/dist-packages/interfaces-0.0.0-py3.10.egg-info/dependency_links.txt
[2.217s] -- Installing: /home/yami/CODE/Tiburon Software Induction/install/interfaces/local/lib/python3.10/dist-packages/interfaces-0.0.0-py3.10.egg-info/top_level.txt
[2.217s] -- Installing: /home/yami/CODE/Tiburon Software Induction/install/interfaces/local/lib/python3.10/dist-packages/interfaces-0.0.0-py3.10.egg-info/SOURCES.txt
[2.217s] -- Installing: /home/yami/CODE/Tiburon Software Induction/install/interfaces/local/lib/python3.10/dist-packages/interfaces-0.0.0-py3.10.egg-info/PKG-INFO
[2.218s] -- Up-to-date: /home/yami/CODE/Tiburon Software Induction/install/interfaces/local/lib/python3.10/dist-packages/interfaces
[2.218s] -- Up-to-date: /home/yami/CODE/Tiburon Software Induction/install/interfaces/local/lib/python3.10/dist-packages/interfaces/_interfaces_s.ep.rosidl_typesupport_introspection_c.c
[2.218s] -- Up-to-date: /home/yami/CODE/Tiburon Software Induction/install/interfaces/local/lib/python3.10/dist-packages/interfaces/__init__.py
[2.218s] -- Up-to-date: /home/yami/CODE/Tiburon Software Induction/install/interfaces/local/lib/python3.10/dist-packages/interfaces/_interfaces_s.ep.rosidl_typesupport_fastrtps_c.c
[2.218s] -- Up-to-date: /home/yami/CODE/Tiburon Software Induction/install/interfaces/local/lib/python3.10/dist-packages/interfaces/libinterfaces__rosidl_generator_py.so
[2.218s] -- Up-to-date: /home/yami/CODE/Tiburon Software Induction/install/interfaces/local/lib/python3.10/dist-packages/interfaces/srv
[2.218s] -- Up-to-date: /home/yami/CODE/Tiburon Software Induction/install/interfaces/local/lib/python3.10/dist-packages/interfaces/srv/_draw_shape.py
[2.218s] -- Up-to-date: /home/yami/CODE/Tiburon Software Induction/install/interfaces/local/lib/python3.10/dist-packages/interfaces/srv/__init__.py
[2.218s] -- Up-to-date: /home/yami/CODE/Tiburon Software Induction/install/interfaces/local/lib/python3.10/dist-packages/interfaces/srv/_draw_shape_s.c
[2.218s] -- Up-to-date: /home/yami/CODE/Tiburon Software Induction/install/interfaces/local/lib/python3.10/dist-packages/interfaces/interfaces_s__rosidl_typesupport_fastrtps_c.cpython-310-x86_64-linux-gnu.so
[2.219s] -- Up-to-date: /home/yami/CODE/Tiburon Software Induction/install/interfaces/local/lib/python3.10/dist-packages/interfaces/_interfaces_s.ep.rosidl_typesupport_c.c
[2.219s] -- Up-to-date: /home/yami/CODE/Tiburon Software Induction/install/interfaces/local/lib/python3.10/dist-packages/interfaces/interfaces_s__rosidl_typesupport_introspection_c.cpython-310-x86_64-linux-gnu.so
[2.219s] -- Up-to-date: /home/yami/CODE/Tiburon Software Induction/install/interfaces/local/lib/python3.10/dist-packages/interfaces/interfaces_s__rosidl_typesupport_c.cpython-310-x86_64-linux-gnu.so
[2.266s] Listing '/home/yami/CODE/Tiburon Software Induction/install/interfaces/local/lib/python3.10/dist-packages/interfaces'...
[2.266s] Listing '/home/yami/CODE/Tiburon Software Induction/install/interfaces/local/lib/python3.10/dist-packages/interfaces/srv'...
[2.272s] -- Up-to-date: /home/yami/CODE/Tiburon Software Induction/install/interfaces/local/lib/python3.10/dist-packages/interfaces/interfaces_s__rosidl_typesupport_fastrtps_c.cpython-310-x86_64-linux-gnu.so
[2.272s] -- Up-to-date: /home/yami/CODE/Tiburon Software Induction/install/interfaces/local/lib/python3.10/dist-packages/interfaces/interfaces_s__rosidl_typesupport_introspection_c.cpython-310-x86_64-linux-gnu.so
[2.273s] -- Up-to-date: /home/yami/CODE/Tiburon Software Induction/install/interfaces/local/lib/python3.10/dist-packages/interfaces/interfaces_s__rosidl_typesupport_c.cpython-310-x86_64-linux-gnu.so
[2.274s] -- Up-to-date: /home/yami/CODE/Tiburon Software Induction/install/interfaces/lib/libinterfaces__rosidl_generator_py.so
[2.274s] -- Up-to-date: /home/yami/CODE/Tiburon Software Induction/install/interfaces/share/interfaces/srv/DrawShape.idl
[2.275s] -- Up-to-date: /home/yami/CODE/Tiburon Software Induction/install/interfaces/share/interfaces/srv/DrawShape.srv
[2.275s] -- Up-to-date: /home/yami/CODE/Tiburon Software Induction/install/interfaces/share/interfaces/srv/DrawShape_Request.msg
[2.275s] -- Up-to-date: /home/yami/CODE/Tiburon Software Induction/install/interfaces/share/interfaces/srv/DrawShape_Response.msg
[2.275s] -- Up-to-date: /home/yami/CODE/Tiburon Software Induction/install/interfaces/share/ament_index/resource_index/package_run_dependencies/interfaces
[2.275s] -- Up-to-date: /home/yami/CODE/Tiburon Software Induction/install/interfaces/share/ament_index/resource_index/parent_prefix_path/interfaces
[2.276s] -- Up-to-date: /home/yami/CODE/Tiburon Software Induction/install/interfaces/share/interfaces/environment/ament_prefix_path.sh
[2.276s] -- Up-to-date: /home/yami/CODE/Tiburon Software Induction/install/interfaces/share/interfaces/environment/ament_prefix_path.dsv
[2.276s] -- Up-to-date: /home/yami/CODE/Tiburon Software Induction/install/interfaces/share/interfaces/environment/path.sh
[2.276s] -- Up-to-date: /home/yami/CODE/Tiburon Software Induction/install/interfaces/share/interfaces/environment/path.dsv
[2.276s] -- Up-to-date: /home/yami/CODE/Tiburon Software Induction/install/interfaces/share/interfaces/local_setup.bash
[2.276s] -- Up-to-date: /home/yami/CODE/Tiburon Software Induction/install/interfaces/share/interfaces/local_setup.sh
[2.276s] -- Up-to-date: /home/yami/CODE/Tiburon Software Induction/install/interfaces/share/interfaces/local_setup.zsh
[2.276s] -- Up-to-date: /home/yami/CODE/Tiburon Software Induction/install/interfaces/share/interfaces/local_setup.dsv
[2.276s] -- Installing: /home/yami/CODE/Tiburon Software Induction/install/interfaces/share/interfaces/package.dsv
[2.287s] -- Up-to-date: /home/yami/CODE/Tiburon Software Induction/install/interfaces/share/ament_index/resource_index/packages/interfaces
[2.292s] -- Up-to-date: /home/yami/CODE/Tiburon Software Induction/install/interfaces/share/interfaces/cmake/export_interfaces__rosidl_generator_cExport.cmake
[2.292s] -- Up-to-date: /home/yami/CODE/Tiburon Software Induction/install/interfaces/share/interfaces/cmake/export_interfaces__rosidl_generator_cExport-noconfig.cmake
[2.292s] -- Up-to-date: /home/yami/CODE/Tiburon Software Induction/install/interfaces/share/interfaces/cmake/export_interfaces__rosidl_typesupport_fastrtps_cExport.cmake
[2.292s] -- Up-to-date: /home/yami/CODE/Tiburon Software Induction/install/interfaces/share/interfaces/cmake/export_interfaces__rosidl_typesupport_fastrtps_cExport-noconfig.cmake
[2.292s] -- Up-to-date: /home/yami/CODE/Tiburon Software Induction/install/interfaces/share/interfaces/cmake/interfaces__rosidl_typesupport_introspection_cExport.cmake
[2.292s] -- Up-to-date: /home/yami/CODE/Tiburon Software Induction/install/interfaces/share/interfaces/cmake/interfaces__rosidl_typesupport_introspection_cExport-noconfig.cmake
[2.293s] -- Up-to-date: /home/yami/CODE/Tiburon Software Induction/install/interfaces/share/interfaces/cmake/interfaces__rosidl_typesupport_cExport.cmake
[2.293s] -- Up-to-date: /home/yami/CODE/Tiburon Software Induction/install/interfaces/share/interfaces/cmake/interfaces__rosidl_typesupport_cExport-noconfig.cmake
[2.293s] -- Up-to-date: /home/yami/CODE/Tiburon Software Induction/install/interfaces/share/interfaces/cmake/export_interfaces__rosidl_generator_cppExport.cmake
[2.293s] -- Up-to-date: /home/yami/CODE/Tiburon Software Induction/install/interfaces/share/interfaces/cmake/export_interfaces__rosidl_typesupport_fastrtps_cppExport.cmake
[2.293s] -- Up-to-date: /home/yami/CODE/Tiburon Software Induction/install/interfaces/share/interfaces/cmake/export_interfaces__rosidl_typesupport_fastrtps_cppExport-noconfig.cmake
[2.293s] -- Up-to-date: /home/yami/CODE/Tiburon Software Induction/install/interfaces/share/interfaces/cmake/interfaces__rosidl_typesupport_introspection_cppExport.cmake
[2.293s] -- Up-to-date: /home/yami/CODE/Tiburon Software Induction/install/interfaces/share/interfaces/cmake/interfaces__rosidl_typesupport_introspection_cppExport-noconfig.cmake
[2.294s] -- Up-to-date: /home/yami/CODE/Tiburon Software Induction/install/interfaces/share/interfaces/cmake/interfaces__rosidl_typesupport_cppExport.cmake
[2.294s] -- Up-to-date: /home/yami/CODE/Tiburon Software Induction/install/interfaces/share/interfaces/cmake/interfaces__rosidl_typesupport_cppExport-noconfig.cmake
[2.294s] -- Up-to-date: /home/yami/CODE/Tiburon Software Induction/install/interfaces/share/interfaces/cmake/export_interfaces__rosidl_generator_pyExport.cmake
[2.294s] -- Up-to-date: /home/yami/CODE/Tiburon Software Induction/install/interfaces/share/interfaces/cmake/export_interfaces__rosidl_generator_pyExport-noconfig.cmake
[2.295s] -- Up-to-date: /home/yami/CODE/Tiburon Software Induction/install/interfaces/share/interfaces/cmake/rosidl_cmake-extras.cmake
[2.295s] -- Up-to-date: /home/yami/CODE/Tiburon Software Induction/install/interfaces/share/interfaces/cmake/ament_cmake_export_include_directories-extras.cmake
[2.295s] -- Up-to-date: /home/yami/CODE/Tiburon Software Induction/install/interfaces/share/interfaces/cmake/ament_cmake_export_libraries-extras.cmake
[2.295s] -- Up-to-date: /home/yami/CODE/Tiburon Software Induction/install/interfaces/share/interfaces/cmake/ament_cmake_export_targets-extras.cmake
[2.295s] -- Up-to-date: /home/yami/CODE/Tiburon Software Induction/install/interfaces/share/interfaces/cmake/rosidl_cmake_export_typesupport_targets-extras.cmake
[2.295s] -- Up-to-date: /home/yami/CODE/Tiburon Software Induction/install/interfaces/share/interfaces/cmake/ament_cmake_export_dependencies-extras.cmake
[2.295s] -- Up-to-date: /home/yami/CODE/Tiburon Software Induction/install/interfaces/share/interfaces/cmake/rosidl_cmake_export_typesupport_libraries-extras.cmake
[2.295s] -- Up-to-date: /home/yami/CODE/Tiburon Software Induction/install/interfaces/share/interfaces/cmake/interfacesConfig.cmake
[2.295s] -- Up-to-date: /home/yami/CODE/Tiburon Software Induction/install/interfaces/share/interfaces/cmake/interfacesConfig-version.cmake
[2.295s] -- Up-to-date: /home/yami/CODE/Tiburon Software Induction/install/interfaces/share/interfaces/package.xml
[2.298s] Invoked command in '/home/yami/CODE/Tiburon Software Induction/build/interfaces' returned '0': CMAKE_PREFIX_PATH=/opt/ros/humble /usr/bin/cmake --install /home/yami/CODE/Tiburon Software Induction/build/interfaces
