[1.698s] Invoking command in '/home/yami/CODE/Tiburon Software Induction/turtle_controller': AMENT_PREFIX_PATH=/home/yami/CODE/Tiburon Software Induction/install/turtle_interfaces:${AMENT_PREFIX_PATH} CMAKE_PREFIX_PATH=/home/yami/CODE/Tiburon Software Induction/install/turtle_interfaces LD_LIBRARY_PATH=/home/yami/CODE/Tiburon Software Induction/install/turtle_interfaces/lib:${LD_LIBRARY_PATH} PYTHONPATH=/home/yami/CODE/Tiburon Software Induction/build/turtle_controller/prefix_override:/usr/lib/python3/dist-packages/colcon_core/task/python/colcon_distutils_commands:/home/yami/CODE/Tiburon Software Induction/install/turtle_controller/lib/python3.10/site-packages:/home/yami/CODE/Tiburon Software Induction/install/turtle_interfaces/local/lib/python3.10/dist-packages:${PYTHONPATH} /usr/bin/python3 -W ignore:setup.py install is deprecated -W ignore:easy_install command is deprecated setup.py egg_info --egg-base ../build/turtle_controller build --build-base /home/yami/CODE/Tiburon Software Induction/build/turtle_controller/build install --record /home/yami/CODE/Tiburon Software Induction/build/turtle_controller/install.log --single-version-externally-managed install_data
[1.940s] running egg_info
[1.940s] writing ../build/turtle_controller/turtle_controller.egg-info/PKG-INFO
[1.941s] writing dependency_links to ../build/turtle_controller/turtle_controller.egg-info/dependency_links.txt
[1.941s] writing entry points to ../build/turtle_controller/turtle_controller.egg-info/entry_points.txt
[1.941s] writing requirements to ../build/turtle_controller/turtle_controller.egg-info/requires.txt
[1.942s] writing top-level names to ../build/turtle_controller/turtle_controller.egg-info/top_level.txt
[1.946s] reading manifest file '../build/turtle_controller/turtle_controller.egg-info/SOURCES.txt'
[1.947s] writing manifest file '../build/turtle_controller/turtle_controller.egg-info/SOURCES.txt'
[1.948s] running build
[1.948s] running build_py
[1.949s] running install
[1.949s] running install_lib
[1.951s] running install_data
[1.951s] running install_egg_info
[1.953s] removing '/home/yami/CODE/Tiburon Software Induction/install/turtle_controller/lib/python3.10/site-packages/turtle_controller-0.0.0-py3.10.egg-info' (and everything under it)
[1.954s] Copying ../build/turtle_controller/turtle_controller.egg-info to /home/yami/CODE/Tiburon Software Induction/install/turtle_controller/lib/python3.10/site-packages/turtle_controller-0.0.0-py3.10.egg-info
[1.955s] running install_scripts
[1.977s] Installing draw_shape_service script to /home/yami/CODE/Tiburon Software Induction/install/turtle_controller/lib/turtle_controller
[1.977s] Installing move_turtle script to /home/yami/CODE/Tiburon Software Induction/install/turtle_controller/lib/turtle_controller
[1.977s] Installing spiral_turtle script to /home/yami/CODE/Tiburon Software Induction/install/turtle_controller/lib/turtle_controller
[1.977s] Installing spiral_turtle_parameters script to /home/yami/CODE/Tiburon Software Induction/install/turtle_controller/lib/turtle_controller
[1.978s] writing list of installed files to '/home/yami/CODE/Tiburon Software Induction/build/turtle_controller/install.log'
[2.006s] Invoked command in '/home/yami/CODE/Tiburon Software Induction/turtle_controller' returned '0': AMENT_PREFIX_PATH=/home/yami/CODE/Tiburon Software Induction/install/turtle_interfaces:${AMENT_PREFIX_PATH} CMAKE_PREFIX_PATH=/home/yami/CODE/Tiburon Software Induction/install/turtle_interfaces LD_LIBRARY_PATH=/home/yami/CODE/Tiburon Software Induction/install/turtle_interfaces/lib:${LD_LIBRARY_PATH} PYTHONPATH=/home/yami/CODE/Tiburon Software Induction/build/turtle_controller/prefix_override:/usr/lib/python3/dist-packages/colcon_core/task/python/colcon_distutils_commands:/home/yami/CODE/Tiburon Software Induction/install/turtle_controller/lib/python3.10/site-packages:/home/yami/CODE/Tiburon Software Induction/install/turtle_interfaces/local/lib/python3.10/dist-packages:${PYTHONPATH} /usr/bin/python3 -W ignore:setup.py install is deprecated -W ignore:easy_install command is deprecated setup.py egg_info --egg-base ../build/turtle_controller build --build-base /home/yami/CODE/Tiburon Software Induction/build/turtle_controller/build install --record /home/yami/CODE/Tiburon Software Induction/build/turtle_controller/install.log --single-version-externally-managed install_data
