-- The C compiler identification is GNU 11.4.0
-- The CXX compiler identification is GNU 11.4.0
-- Detecting C compiler ABI info
-- Detecting C compiler ABI info - done
-- Check for working C compiler: /usr/bin/cc - skipped
-- Detecting C compile features
-- Detecting C compile features - done
-- Detecting CXX compiler ABI info
-- Detecting CXX compiler ABI info - done
-- Check for working CXX compiler: /usr/bin/c++ - skipped
-- Detecting CXX compile features
-- Detecting CXX compile features - done
-- Found rosidl_default_generators: 1.2.0 (/opt/ros/humble/share/rosidl_default_generators/cmake)
-- Found ament_cmake_core: 1.3.12 (/opt/ros/humble/share/ament_cmake_core/cmake)
-- Found Python3: /usr/bin/python3 (found version "3.10.12") found components: Interpreter 
-- Using all available rosidl_typesupport_c: rosidl_typesupport_fastrtps_c;rosidl_typesupport_introspection_c
-- Found rosidl_adapter: 3.1.7 (/opt/ros/humble/share/rosidl_adapter/cmake)
-- Using all available rosidl_typesupport_cpp: rosidl_typesupport_fastrtps_cpp;rosidl_typesupport_introspection_cpp
-- Found geometry_msgs: 4.9.0 (/opt/ros/humble/share/geometry_msgs/cmake)
-- Found ament_cmake_ros: 0.10.0 (/opt/ros/humble/share/ament_cmake_ros/cmake)
-- Using all available rosidl_typesupport_c: rosidl_typesupport_fastrtps_c;rosidl_typesupport_introspection_c
-- Using all available rosidl_typesupport_cpp: rosidl_typesupport_fastrtps_cpp;rosidl_typesupport_introspection_cpp
-- Found PythonInterp: /usr/bin/python3 (found suitable version "3.10.12", minimum required is "3.6") 
-- Found python_cmake_module: 0.10.0 (/opt/ros/humble/share/python_cmake_module/cmake)
-- Found PythonLibs: /usr/lib/x86_64-linux-gnu/libpython3.10.so (found suitable version "3.10.12", minimum required is "3.5") 
-- Using PYTHON_EXECUTABLE: /usr/bin/python3
-- Using PYTHON_INCLUDE_DIRS: /usr/include/python3.10
-- Using PYTHON_LIBRARIES: /usr/lib/x86_64-linux-gnu/libpython3.10.so
-- Found PythonExtra: .so  
-- Configuring done
-- Generating done
-- Build files have been written to: /home/yami/CODE/Tiburon Software Induction/build/turtle_interfaces
[  3%] [34m[1mGenerating C code for ROS interfaces[0m
[  6%] [34m[1mGenerating C++ code for ROS interfaces[0m
[  6%] Built target ament_cmake_python_copy_turtle_interfaces
running egg_info
creating turtle_interfaces.egg-info
writing turtle_interfaces.egg-info/PKG-INFO
writing dependency_links to turtle_interfaces.egg-info/dependency_links.txt
writing top-level names to turtle_interfaces.egg-info/top_level.txt
writing manifest file 'turtle_interfaces.egg-info/SOURCES.txt'
reading manifest file 'turtle_interfaces.egg-info/SOURCES.txt'
writing manifest file 'turtle_interfaces.egg-info/SOURCES.txt'
[  6%] Built target ament_cmake_python_build_turtle_interfaces_egg
[  9%] [32mBuilding C object CMakeFiles/turtle_interfaces__rosidl_generator_c.dir/rosidl_generator_c/turtle_interfaces/srv/detail/draw_shape__functions.c.o[0m
[  9%] Built target turtle_interfaces__cpp
[ 16%] [34m[1mGenerating C++ introspection for ROS interfaces[0m
[ 16%] [34m[1mGenerating C++ type support for eProsima Fast-RTPS[0m
[ 19%] [34m[1mGenerating C++ type support dispatch for ROS interfaces[0m
[ 22%] [32m[1mLinking C shared library libturtle_interfaces__rosidl_generator_c.so[0m
[ 22%] Built target turtle_interfaces__rosidl_generator_c
[ 25%] [34m[1mGenerating C type support dispatch for ROS interfaces[0m
[ 29%] [34m[1mGenerating C type support for eProsima Fast-RTPS[0m
[ 32%] [34m[1mGenerating C introspection for ROS interfaces[0m
[ 35%] [32mBuilding CXX object CMakeFiles/turtle_interfaces__rosidl_typesupport_cpp.dir/rosidl_typesupport_cpp/turtle_interfaces/srv/draw_shape__type_support.cpp.o[0m
[ 38%] [32mBuilding CXX object CMakeFiles/turtle_interfaces__rosidl_typesupport_c.dir/rosidl_typesupport_c/turtle_interfaces/srv/draw_shape__type_support.cpp.o[0m
[ 41%] [32mBuilding CXX object CMakeFiles/turtle_interfaces__rosidl_typesupport_introspection_cpp.dir/rosidl_typesupport_introspection_cpp/turtle_interfaces/srv/detail/draw_shape__type_support.cpp.o[0m
[ 45%] [32m[1mLinking CXX shared library libturtle_interfaces__rosidl_typesupport_c.so[0m
[ 48%] [32mBuilding CXX object CMakeFiles/turtle_interfaces__rosidl_typesupport_fastrtps_c.dir/rosidl_typesupport_fastrtps_c/turtle_interfaces/srv/detail/draw_shape__type_support_c.cpp.o[0m
[ 51%] [32mBuilding C object CMakeFiles/turtle_interfaces__rosidl_typesupport_introspection_c.dir/rosidl_typesupport_introspection_c/turtle_interfaces/srv/detail/draw_shape__type_support.c.o[0m
[ 51%] Built target turtle_interfaces__rosidl_typesupport_c
[ 54%] [32mBuilding CXX object CMakeFiles/turtle_interfaces__rosidl_typesupport_fastrtps_cpp.dir/rosidl_typesupport_fastrtps_cpp/turtle_interfaces/srv/detail/dds_fastrtps/draw_shape__type_support.cpp.o[0m
[ 58%] [32m[1mLinking C shared library libturtle_interfaces__rosidl_typesupport_introspection_c.so[0m
[ 58%] Built target turtle_interfaces__rosidl_typesupport_introspection_c
[ 61%] [32m[1mLinking CXX shared library libturtle_interfaces__rosidl_typesupport_cpp.so[0m
[ 61%] Built target turtle_interfaces__rosidl_typesupport_cpp
[ 64%] [32m[1mLinking CXX shared library libturtle_interfaces__rosidl_typesupport_introspection_cpp.so[0m
[ 67%] [32m[1mLinking CXX shared library libturtle_interfaces__rosidl_typesupport_fastrtps_c.so[0m
[ 70%] [32m[1mLinking CXX shared library libturtle_interfaces__rosidl_typesupport_fastrtps_cpp.so[0m
[ 70%] Built target turtle_interfaces__rosidl_typesupport_introspection_cpp
[ 70%] Built target turtle_interfaces__rosidl_typesupport_fastrtps_c
[ 70%] Built target turtle_interfaces__rosidl_typesupport_fastrtps_cpp
[ 70%] Built target turtle_interfaces
[ 74%] [34m[1mGenerating Python code for ROS interfaces[0m
[ 74%] Built target turtle_interfaces__py
[ 77%] [32mBuilding C object CMakeFiles/turtle_interfaces__rosidl_generator_py.dir/rosidl_generator_py/turtle_interfaces/srv/_draw_shape_s.c.o[0m
[ 80%] [32m[1mLinking C shared library rosidl_generator_py/turtle_interfaces/libturtle_interfaces__rosidl_generator_py.so[0m
[ 80%] Built target turtle_interfaces__rosidl_generator_py
[ 90%] [32mBuilding C object CMakeFiles/turtle_interfaces__rosidl_typesupport_fastrtps_c__pyext.dir/rosidl_generator_py/turtle_interfaces/_turtle_interfaces_s.ep.rosidl_typesupport_fastrtps_c.c.o[0m
[ 90%] [32mBuilding C object CMakeFiles/turtle_interfaces__rosidl_typesupport_introspection_c__pyext.dir/rosidl_generator_py/turtle_interfaces/_turtle_interfaces_s.ep.rosidl_typesupport_introspection_c.c.o[0m
[ 90%] [32mBuilding C object CMakeFiles/turtle_interfaces__rosidl_typesupport_c__pyext.dir/rosidl_generator_py/turtle_interfaces/_turtle_interfaces_s.ep.rosidl_typesupport_c.c.o[0m
[100%] [32m[1mLinking C shared library rosidl_generator_py/turtle_interfaces/turtle_interfaces_s__rosidl_typesupport_fastrtps_c.cpython-310-x86_64-linux-gnu.so[0m
[100%] [32m[1mLinking C shared library rosidl_generator_py/turtle_interfaces/turtle_interfaces_s__rosidl_typesupport_c.cpython-310-x86_64-linux-gnu.so[0m
[100%] [32m[1mLinking C shared library rosidl_generator_py/turtle_interfaces/turtle_interfaces_s__rosidl_typesupport_introspection_c.cpython-310-x86_64-linux-gnu.so[0m
[100%] Built target turtle_interfaces__rosidl_typesupport_introspection_c__pyext
[100%] Built target turtle_interfaces__rosidl_typesupport_c__pyext
[100%] Built target turtle_interfaces__rosidl_typesupport_fastrtps_c__pyext
-- Install configuration: ""
-- Installing: /home/yami/CODE/Tiburon Software Induction/install/turtle_interfaces/share/ament_index/resource_index/rosidl_interfaces/turtle_interfaces
-- Installing: /home/yami/CODE/Tiburon Software Induction/install/turtle_interfaces/include/turtle_interfaces/turtle_interfaces
-- Installing: /home/yami/CODE/Tiburon Software Induction/install/turtle_interfaces/include/turtle_interfaces/turtle_interfaces/msg
-- Installing: /home/yami/CODE/Tiburon Software Induction/install/turtle_interfaces/include/turtle_interfaces/turtle_interfaces/msg/rosidl_generator_c__visibility_control.h
-- Installing: /home/yami/CODE/Tiburon Software Induction/install/turtle_interfaces/include/turtle_interfaces/turtle_interfaces/srv
-- Installing: /home/yami/CODE/Tiburon Software Induction/install/turtle_interfaces/include/turtle_interfaces/turtle_interfaces/srv/draw_shape.h
-- Installing: /home/yami/CODE/Tiburon Software Induction/install/turtle_interfaces/include/turtle_interfaces/turtle_interfaces/srv/detail
-- Installing: /home/yami/CODE/Tiburon Software Induction/install/turtle_interfaces/include/turtle_interfaces/turtle_interfaces/srv/detail/draw_shape__functions.h
-- Installing: /home/yami/CODE/Tiburon Software Induction/install/turtle_interfaces/include/turtle_interfaces/turtle_interfaces/srv/detail/draw_shape__functions.c
-- Installing: /home/yami/CODE/Tiburon Software Induction/install/turtle_interfaces/include/turtle_interfaces/turtle_interfaces/srv/detail/draw_shape__struct.h
-- Installing: /home/yami/CODE/Tiburon Software Induction/install/turtle_interfaces/include/turtle_interfaces/turtle_interfaces/srv/detail/draw_shape__type_support.h
-- Installing: /home/yami/CODE/Tiburon Software Induction/install/turtle_interfaces/share/turtle_interfaces/environment/library_path.sh
-- Installing: /home/yami/CODE/Tiburon Software Induction/install/turtle_interfaces/share/turtle_interfaces/environment/library_path.dsv
-- Installing: /home/yami/CODE/Tiburon Software Induction/install/turtle_interfaces/lib/libturtle_interfaces__rosidl_generator_c.so
-- Set runtime path of "/home/yami/CODE/Tiburon Software Induction/install/turtle_interfaces/lib/libturtle_interfaces__rosidl_generator_c.so" to ""
-- Up-to-date: /home/yami/CODE/Tiburon Software Induction/install/turtle_interfaces/include/turtle_interfaces/turtle_interfaces
-- Up-to-date: /home/yami/CODE/Tiburon Software Induction/install/turtle_interfaces/include/turtle_interfaces/turtle_interfaces/msg
-- Installing: /home/yami/CODE/Tiburon Software Induction/install/turtle_interfaces/include/turtle_interfaces/turtle_interfaces/msg/rosidl_typesupport_fastrtps_c__visibility_control.h
-- Up-to-date: /home/yami/CODE/Tiburon Software Induction/install/turtle_interfaces/include/turtle_interfaces/turtle_interfaces/srv
-- Up-to-date: /home/yami/CODE/Tiburon Software Induction/install/turtle_interfaces/include/turtle_interfaces/turtle_interfaces/srv/detail
-- Installing: /home/yami/CODE/Tiburon Software Induction/install/turtle_interfaces/include/turtle_interfaces/turtle_interfaces/srv/detail/draw_shape__rosidl_typesupport_fastrtps_c.h
-- Installing: /home/yami/CODE/Tiburon Software Induction/install/turtle_interfaces/lib/libturtle_interfaces__rosidl_typesupport_fastrtps_c.so
-- Set runtime path of "/home/yami/CODE/Tiburon Software Induction/install/turtle_interfaces/lib/libturtle_interfaces__rosidl_typesupport_fastrtps_c.so" to ""
-- Up-to-date: /home/yami/CODE/Tiburon Software Induction/install/turtle_interfaces/include/turtle_interfaces/turtle_interfaces
-- Up-to-date: /home/yami/CODE/Tiburon Software Induction/install/turtle_interfaces/include/turtle_interfaces/turtle_interfaces/msg
-- Installing: /home/yami/CODE/Tiburon Software Induction/install/turtle_interfaces/include/turtle_interfaces/turtle_interfaces/msg/rosidl_typesupport_introspection_c__visibility_control.h
-- Up-to-date: /home/yami/CODE/Tiburon Software Induction/install/turtle_interfaces/include/turtle_interfaces/turtle_interfaces/srv
-- Up-to-date: /home/yami/CODE/Tiburon Software Induction/install/turtle_interfaces/include/turtle_interfaces/turtle_interfaces/srv/detail
-- Installing: /home/yami/CODE/Tiburon Software Induction/install/turtle_interfaces/include/turtle_interfaces/turtle_interfaces/srv/detail/draw_shape__rosidl_typesupport_introspection_c.h
-- Installing: /home/yami/CODE/Tiburon Software Induction/install/turtle_interfaces/include/turtle_interfaces/turtle_interfaces/srv/detail/draw_shape__type_support.c
-- Installing: /home/yami/CODE/Tiburon Software Induction/install/turtle_interfaces/lib/libturtle_interfaces__rosidl_typesupport_introspection_c.so
-- Set runtime path of "/home/yami/CODE/Tiburon Software Induction/install/turtle_interfaces/lib/libturtle_interfaces__rosidl_typesupport_introspection_c.so" to ""
-- Installing: /home/yami/CODE/Tiburon Software Induction/install/turtle_interfaces/lib/libturtle_interfaces__rosidl_typesupport_c.so
-- Set runtime path of "/home/yami/CODE/Tiburon Software Induction/install/turtle_interfaces/lib/libturtle_interfaces__rosidl_typesupport_c.so" to ""
-- Up-to-date: /home/yami/CODE/Tiburon Software Induction/install/turtle_interfaces/include/turtle_interfaces/turtle_interfaces
-- Up-to-date: /home/yami/CODE/Tiburon Software Induction/install/turtle_interfaces/include/turtle_interfaces/turtle_interfaces/msg
-- Installing: /home/yami/CODE/Tiburon Software Induction/install/turtle_interfaces/include/turtle_interfaces/turtle_interfaces/msg/rosidl_generator_cpp__visibility_control.hpp
-- Up-to-date: /home/yami/CODE/Tiburon Software Induction/install/turtle_interfaces/include/turtle_interfaces/turtle_interfaces/srv
-- Up-to-date: /home/yami/CODE/Tiburon Software Induction/install/turtle_interfaces/include/turtle_interfaces/turtle_interfaces/srv/detail
-- Installing: /home/yami/CODE/Tiburon Software Induction/install/turtle_interfaces/include/turtle_interfaces/turtle_interfaces/srv/detail/draw_shape__traits.hpp
-- Installing: /home/yami/CODE/Tiburon Software Induction/install/turtle_interfaces/include/turtle_interfaces/turtle_interfaces/srv/detail/draw_shape__builder.hpp
-- Installing: /home/yami/CODE/Tiburon Software Induction/install/turtle_interfaces/include/turtle_interfaces/turtle_interfaces/srv/detail/draw_shape__struct.hpp
-- Installing: /home/yami/CODE/Tiburon Software Induction/install/turtle_interfaces/include/turtle_interfaces/turtle_interfaces/srv/detail/draw_shape__type_support.hpp
-- Installing: /home/yami/CODE/Tiburon Software Induction/install/turtle_interfaces/include/turtle_interfaces/turtle_interfaces/srv/draw_shape.hpp
-- Up-to-date: /home/yami/CODE/Tiburon Software Induction/install/turtle_interfaces/include/turtle_interfaces/turtle_interfaces
-- Up-to-date: /home/yami/CODE/Tiburon Software Induction/install/turtle_interfaces/include/turtle_interfaces/turtle_interfaces/msg
-- Installing: /home/yami/CODE/Tiburon Software Induction/install/turtle_interfaces/include/turtle_interfaces/turtle_interfaces/msg/rosidl_typesupport_fastrtps_cpp__visibility_control.h
-- Up-to-date: /home/yami/CODE/Tiburon Software Induction/install/turtle_interfaces/include/turtle_interfaces/turtle_interfaces/srv
-- Up-to-date: /home/yami/CODE/Tiburon Software Induction/install/turtle_interfaces/include/turtle_interfaces/turtle_interfaces/srv/detail
-- Installing: /home/yami/CODE/Tiburon Software Induction/install/turtle_interfaces/include/turtle_interfaces/turtle_interfaces/srv/detail/dds_fastrtps
-- Installing: /home/yami/CODE/Tiburon Software Induction/install/turtle_interfaces/include/turtle_interfaces/turtle_interfaces/srv/detail/draw_shape__rosidl_typesupport_fastrtps_cpp.hpp
-- Installing: /home/yami/CODE/Tiburon Software Induction/install/turtle_interfaces/lib/libturtle_interfaces__rosidl_typesupport_fastrtps_cpp.so
-- Set runtime path of "/home/yami/CODE/Tiburon Software Induction/install/turtle_interfaces/lib/libturtle_interfaces__rosidl_typesupport_fastrtps_cpp.so" to ""
-- Up-to-date: /home/yami/CODE/Tiburon Software Induction/install/turtle_interfaces/include/turtle_interfaces/turtle_interfaces
-- Up-to-date: /home/yami/CODE/Tiburon Software Induction/install/turtle_interfaces/include/turtle_interfaces/turtle_interfaces/srv
-- Up-to-date: /home/yami/CODE/Tiburon Software Induction/install/turtle_interfaces/include/turtle_interfaces/turtle_interfaces/srv/detail
-- Installing: /home/yami/CODE/Tiburon Software Induction/install/turtle_interfaces/include/turtle_interfaces/turtle_interfaces/srv/detail/draw_shape__type_support.cpp
-- Installing: /home/yami/CODE/Tiburon Software Induction/install/turtle_interfaces/include/turtle_interfaces/turtle_interfaces/srv/detail/draw_shape__rosidl_typesupport_introspection_cpp.hpp
-- Installing: /home/yami/CODE/Tiburon Software Induction/install/turtle_interfaces/lib/libturtle_interfaces__rosidl_typesupport_introspection_cpp.so
-- Set runtime path of "/home/yami/CODE/Tiburon Software Induction/install/turtle_interfaces/lib/libturtle_interfaces__rosidl_typesupport_introspection_cpp.so" to ""
-- Installing: /home/yami/CODE/Tiburon Software Induction/install/turtle_interfaces/lib/libturtle_interfaces__rosidl_typesupport_cpp.so
-- Set runtime path of "/home/yami/CODE/Tiburon Software Induction/install/turtle_interfaces/lib/libturtle_interfaces__rosidl_typesupport_cpp.so" to ""
-- Installing: /home/yami/CODE/Tiburon Software Induction/install/turtle_interfaces/share/turtle_interfaces/environment/pythonpath.sh
-- Installing: /home/yami/CODE/Tiburon Software Induction/install/turtle_interfaces/share/turtle_interfaces/environment/pythonpath.dsv
-- Installing: /home/yami/CODE/Tiburon Software Induction/install/turtle_interfaces/local/lib/python3.10/dist-packages/turtle_interfaces-0.0.0-py3.10.egg-info
-- Installing: /home/yami/CODE/Tiburon Software Induction/install/turtle_interfaces/local/lib/python3.10/dist-packages/turtle_interfaces-0.0.0-py3.10.egg-info/dependency_links.txt
-- Installing: /home/yami/CODE/Tiburon Software Induction/install/turtle_interfaces/local/lib/python3.10/dist-packages/turtle_interfaces-0.0.0-py3.10.egg-info/top_level.txt
-- Installing: /home/yami/CODE/Tiburon Software Induction/install/turtle_interfaces/local/lib/python3.10/dist-packages/turtle_interfaces-0.0.0-py3.10.egg-info/SOURCES.txt
-- Installing: /home/yami/CODE/Tiburon Software Induction/install/turtle_interfaces/local/lib/python3.10/dist-packages/turtle_interfaces-0.0.0-py3.10.egg-info/PKG-INFO
-- Installing: /home/yami/CODE/Tiburon Software Induction/install/turtle_interfaces/local/lib/python3.10/dist-packages/turtle_interfaces
-- Installing: /home/yami/CODE/Tiburon Software Induction/install/turtle_interfaces/local/lib/python3.10/dist-packages/turtle_interfaces/_turtle_interfaces_s.ep.rosidl_typesupport_fastrtps_c.c
-- Installing: /home/yami/CODE/Tiburon Software Induction/install/turtle_interfaces/local/lib/python3.10/dist-packages/turtle_interfaces/__init__.py
-- Installing: /home/yami/CODE/Tiburon Software Induction/install/turtle_interfaces/local/lib/python3.10/dist-packages/turtle_interfaces/srv
-- Installing: /home/yami/CODE/Tiburon Software Induction/install/turtle_interfaces/local/lib/python3.10/dist-packages/turtle_interfaces/srv/_draw_shape.py
-- Installing: /home/yami/CODE/Tiburon Software Induction/install/turtle_interfaces/local/lib/python3.10/dist-packages/turtle_interfaces/srv/__init__.py
-- Installing: /home/yami/CODE/Tiburon Software Induction/install/turtle_interfaces/local/lib/python3.10/dist-packages/turtle_interfaces/srv/_draw_shape_s.c
-- Installing: /home/yami/CODE/Tiburon Software Induction/install/turtle_interfaces/local/lib/python3.10/dist-packages/turtle_interfaces/_turtle_interfaces_s.ep.rosidl_typesupport_c.c
-- Installing: /home/yami/CODE/Tiburon Software Induction/install/turtle_interfaces/local/lib/python3.10/dist-packages/turtle_interfaces/_turtle_interfaces_s.ep.rosidl_typesupport_introspection_c.c
-- Installing: /home/yami/CODE/Tiburon Software Induction/install/turtle_interfaces/local/lib/python3.10/dist-packages/turtle_interfaces/turtle_interfaces_s__rosidl_typesupport_introspection_c.cpython-310-x86_64-linux-gnu.so
-- Installing: /home/yami/CODE/Tiburon Software Induction/install/turtle_interfaces/local/lib/python3.10/dist-packages/turtle_interfaces/libturtle_interfaces__rosidl_generator_py.so
-- Installing: /home/yami/CODE/Tiburon Software Induction/install/turtle_interfaces/local/lib/python3.10/dist-packages/turtle_interfaces/turtle_interfaces_s__rosidl_typesupport_c.cpython-310-x86_64-linux-gnu.so
-- Installing: /home/yami/CODE/Tiburon Software Induction/install/turtle_interfaces/local/lib/python3.10/dist-packages/turtle_interfaces/turtle_interfaces_s__rosidl_typesupport_fastrtps_c.cpython-310-x86_64-linux-gnu.so
Listing '/home/yami/CODE/Tiburon Software Induction/install/turtle_interfaces/local/lib/python3.10/dist-packages/turtle_interfaces'...
Compiling '/home/yami/CODE/Tiburon Software Induction/install/turtle_interfaces/local/lib/python3.10/dist-packages/turtle_interfaces/__init__.py'...
Listing '/home/yami/CODE/Tiburon Software Induction/install/turtle_interfaces/local/lib/python3.10/dist-packages/turtle_interfaces/srv'...
Compiling '/home/yami/CODE/Tiburon Software Induction/install/turtle_interfaces/local/lib/python3.10/dist-packages/turtle_interfaces/srv/__init__.py'...
Compiling '/home/yami/CODE/Tiburon Software Induction/install/turtle_interfaces/local/lib/python3.10/dist-packages/turtle_interfaces/srv/_draw_shape.py'...
-- Installing: /home/yami/CODE/Tiburon Software Induction/install/turtle_interfaces/local/lib/python3.10/dist-packages/turtle_interfaces/turtle_interfaces_s__rosidl_typesupport_fastrtps_c.cpython-310-x86_64-linux-gnu.so
-- Set runtime path of "/home/yami/CODE/Tiburon Software Induction/install/turtle_interfaces/local/lib/python3.10/dist-packages/turtle_interfaces/turtle_interfaces_s__rosidl_typesupport_fastrtps_c.cpython-310-x86_64-linux-gnu.so" to ""
-- Installing: /home/yami/CODE/Tiburon Software Induction/install/turtle_interfaces/local/lib/python3.10/dist-packages/turtle_interfaces/turtle_interfaces_s__rosidl_typesupport_introspection_c.cpython-310-x86_64-linux-gnu.so
-- Set runtime path of "/home/yami/CODE/Tiburon Software Induction/install/turtle_interfaces/local/lib/python3.10/dist-packages/turtle_interfaces/turtle_interfaces_s__rosidl_typesupport_introspection_c.cpython-310-x86_64-linux-gnu.so" to ""
-- Installing: /home/yami/CODE/Tiburon Software Induction/install/turtle_interfaces/local/lib/python3.10/dist-packages/turtle_interfaces/turtle_interfaces_s__rosidl_typesupport_c.cpython-310-x86_64-linux-gnu.so
-- Set runtime path of "/home/yami/CODE/Tiburon Software Induction/install/turtle_interfaces/local/lib/python3.10/dist-packages/turtle_interfaces/turtle_interfaces_s__rosidl_typesupport_c.cpython-310-x86_64-linux-gnu.so" to ""
-- Installing: /home/yami/CODE/Tiburon Software Induction/install/turtle_interfaces/lib/libturtle_interfaces__rosidl_generator_py.so
-- Set runtime path of "/home/yami/CODE/Tiburon Software Induction/install/turtle_interfaces/lib/libturtle_interfaces__rosidl_generator_py.so" to ""
-- Installing: /home/yami/CODE/Tiburon Software Induction/install/turtle_interfaces/share/turtle_interfaces/srv/DrawShape.idl
-- Installing: /home/yami/CODE/Tiburon Software Induction/install/turtle_interfaces/share/turtle_interfaces/srv/DrawShape.srv
-- Installing: /home/yami/CODE/Tiburon Software Induction/install/turtle_interfaces/share/turtle_interfaces/srv/DrawShape_Request.msg
-- Installing: /home/yami/CODE/Tiburon Software Induction/install/turtle_interfaces/share/turtle_interfaces/srv/DrawShape_Response.msg
-- Installing: /home/yami/CODE/Tiburon Software Induction/install/turtle_interfaces/share/ament_index/resource_index/package_run_dependencies/turtle_interfaces
-- Installing: /home/yami/CODE/Tiburon Software Induction/install/turtle_interfaces/share/ament_index/resource_index/parent_prefix_path/turtle_interfaces
-- Installing: /home/yami/CODE/Tiburon Software Induction/install/turtle_interfaces/share/turtle_interfaces/environment/ament_prefix_path.sh
-- Installing: /home/yami/CODE/Tiburon Software Induction/install/turtle_interfaces/share/turtle_interfaces/environment/ament_prefix_path.dsv
-- Installing: /home/yami/CODE/Tiburon Software Induction/install/turtle_interfaces/share/turtle_interfaces/environment/path.sh
-- Installing: /home/yami/CODE/Tiburon Software Induction/install/turtle_interfaces/share/turtle_interfaces/environment/path.dsv
-- Installing: /home/yami/CODE/Tiburon Software Induction/install/turtle_interfaces/share/turtle_interfaces/local_setup.bash
-- Installing: /home/yami/CODE/Tiburon Software Induction/install/turtle_interfaces/share/turtle_interfaces/local_setup.sh
-- Installing: /home/yami/CODE/Tiburon Software Induction/install/turtle_interfaces/share/turtle_interfaces/local_setup.zsh
-- Installing: /home/yami/CODE/Tiburon Software Induction/install/turtle_interfaces/share/turtle_interfaces/local_setup.dsv
-- Installing: /home/yami/CODE/Tiburon Software Induction/install/turtle_interfaces/share/turtle_interfaces/package.dsv
-- Installing: /home/yami/CODE/Tiburon Software Induction/install/turtle_interfaces/share/ament_index/resource_index/packages/turtle_interfaces
-- Installing: /home/yami/CODE/Tiburon Software Induction/install/turtle_interfaces/share/turtle_interfaces/cmake/export_turtle_interfaces__rosidl_generator_cExport.cmake
-- Installing: /home/yami/CODE/Tiburon Software Induction/install/turtle_interfaces/share/turtle_interfaces/cmake/export_turtle_interfaces__rosidl_generator_cExport-noconfig.cmake
-- Installing: /home/yami/CODE/Tiburon Software Induction/install/turtle_interfaces/share/turtle_interfaces/cmake/export_turtle_interfaces__rosidl_typesupport_fastrtps_cExport.cmake
-- Installing: /home/yami/CODE/Tiburon Software Induction/install/turtle_interfaces/share/turtle_interfaces/cmake/export_turtle_interfaces__rosidl_typesupport_fastrtps_cExport-noconfig.cmake
-- Installing: /home/yami/CODE/Tiburon Software Induction/install/turtle_interfaces/share/turtle_interfaces/cmake/turtle_interfaces__rosidl_typesupport_introspection_cExport.cmake
-- Installing: /home/yami/CODE/Tiburon Software Induction/install/turtle_interfaces/share/turtle_interfaces/cmake/turtle_interfaces__rosidl_typesupport_introspection_cExport-noconfig.cmake
-- Installing: /home/yami/CODE/Tiburon Software Induction/install/turtle_interfaces/share/turtle_interfaces/cmake/turtle_interfaces__rosidl_typesupport_cExport.cmake
-- Installing: /home/yami/CODE/Tiburon Software Induction/install/turtle_interfaces/share/turtle_interfaces/cmake/turtle_interfaces__rosidl_typesupport_cExport-noconfig.cmake
-- Installing: /home/yami/CODE/Tiburon Software Induction/install/turtle_interfaces/share/turtle_interfaces/cmake/export_turtle_interfaces__rosidl_generator_cppExport.cmake
-- Installing: /home/yami/CODE/Tiburon Software Induction/install/turtle_interfaces/share/turtle_interfaces/cmake/export_turtle_interfaces__rosidl_typesupport_fastrtps_cppExport.cmake
-- Installing: /home/yami/CODE/Tiburon Software Induction/install/turtle_interfaces/share/turtle_interfaces/cmake/export_turtle_interfaces__rosidl_typesupport_fastrtps_cppExport-noconfig.cmake
-- Installing: /home/yami/CODE/Tiburon Software Induction/install/turtle_interfaces/share/turtle_interfaces/cmake/turtle_interfaces__rosidl_typesupport_introspection_cppExport.cmake
-- Installing: /home/yami/CODE/Tiburon Software Induction/install/turtle_interfaces/share/turtle_interfaces/cmake/turtle_interfaces__rosidl_typesupport_introspection_cppExport-noconfig.cmake
-- Installing: /home/yami/CODE/Tiburon Software Induction/install/turtle_interfaces/share/turtle_interfaces/cmake/turtle_interfaces__rosidl_typesupport_cppExport.cmake
-- Installing: /home/yami/CODE/Tiburon Software Induction/install/turtle_interfaces/share/turtle_interfaces/cmake/turtle_interfaces__rosidl_typesupport_cppExport-noconfig.cmake
-- Installing: /home/yami/CODE/Tiburon Software Induction/install/turtle_interfaces/share/turtle_interfaces/cmake/export_turtle_interfaces__rosidl_generator_pyExport.cmake
-- Installing: /home/yami/CODE/Tiburon Software Induction/install/turtle_interfaces/share/turtle_interfaces/cmake/export_turtle_interfaces__rosidl_generator_pyExport-noconfig.cmake
-- Installing: /home/yami/CODE/Tiburon Software Induction/install/turtle_interfaces/share/turtle_interfaces/cmake/rosidl_cmake-extras.cmake
-- Installing: /home/yami/CODE/Tiburon Software Induction/install/turtle_interfaces/share/turtle_interfaces/cmake/ament_cmake_export_dependencies-extras.cmake
-- Installing: /home/yami/CODE/Tiburon Software Induction/install/turtle_interfaces/share/turtle_interfaces/cmake/ament_cmake_export_include_directories-extras.cmake
-- Installing: /home/yami/CODE/Tiburon Software Induction/install/turtle_interfaces/share/turtle_interfaces/cmake/ament_cmake_export_libraries-extras.cmake
-- Installing: /home/yami/CODE/Tiburon Software Induction/install/turtle_interfaces/share/turtle_interfaces/cmake/ament_cmake_export_targets-extras.cmake
-- Installing: /home/yami/CODE/Tiburon Software Induction/install/turtle_interfaces/share/turtle_interfaces/cmake/rosidl_cmake_export_typesupport_targets-extras.cmake
-- Installing: /home/yami/CODE/Tiburon Software Induction/install/turtle_interfaces/share/turtle_interfaces/cmake/rosidl_cmake_export_typesupport_libraries-extras.cmake
-- Installing: /home/yami/CODE/Tiburon Software Induction/install/turtle_interfaces/share/turtle_interfaces/cmake/turtle_interfacesConfig.cmake
-- Installing: /home/yami/CODE/Tiburon Software Induction/install/turtle_interfaces/share/turtle_interfaces/cmake/turtle_interfacesConfig-version.cmake
-- Installing: /home/yami/CODE/Tiburon Software Induction/install/turtle_interfaces/share/turtle_interfaces/package.xml
