[0.015s] Invoking command in '/home/yami/CODE/Tiburon Software Induction/build/turtle_interfaces': CMAKE_PREFIX_PATH=${CMAKE_PREFIX_PATH}:/home/yami/CODE/Tiburon Software Induction/install/turtle_controller:/opt/ros/humble /usr/bin/cmake /home/yami/CODE/Tiburon Software Induction/turtle_interfaces -DCMAKE_INSTALL_PREFIX=/home/yami/CODE/Tiburon Software Induction/install/turtle_interfaces
[0.075s] -- The C compiler identification is GNU 11.4.0
[0.141s] -- The CXX compiler identification is GNU 11.4.0
[0.148s] -- Detecting C compiler ABI info
[0.224s] -- Detecting C compiler ABI info - done
[0.232s] -- Check for working C compiler: /usr/bin/cc - skipped
[0.233s] -- Detecting C compile features
[0.233s] -- Detecting C compile features - done
[0.237s] -- Detecting CXX compiler ABI info
[0.326s] -- Detecting CXX compiler ABI info - done
[0.334s] -- Check for working CXX compiler: /usr/bin/c++ - skipped
[0.334s] -- Detecting CXX compile features
[0.335s] -- Detecting CXX compile features - done
[0.337s] -- Found rosidl_default_generators: 1.2.0 (/opt/ros/humble/share/rosidl_default_generators/cmake)
[0.338s] -- Found ament_cmake_core: 1.3.12 (/opt/ros/humble/share/ament_cmake_core/cmake)
[0.510s] -- Found Python3: /usr/bin/python3 (found version "3.10.12") found components: Interpreter 
[0.586s] -- Using all available rosidl_typesupport_c: rosidl_typesupport_fastrtps_c;rosidl_typesupport_introspection_c
[0.593s] -- Found rosidl_adapter: 3.1.7 (/opt/ros/humble/share/rosidl_adapter/cmake)
[0.666s] -- Using all available rosidl_typesupport_cpp: rosidl_typesupport_fastrtps_cpp;rosidl_typesupport_introspection_cpp
[0.701s] -- Found geometry_msgs: 4.9.0 (/opt/ros/humble/share/geometry_msgs/cmake)
[1.066s] -- Found ament_cmake_ros: 0.10.0 (/opt/ros/humble/share/ament_cmake_ros/cmake)
[1.351s] -- Using all available rosidl_typesupport_c: rosidl_typesupport_fastrtps_c;rosidl_typesupport_introspection_c
[1.753s] -- Using all available rosidl_typesupport_cpp: rosidl_typesupport_fastrtps_cpp;rosidl_typesupport_introspection_cpp
[1.786s] -- Found PythonInterp: /usr/bin/python3 (found suitable version "3.10.12", minimum required is "3.6") 
[1.788s] -- Found python_cmake_module: 0.10.0 (/opt/ros/humble/share/python_cmake_module/cmake)
[1.829s] -- Found PythonLibs: /usr/lib/x86_64-linux-gnu/libpython3.10.so (found suitable version "3.10.12", minimum required is "3.5") 
[1.829s] -- Using PYTHON_EXECUTABLE: /usr/bin/python3
[1.829s] -- Using PYTHON_INCLUDE_DIRS: /usr/include/python3.10
[1.829s] -- Using PYTHON_LIBRARIES: /usr/lib/x86_64-linux-gnu/libpython3.10.so
[1.858s] -- Found PythonExtra: .so  
[1.966s] -- Configuring done
[2.012s] -- Generating done
[2.031s] -- Build files have been written to: /home/yami/CODE/Tiburon Software Induction/build/turtle_interfaces
[2.052s] Invoked command in '/home/yami/CODE/Tiburon Software Induction/build/turtle_interfaces' returned '0': CMAKE_PREFIX_PATH=${CMAKE_PREFIX_PATH}:/home/yami/CODE/Tiburon Software Induction/install/turtle_controller:/opt/ros/humble /usr/bin/cmake /home/yami/CODE/Tiburon Software Induction/turtle_interfaces -DCMAKE_INSTALL_PREFIX=/home/yami/CODE/Tiburon Software Induction/install/turtle_interfaces
[2.055s] Invoking command in '/home/yami/CODE/Tiburon Software Induction/build/turtle_interfaces': CMAKE_PREFIX_PATH=${CMAKE_PREFIX_PATH}:/home/yami/CODE/Tiburon Software Induction/install/turtle_controller:/opt/ros/humble /usr/bin/cmake --build /home/yami/CODE/Tiburon Software Induction/build/turtle_interfaces -- -j8 -l8
[2.111s] [  3%] [34m[1mGenerating C code for ROS interfaces[0m
[2.136s] [  6%] [34m[1mGenerating C++ code for ROS interfaces[0m
[2.144s] [  6%] Built target ament_cmake_python_copy_turtle_interfaces
[2.769s] running egg_info
[2.769s] creating turtle_interfaces.egg-info
[2.770s] writing turtle_interfaces.egg-info/PKG-INFO
[2.771s] writing dependency_links to turtle_interfaces.egg-info/dependency_links.txt
[2.772s] writing top-level names to turtle_interfaces.egg-info/top_level.txt
[2.774s] writing manifest file 'turtle_interfaces.egg-info/SOURCES.txt'
[2.778s] reading manifest file 'turtle_interfaces.egg-info/SOURCES.txt'
[2.780s] writing manifest file 'turtle_interfaces.egg-info/SOURCES.txt'
[2.854s] [  6%] Built target ament_cmake_python_build_turtle_interfaces_egg
[2.954s] [  9%] [32mBuilding C object CMakeFiles/turtle_interfaces__rosidl_generator_c.dir/rosidl_generator_c/turtle_interfaces/srv/detail/draw_shape__functions.c.o[0m
[2.954s] [  9%] Built target turtle_interfaces__cpp
[2.974s] [ 16%] [34m[1mGenerating C++ introspection for ROS interfaces[0m
[2.974s] [ 16%] [34m[1mGenerating C++ type support for eProsima Fast-RTPS[0m
[2.985s] [ 19%] [34m[1mGenerating C++ type support dispatch for ROS interfaces[0m
[3.105s] [ 22%] [32m[1mLinking C shared library libturtle_interfaces__rosidl_generator_c.so[0m
[3.194s] [ 22%] Built target turtle_interfaces__rosidl_generator_c
[3.220s] [ 25%] [34m[1mGenerating C type support dispatch for ROS interfaces[0m
[3.231s] [ 29%] [34m[1mGenerating C type support for eProsima Fast-RTPS[0m
[3.233s] [ 32%] [34m[1mGenerating C introspection for ROS interfaces[0m
[3.691s] [ 35%] [32mBuilding CXX object CMakeFiles/turtle_interfaces__rosidl_typesupport_cpp.dir/rosidl_typesupport_cpp/turtle_interfaces/srv/draw_shape__type_support.cpp.o[0m
[3.840s] [ 38%] [32mBuilding CXX object CMakeFiles/turtle_interfaces__rosidl_typesupport_c.dir/rosidl_typesupport_c/turtle_interfaces/srv/draw_shape__type_support.cpp.o[0m
[3.919s] [ 41%] [32mBuilding CXX object CMakeFiles/turtle_interfaces__rosidl_typesupport_introspection_cpp.dir/rosidl_typesupport_introspection_cpp/turtle_interfaces/srv/detail/draw_shape__type_support.cpp.o[0m
[3.929s] [ 45%] [32m[1mLinking CXX shared library libturtle_interfaces__rosidl_typesupport_c.so[0m
[4.024s] [ 48%] [32mBuilding CXX object CMakeFiles/turtle_interfaces__rosidl_typesupport_fastrtps_c.dir/rosidl_typesupport_fastrtps_c/turtle_interfaces/srv/detail/draw_shape__type_support_c.cpp.o[0m
[4.081s] [ 51%] [32mBuilding C object CMakeFiles/turtle_interfaces__rosidl_typesupport_introspection_c.dir/rosidl_typesupport_introspection_c/turtle_interfaces/srv/detail/draw_shape__type_support.c.o[0m
[4.087s] [ 51%] Built target turtle_interfaces__rosidl_typesupport_c
[4.090s] [ 54%] [32mBuilding CXX object CMakeFiles/turtle_interfaces__rosidl_typesupport_fastrtps_cpp.dir/rosidl_typesupport_fastrtps_cpp/turtle_interfaces/srv/detail/dds_fastrtps/draw_shape__type_support.cpp.o[0m
[4.158s] [ 58%] [32m[1mLinking C shared library libturtle_interfaces__rosidl_typesupport_introspection_c.so[0m
[4.225s] [ 58%] Built target turtle_interfaces__rosidl_typesupport_introspection_c
[4.265s] [ 61%] [32m[1mLinking CXX shared library libturtle_interfaces__rosidl_typesupport_cpp.so[0m
[4.323s] [ 61%] Built target turtle_interfaces__rosidl_typesupport_cpp
[4.638s] [ 64%] [32m[1mLinking CXX shared library libturtle_interfaces__rosidl_typesupport_introspection_cpp.so[0m
[4.661s] [ 67%] [32m[1mLinking CXX shared library libturtle_interfaces__rosidl_typesupport_fastrtps_c.so[0m
[4.709s] [ 70%] [32m[1mLinking CXX shared library libturtle_interfaces__rosidl_typesupport_fastrtps_cpp.so[0m
[4.742s] [ 70%] Built target turtle_interfaces__rosidl_typesupport_introspection_cpp
[4.784s] [ 70%] Built target turtle_interfaces__rosidl_typesupport_fastrtps_c
[4.822s] [ 70%] Built target turtle_interfaces__rosidl_typesupport_fastrtps_cpp
[4.849s] [ 70%] Built target turtle_interfaces
[4.871s] [ 74%] [34m[1mGenerating Python code for ROS interfaces[0m
[5.336s] [ 74%] Built target turtle_interfaces__py
[5.363s] [ 77%] [32mBuilding C object CMakeFiles/turtle_interfaces__rosidl_generator_py.dir/rosidl_generator_py/turtle_interfaces/srv/_draw_shape_s.c.o[0m
[5.482s] [ 80%] [32m[1mLinking C shared library rosidl_generator_py/turtle_interfaces/libturtle_interfaces__rosidl_generator_py.so[0m
[5.532s] [ 80%] Built target turtle_interfaces__rosidl_generator_py
[5.557s] [ 90%] [32mBuilding C object CMakeFiles/turtle_interfaces__rosidl_typesupport_fastrtps_c__pyext.dir/rosidl_generator_py/turtle_interfaces/_turtle_interfaces_s.ep.rosidl_typesupport_fastrtps_c.c.o[0m
[5.558s] [ 90%] [32mBuilding C object CMakeFiles/turtle_interfaces__rosidl_typesupport_introspection_c__pyext.dir/rosidl_generator_py/turtle_interfaces/_turtle_interfaces_s.ep.rosidl_typesupport_introspection_c.c.o[0m
[5.558s] [ 90%] [32mBuilding C object CMakeFiles/turtle_interfaces__rosidl_typesupport_c__pyext.dir/rosidl_generator_py/turtle_interfaces/_turtle_interfaces_s.ep.rosidl_typesupport_c.c.o[0m
[5.686s] [100%] [32m[1mLinking C shared library rosidl_generator_py/turtle_interfaces/turtle_interfaces_s__rosidl_typesupport_fastrtps_c.cpython-310-x86_64-linux-gnu.so[0m
[5.686s] [100%] [32m[1mLinking C shared library rosidl_generator_py/turtle_interfaces/turtle_interfaces_s__rosidl_typesupport_c.cpython-310-x86_64-linux-gnu.so[0m
[5.686s] [100%] [32m[1mLinking C shared library rosidl_generator_py/turtle_interfaces/turtle_interfaces_s__rosidl_typesupport_introspection_c.cpython-310-x86_64-linux-gnu.so[0m
[5.735s] [100%] Built target turtle_interfaces__rosidl_typesupport_introspection_c__pyext
[5.736s] [100%] Built target turtle_interfaces__rosidl_typesupport_c__pyext
[5.736s] [100%] Built target turtle_interfaces__rosidl_typesupport_fastrtps_c__pyext
[5.750s] Invoked command in '/home/yami/CODE/Tiburon Software Induction/build/turtle_interfaces' returned '0': CMAKE_PREFIX_PATH=${CMAKE_PREFIX_PATH}:/home/yami/CODE/Tiburon Software Induction/install/turtle_controller:/opt/ros/humble /usr/bin/cmake --build /home/yami/CODE/Tiburon Software Induction/build/turtle_interfaces -- -j8 -l8
[5.752s] Invoking command in '/home/yami/CODE/Tiburon Software Induction/build/turtle_interfaces': CMAKE_PREFIX_PATH=${CMAKE_PREFIX_PATH}:/home/yami/CODE/Tiburon Software Induction/install/turtle_controller:/opt/ros/humble /usr/bin/cmake --install /home/yami/CODE/Tiburon Software Induction/build/turtle_interfaces
[5.760s] -- Install configuration: ""
[5.760s] -- Installing: /home/yami/CODE/Tiburon Software Induction/install/turtle_interfaces/share/ament_index/resource_index/rosidl_interfaces/turtle_interfaces
[5.760s] -- Installing: /home/yami/CODE/Tiburon Software Induction/install/turtle_interfaces/include/turtle_interfaces/turtle_interfaces
[5.761s] -- Installing: /home/yami/CODE/Tiburon Software Induction/install/turtle_interfaces/include/turtle_interfaces/turtle_interfaces/msg
[5.761s] -- Installing: /home/yami/CODE/Tiburon Software Induction/install/turtle_interfaces/include/turtle_interfaces/turtle_interfaces/msg/rosidl_generator_c__visibility_control.h
[5.761s] -- Installing: /home/yami/CODE/Tiburon Software Induction/install/turtle_interfaces/include/turtle_interfaces/turtle_interfaces/srv
[5.761s] -- Installing: /home/yami/CODE/Tiburon Software Induction/install/turtle_interfaces/include/turtle_interfaces/turtle_interfaces/srv/draw_shape.h
[5.761s] -- Installing: /home/yami/CODE/Tiburon Software Induction/install/turtle_interfaces/include/turtle_interfaces/turtle_interfaces/srv/detail
[5.761s] -- Installing: /home/yami/CODE/Tiburon Software Induction/install/turtle_interfaces/include/turtle_interfaces/turtle_interfaces/srv/detail/draw_shape__functions.h
[5.761s] -- Installing: /home/yami/CODE/Tiburon Software Induction/install/turtle_interfaces/include/turtle_interfaces/turtle_interfaces/srv/detail/draw_shape__functions.c
[5.762s] -- Installing: /home/yami/CODE/Tiburon Software Induction/install/turtle_interfaces/include/turtle_interfaces/turtle_interfaces/srv/detail/draw_shape__struct.h
[5.762s] -- Installing: /home/yami/CODE/Tiburon Software Induction/install/turtle_interfaces/include/turtle_interfaces/turtle_interfaces/srv/detail/draw_shape__type_support.h
[5.762s] -- Installing: /home/yami/CODE/Tiburon Software Induction/install/turtle_interfaces/share/turtle_interfaces/environment/library_path.sh
[5.762s] -- Installing: /home/yami/CODE/Tiburon Software Induction/install/turtle_interfaces/share/turtle_interfaces/environment/library_path.dsv
[5.762s] -- Installing: /home/yami/CODE/Tiburon Software Induction/install/turtle_interfaces/lib/libturtle_interfaces__rosidl_generator_c.so
[5.763s] -- Set runtime path of "/home/yami/CODE/Tiburon Software Induction/install/turtle_interfaces/lib/libturtle_interfaces__rosidl_generator_c.so" to ""
[5.763s] -- Up-to-date: /home/yami/CODE/Tiburon Software Induction/install/turtle_interfaces/include/turtle_interfaces/turtle_interfaces
[5.763s] -- Up-to-date: /home/yami/CODE/Tiburon Software Induction/install/turtle_interfaces/include/turtle_interfaces/turtle_interfaces/msg
[5.763s] -- Installing: /home/yami/CODE/Tiburon Software Induction/install/turtle_interfaces/include/turtle_interfaces/turtle_interfaces/msg/rosidl_typesupport_fastrtps_c__visibility_control.h
[5.763s] -- Up-to-date: /home/yami/CODE/Tiburon Software Induction/install/turtle_interfaces/include/turtle_interfaces/turtle_interfaces/srv
[5.763s] -- Up-to-date: /home/yami/CODE/Tiburon Software Induction/install/turtle_interfaces/include/turtle_interfaces/turtle_interfaces/srv/detail
[5.763s] -- Installing: /home/yami/CODE/Tiburon Software Induction/install/turtle_interfaces/include/turtle_interfaces/turtle_interfaces/srv/detail/draw_shape__rosidl_typesupport_fastrtps_c.h
[5.764s] -- Installing: /home/yami/CODE/Tiburon Software Induction/install/turtle_interfaces/lib/libturtle_interfaces__rosidl_typesupport_fastrtps_c.so
[5.764s] -- Set runtime path of "/home/yami/CODE/Tiburon Software Induction/install/turtle_interfaces/lib/libturtle_interfaces__rosidl_typesupport_fastrtps_c.so" to ""
[5.764s] -- Up-to-date: /home/yami/CODE/Tiburon Software Induction/install/turtle_interfaces/include/turtle_interfaces/turtle_interfaces
[5.764s] -- Up-to-date: /home/yami/CODE/Tiburon Software Induction/install/turtle_interfaces/include/turtle_interfaces/turtle_interfaces/msg
[5.764s] -- Installing: /home/yami/CODE/Tiburon Software Induction/install/turtle_interfaces/include/turtle_interfaces/turtle_interfaces/msg/rosidl_typesupport_introspection_c__visibility_control.h
[5.764s] -- Up-to-date: /home/yami/CODE/Tiburon Software Induction/install/turtle_interfaces/include/turtle_interfaces/turtle_interfaces/srv
[5.764s] -- Up-to-date: /home/yami/CODE/Tiburon Software Induction/install/turtle_interfaces/include/turtle_interfaces/turtle_interfaces/srv/detail
[5.764s] -- Installing: /home/yami/CODE/Tiburon Software Induction/install/turtle_interfaces/include/turtle_interfaces/turtle_interfaces/srv/detail/draw_shape__rosidl_typesupport_introspection_c.h
[5.765s] -- Installing: /home/yami/CODE/Tiburon Software Induction/install/turtle_interfaces/include/turtle_interfaces/turtle_interfaces/srv/detail/draw_shape__type_support.c
[5.765s] -- Installing: /home/yami/CODE/Tiburon Software Induction/install/turtle_interfaces/lib/libturtle_interfaces__rosidl_typesupport_introspection_c.so
[5.765s] -- Set runtime path of "/home/yami/CODE/Tiburon Software Induction/install/turtle_interfaces/lib/libturtle_interfaces__rosidl_typesupport_introspection_c.so" to ""
[5.765s] -- Installing: /home/yami/CODE/Tiburon Software Induction/install/turtle_interfaces/lib/libturtle_interfaces__rosidl_typesupport_c.so
[5.766s] -- Set runtime path of "/home/yami/CODE/Tiburon Software Induction/install/turtle_interfaces/lib/libturtle_interfaces__rosidl_typesupport_c.so" to ""
[5.766s] -- Up-to-date: /home/yami/CODE/Tiburon Software Induction/install/turtle_interfaces/include/turtle_interfaces/turtle_interfaces
[5.766s] -- Up-to-date: /home/yami/CODE/Tiburon Software Induction/install/turtle_interfaces/include/turtle_interfaces/turtle_interfaces/msg
[5.766s] -- Installing: /home/yami/CODE/Tiburon Software Induction/install/turtle_interfaces/include/turtle_interfaces/turtle_interfaces/msg/rosidl_generator_cpp__visibility_control.hpp
[5.766s] -- Up-to-date: /home/yami/CODE/Tiburon Software Induction/install/turtle_interfaces/include/turtle_interfaces/turtle_interfaces/srv
[5.766s] -- Up-to-date: /home/yami/CODE/Tiburon Software Induction/install/turtle_interfaces/include/turtle_interfaces/turtle_interfaces/srv/detail
[5.766s] -- Installing: /home/yami/CODE/Tiburon Software Induction/install/turtle_interfaces/include/turtle_interfaces/turtle_interfaces/srv/detail/draw_shape__traits.hpp
[5.766s] -- Installing: /home/yami/CODE/Tiburon Software Induction/install/turtle_interfaces/include/turtle_interfaces/turtle_interfaces/srv/detail/draw_shape__builder.hpp
[5.766s] -- Installing: /home/yami/CODE/Tiburon Software Induction/install/turtle_interfaces/include/turtle_interfaces/turtle_interfaces/srv/detail/draw_shape__struct.hpp
[5.766s] -- Installing: /home/yami/CODE/Tiburon Software Induction/install/turtle_interfaces/include/turtle_interfaces/turtle_interfaces/srv/detail/draw_shape__type_support.hpp
[5.766s] -- Installing: /home/yami/CODE/Tiburon Software Induction/install/turtle_interfaces/include/turtle_interfaces/turtle_interfaces/srv/draw_shape.hpp
[5.767s] -- Up-to-date: /home/yami/CODE/Tiburon Software Induction/install/turtle_interfaces/include/turtle_interfaces/turtle_interfaces
[5.767s] -- Up-to-date: /home/yami/CODE/Tiburon Software Induction/install/turtle_interfaces/include/turtle_interfaces/turtle_interfaces/msg
[5.767s] -- Installing: /home/yami/CODE/Tiburon Software Induction/install/turtle_interfaces/include/turtle_interfaces/turtle_interfaces/msg/rosidl_typesupport_fastrtps_cpp__visibility_control.h
[5.767s] -- Up-to-date: /home/yami/CODE/Tiburon Software Induction/install/turtle_interfaces/include/turtle_interfaces/turtle_interfaces/srv
[5.767s] -- Up-to-date: /home/yami/CODE/Tiburon Software Induction/install/turtle_interfaces/include/turtle_interfaces/turtle_interfaces/srv/detail
[5.767s] -- Installing: /home/yami/CODE/Tiburon Software Induction/install/turtle_interfaces/include/turtle_interfaces/turtle_interfaces/srv/detail/dds_fastrtps
[5.767s] -- Installing: /home/yami/CODE/Tiburon Software Induction/install/turtle_interfaces/include/turtle_interfaces/turtle_interfaces/srv/detail/draw_shape__rosidl_typesupport_fastrtps_cpp.hpp
[5.767s] -- Installing: /home/yami/CODE/Tiburon Software Induction/install/turtle_interfaces/lib/libturtle_interfaces__rosidl_typesupport_fastrtps_cpp.so
[5.768s] -- Set runtime path of "/home/yami/CODE/Tiburon Software Induction/install/turtle_interfaces/lib/libturtle_interfaces__rosidl_typesupport_fastrtps_cpp.so" to ""
[5.768s] -- Up-to-date: /home/yami/CODE/Tiburon Software Induction/install/turtle_interfaces/include/turtle_interfaces/turtle_interfaces
[5.768s] -- Up-to-date: /home/yami/CODE/Tiburon Software Induction/install/turtle_interfaces/include/turtle_interfaces/turtle_interfaces/srv
[5.768s] -- Up-to-date: /home/yami/CODE/Tiburon Software Induction/install/turtle_interfaces/include/turtle_interfaces/turtle_interfaces/srv/detail
[5.768s] -- Installing: /home/yami/CODE/Tiburon Software Induction/install/turtle_interfaces/include/turtle_interfaces/turtle_interfaces/srv/detail/draw_shape__type_support.cpp
[5.768s] -- Installing: /home/yami/CODE/Tiburon Software Induction/install/turtle_interfaces/include/turtle_interfaces/turtle_interfaces/srv/detail/draw_shape__rosidl_typesupport_introspection_cpp.hpp
[5.768s] -- Installing: /home/yami/CODE/Tiburon Software Induction/install/turtle_interfaces/lib/libturtle_interfaces__rosidl_typesupport_introspection_cpp.so
[5.769s] -- Set runtime path of "/home/yami/CODE/Tiburon Software Induction/install/turtle_interfaces/lib/libturtle_interfaces__rosidl_typesupport_introspection_cpp.so" to ""
[5.769s] -- Installing: /home/yami/CODE/Tiburon Software Induction/install/turtle_interfaces/lib/libturtle_interfaces__rosidl_typesupport_cpp.so
[5.769s] -- Set runtime path of "/home/yami/CODE/Tiburon Software Induction/install/turtle_interfaces/lib/libturtle_interfaces__rosidl_typesupport_cpp.so" to ""
[5.769s] -- Installing: /home/yami/CODE/Tiburon Software Induction/install/turtle_interfaces/share/turtle_interfaces/environment/pythonpath.sh
[5.770s] -- Installing: /home/yami/CODE/Tiburon Software Induction/install/turtle_interfaces/share/turtle_interfaces/environment/pythonpath.dsv
[5.770s] -- Installing: /home/yami/CODE/Tiburon Software Induction/install/turtle_interfaces/local/lib/python3.10/dist-packages/turtle_interfaces-0.0.0-py3.10.egg-info
[5.770s] -- Installing: /home/yami/CODE/Tiburon Software Induction/install/turtle_interfaces/local/lib/python3.10/dist-packages/turtle_interfaces-0.0.0-py3.10.egg-info/dependency_links.txt
[5.770s] -- Installing: /home/yami/CODE/Tiburon Software Induction/install/turtle_interfaces/local/lib/python3.10/dist-packages/turtle_interfaces-0.0.0-py3.10.egg-info/top_level.txt
[5.770s] -- Installing: /home/yami/CODE/Tiburon Software Induction/install/turtle_interfaces/local/lib/python3.10/dist-packages/turtle_interfaces-0.0.0-py3.10.egg-info/SOURCES.txt
[5.770s] -- Installing: /home/yami/CODE/Tiburon Software Induction/install/turtle_interfaces/local/lib/python3.10/dist-packages/turtle_interfaces-0.0.0-py3.10.egg-info/PKG-INFO
[5.771s] -- Installing: /home/yami/CODE/Tiburon Software Induction/install/turtle_interfaces/local/lib/python3.10/dist-packages/turtle_interfaces
[5.771s] -- Installing: /home/yami/CODE/Tiburon Software Induction/install/turtle_interfaces/local/lib/python3.10/dist-packages/turtle_interfaces/_turtle_interfaces_s.ep.rosidl_typesupport_fastrtps_c.c
[5.771s] -- Installing: /home/yami/CODE/Tiburon Software Induction/install/turtle_interfaces/local/lib/python3.10/dist-packages/turtle_interfaces/__init__.py
[5.771s] -- Installing: /home/yami/CODE/Tiburon Software Induction/install/turtle_interfaces/local/lib/python3.10/dist-packages/turtle_interfaces/srv
[5.771s] -- Installing: /home/yami/CODE/Tiburon Software Induction/install/turtle_interfaces/local/lib/python3.10/dist-packages/turtle_interfaces/srv/_draw_shape.py
[5.771s] -- Installing: /home/yami/CODE/Tiburon Software Induction/install/turtle_interfaces/local/lib/python3.10/dist-packages/turtle_interfaces/srv/__init__.py
[5.771s] -- Installing: /home/yami/CODE/Tiburon Software Induction/install/turtle_interfaces/local/lib/python3.10/dist-packages/turtle_interfaces/srv/_draw_shape_s.c
[5.772s] -- Installing: /home/yami/CODE/Tiburon Software Induction/install/turtle_interfaces/local/lib/python3.10/dist-packages/turtle_interfaces/_turtle_interfaces_s.ep.rosidl_typesupport_c.c
[5.772s] -- Installing: /home/yami/CODE/Tiburon Software Induction/install/turtle_interfaces/local/lib/python3.10/dist-packages/turtle_interfaces/_turtle_interfaces_s.ep.rosidl_typesupport_introspection_c.c
[5.772s] -- Installing: /home/yami/CODE/Tiburon Software Induction/install/turtle_interfaces/local/lib/python3.10/dist-packages/turtle_interfaces/turtle_interfaces_s__rosidl_typesupport_introspection_c.cpython-310-x86_64-linux-gnu.so
[5.772s] -- Installing: /home/yami/CODE/Tiburon Software Induction/install/turtle_interfaces/local/lib/python3.10/dist-packages/turtle_interfaces/libturtle_interfaces__rosidl_generator_py.so
[5.772s] -- Installing: /home/yami/CODE/Tiburon Software Induction/install/turtle_interfaces/local/lib/python3.10/dist-packages/turtle_interfaces/turtle_interfaces_s__rosidl_typesupport_c.cpython-310-x86_64-linux-gnu.so
[5.772s] -- Installing: /home/yami/CODE/Tiburon Software Induction/install/turtle_interfaces/local/lib/python3.10/dist-packages/turtle_interfaces/turtle_interfaces_s__rosidl_typesupport_fastrtps_c.cpython-310-x86_64-linux-gnu.so
[5.808s] Listing '/home/yami/CODE/Tiburon Software Induction/install/turtle_interfaces/local/lib/python3.10/dist-packages/turtle_interfaces'...
[5.808s] Compiling '/home/yami/CODE/Tiburon Software Induction/install/turtle_interfaces/local/lib/python3.10/dist-packages/turtle_interfaces/__init__.py'...
[5.808s] Listing '/home/yami/CODE/Tiburon Software Induction/install/turtle_interfaces/local/lib/python3.10/dist-packages/turtle_interfaces/srv'...
[5.808s] Compiling '/home/yami/CODE/Tiburon Software Induction/install/turtle_interfaces/local/lib/python3.10/dist-packages/turtle_interfaces/srv/__init__.py'...
[5.808s] Compiling '/home/yami/CODE/Tiburon Software Induction/install/turtle_interfaces/local/lib/python3.10/dist-packages/turtle_interfaces/srv/_draw_shape.py'...
[5.813s] -- Installing: /home/yami/CODE/Tiburon Software Induction/install/turtle_interfaces/local/lib/python3.10/dist-packages/turtle_interfaces/turtle_interfaces_s__rosidl_typesupport_fastrtps_c.cpython-310-x86_64-linux-gnu.so
[5.814s] -- Set runtime path of "/home/yami/CODE/Tiburon Software Induction/install/turtle_interfaces/local/lib/python3.10/dist-packages/turtle_interfaces/turtle_interfaces_s__rosidl_typesupport_fastrtps_c.cpython-310-x86_64-linux-gnu.so" to ""
[5.814s] -- Installing: /home/yami/CODE/Tiburon Software Induction/install/turtle_interfaces/local/lib/python3.10/dist-packages/turtle_interfaces/turtle_interfaces_s__rosidl_typesupport_introspection_c.cpython-310-x86_64-linux-gnu.so
[5.814s] -- Set runtime path of "/home/yami/CODE/Tiburon Software Induction/install/turtle_interfaces/local/lib/python3.10/dist-packages/turtle_interfaces/turtle_interfaces_s__rosidl_typesupport_introspection_c.cpython-310-x86_64-linux-gnu.so" to ""
[5.815s] -- Installing: /home/yami/CODE/Tiburon Software Induction/install/turtle_interfaces/local/lib/python3.10/dist-packages/turtle_interfaces/turtle_interfaces_s__rosidl_typesupport_c.cpython-310-x86_64-linux-gnu.so
[5.815s] -- Set runtime path of "/home/yami/CODE/Tiburon Software Induction/install/turtle_interfaces/local/lib/python3.10/dist-packages/turtle_interfaces/turtle_interfaces_s__rosidl_typesupport_c.cpython-310-x86_64-linux-gnu.so" to ""
[5.815s] -- Installing: /home/yami/CODE/Tiburon Software Induction/install/turtle_interfaces/lib/libturtle_interfaces__rosidl_generator_py.so
[5.816s] -- Set runtime path of "/home/yami/CODE/Tiburon Software Induction/install/turtle_interfaces/lib/libturtle_interfaces__rosidl_generator_py.so" to ""
[5.816s] -- Installing: /home/yami/CODE/Tiburon Software Induction/install/turtle_interfaces/share/turtle_interfaces/srv/DrawShape.idl
[5.816s] -- Installing: /home/yami/CODE/Tiburon Software Induction/install/turtle_interfaces/share/turtle_interfaces/srv/DrawShape.srv
[5.816s] -- Installing: /home/yami/CODE/Tiburon Software Induction/install/turtle_interfaces/share/turtle_interfaces/srv/DrawShape_Request.msg
[5.816s] -- Installing: /home/yami/CODE/Tiburon Software Induction/install/turtle_interfaces/share/turtle_interfaces/srv/DrawShape_Response.msg
[5.816s] -- Installing: /home/yami/CODE/Tiburon Software Induction/install/turtle_interfaces/share/ament_index/resource_index/package_run_dependencies/turtle_interfaces
[5.817s] -- Installing: /home/yami/CODE/Tiburon Software Induction/install/turtle_interfaces/share/ament_index/resource_index/parent_prefix_path/turtle_interfaces
[5.817s] -- Installing: /home/yami/CODE/Tiburon Software Induction/install/turtle_interfaces/share/turtle_interfaces/environment/ament_prefix_path.sh
[5.817s] -- Installing: /home/yami/CODE/Tiburon Software Induction/install/turtle_interfaces/share/turtle_interfaces/environment/ament_prefix_path.dsv
[5.817s] -- Installing: /home/yami/CODE/Tiburon Software Induction/install/turtle_interfaces/share/turtle_interfaces/environment/path.sh
[5.817s] -- Installing: /home/yami/CODE/Tiburon Software Induction/install/turtle_interfaces/share/turtle_interfaces/environment/path.dsv
[5.818s] -- Installing: /home/yami/CODE/Tiburon Software Induction/install/turtle_interfaces/share/turtle_interfaces/local_setup.bash
[5.818s] -- Installing: /home/yami/CODE/Tiburon Software Induction/install/turtle_interfaces/share/turtle_interfaces/local_setup.sh
[5.818s] -- Installing: /home/yami/CODE/Tiburon Software Induction/install/turtle_interfaces/share/turtle_interfaces/local_setup.zsh
[5.818s] -- Installing: /home/yami/CODE/Tiburon Software Induction/install/turtle_interfaces/share/turtle_interfaces/local_setup.dsv
[5.818s] -- Installing: /home/yami/CODE/Tiburon Software Induction/install/turtle_interfaces/share/turtle_interfaces/package.dsv
[5.818s] -- Installing: /home/yami/CODE/Tiburon Software Induction/install/turtle_interfaces/share/ament_index/resource_index/packages/turtle_interfaces
[5.819s] -- Installing: /home/yami/CODE/Tiburon Software Induction/install/turtle_interfaces/share/turtle_interfaces/cmake/export_turtle_interfaces__rosidl_generator_cExport.cmake
[5.819s] -- Installing: /home/yami/CODE/Tiburon Software Induction/install/turtle_interfaces/share/turtle_interfaces/cmake/export_turtle_interfaces__rosidl_generator_cExport-noconfig.cmake
[5.819s] -- Installing: /home/yami/CODE/Tiburon Software Induction/install/turtle_interfaces/share/turtle_interfaces/cmake/export_turtle_interfaces__rosidl_typesupport_fastrtps_cExport.cmake
[5.819s] -- Installing: /home/yami/CODE/Tiburon Software Induction/install/turtle_interfaces/share/turtle_interfaces/cmake/export_turtle_interfaces__rosidl_typesupport_fastrtps_cExport-noconfig.cmake
[5.819s] -- Installing: /home/yami/CODE/Tiburon Software Induction/install/turtle_interfaces/share/turtle_interfaces/cmake/turtle_interfaces__rosidl_typesupport_introspection_cExport.cmake
[5.820s] -- Installing: /home/yami/CODE/Tiburon Software Induction/install/turtle_interfaces/share/turtle_interfaces/cmake/turtle_interfaces__rosidl_typesupport_introspection_cExport-noconfig.cmake
[5.820s] -- Installing: /home/yami/CODE/Tiburon Software Induction/install/turtle_interfaces/share/turtle_interfaces/cmake/turtle_interfaces__rosidl_typesupport_cExport.cmake
[5.820s] -- Installing: /home/yami/CODE/Tiburon Software Induction/install/turtle_interfaces/share/turtle_interfaces/cmake/turtle_interfaces__rosidl_typesupport_cExport-noconfig.cmake
[5.820s] -- Installing: /home/yami/CODE/Tiburon Software Induction/install/turtle_interfaces/share/turtle_interfaces/cmake/export_turtle_interfaces__rosidl_generator_cppExport.cmake
[5.820s] -- Installing: /home/yami/CODE/Tiburon Software Induction/install/turtle_interfaces/share/turtle_interfaces/cmake/export_turtle_interfaces__rosidl_typesupport_fastrtps_cppExport.cmake
[5.820s] -- Installing: /home/yami/CODE/Tiburon Software Induction/install/turtle_interfaces/share/turtle_interfaces/cmake/export_turtle_interfaces__rosidl_typesupport_fastrtps_cppExport-noconfig.cmake
[5.821s] -- Installing: /home/yami/CODE/Tiburon Software Induction/install/turtle_interfaces/share/turtle_interfaces/cmake/turtle_interfaces__rosidl_typesupport_introspection_cppExport.cmake
[5.821s] -- Installing: /home/yami/CODE/Tiburon Software Induction/install/turtle_interfaces/share/turtle_interfaces/cmake/turtle_interfaces__rosidl_typesupport_introspection_cppExport-noconfig.cmake
[5.821s] -- Installing: /home/yami/CODE/Tiburon Software Induction/install/turtle_interfaces/share/turtle_interfaces/cmake/turtle_interfaces__rosidl_typesupport_cppExport.cmake
[5.821s] -- Installing: /home/yami/CODE/Tiburon Software Induction/install/turtle_interfaces/share/turtle_interfaces/cmake/turtle_interfaces__rosidl_typesupport_cppExport-noconfig.cmake
[5.821s] -- Installing: /home/yami/CODE/Tiburon Software Induction/install/turtle_interfaces/share/turtle_interfaces/cmake/export_turtle_interfaces__rosidl_generator_pyExport.cmake
[5.822s] -- Installing: /home/yami/CODE/Tiburon Software Induction/install/turtle_interfaces/share/turtle_interfaces/cmake/export_turtle_interfaces__rosidl_generator_pyExport-noconfig.cmake
[5.822s] -- Installing: /home/yami/CODE/Tiburon Software Induction/install/turtle_interfaces/share/turtle_interfaces/cmake/rosidl_cmake-extras.cmake
[5.822s] -- Installing: /home/yami/CODE/Tiburon Software Induction/install/turtle_interfaces/share/turtle_interfaces/cmake/ament_cmake_export_dependencies-extras.cmake
[5.822s] -- Installing: /home/yami/CODE/Tiburon Software Induction/install/turtle_interfaces/share/turtle_interfaces/cmake/ament_cmake_export_include_directories-extras.cmake
[5.822s] -- Installing: /home/yami/CODE/Tiburon Software Induction/install/turtle_interfaces/share/turtle_interfaces/cmake/ament_cmake_export_libraries-extras.cmake
[5.822s] -- Installing: /home/yami/CODE/Tiburon Software Induction/install/turtle_interfaces/share/turtle_interfaces/cmake/ament_cmake_export_targets-extras.cmake
[5.823s] -- Installing: /home/yami/CODE/Tiburon Software Induction/install/turtle_interfaces/share/turtle_interfaces/cmake/rosidl_cmake_export_typesupport_targets-extras.cmake
[5.823s] -- Installing: /home/yami/CODE/Tiburon Software Induction/install/turtle_interfaces/share/turtle_interfaces/cmake/rosidl_cmake_export_typesupport_libraries-extras.cmake
[5.823s] -- Installing: /home/yami/CODE/Tiburon Software Induction/install/turtle_interfaces/share/turtle_interfaces/cmake/turtle_interfacesConfig.cmake
[5.823s] -- Installing: /home/yami/CODE/Tiburon Software Induction/install/turtle_interfaces/share/turtle_interfaces/cmake/turtle_interfacesConfig-version.cmake
[5.823s] -- Installing: /home/yami/CODE/Tiburon Software Induction/install/turtle_interfaces/share/turtle_interfaces/package.xml
[5.826s] Invoked command in '/home/yami/CODE/Tiburon Software Induction/build/turtle_interfaces' returned '0': CMAKE_PREFIX_PATH=${CMAKE_PREFIX_PATH}:/home/yami/CODE/Tiburon Software Induction/install/turtle_controller:/opt/ros/humble /usr/bin/cmake --install /home/yami/CODE/Tiburon Software Induction/build/turtle_interfaces
