[0.107s] DEBUG:colcon:Command line arguments: ['/usr/bin/colcon', 'build']
[0.107s] DEBUG:colcon:Parsed command line arguments: Namespace(log_base=None, log_level=None, verb_name='build', build_base='build', install_base='install', merge_install=False, symlink_install=False, test_result_base=None, continue_on_error=False, executor='parallel', parallel_workers=8, event_handlers=None, ignore_user_meta=False, metas=['./colcon.meta'], base_paths=['.'], packages_ignore=None, packages_ignore_regex=None, paths=None, packages_up_to=None, packages_up_to_regex=None, packages_above=None, packages_above_and_dependencies=None, packages_above_depth=None, packages_select_by_dep=None, packages_skip_by_dep=None, packages_skip_up_to=None, packages_select_build_failed=False, packages_skip_build_finished=False, packages_select_test_failures=False, packages_skip_test_passed=False, packages_select=None, packages_skip=None, packages_select_regex=None, packages_skip_regex=None, packages_start=None, packages_end=None, allow_overriding=[], cmake_args=None, cmake_target=None, cmake_target_skip_unavailable=False, cmake_clean_cache=False, cmake_clean_first=False, cmake_force_configure=False, ament_cmake_args=None, catkin_cmake_args=None, catkin_skip_building_tests=False, verb_parser=<colcon_defaults.argument_parser.defaults.DefaultArgumentsDecorator object at 0x765040a1ba60>, verb_extension=<colcon_core.verb.build.BuildVerb object at 0x765040bc9360>, main=<bound method BuildVerb.main of <colcon_core.verb.build.BuildVerb object at 0x765040bc9360>>)
[0.276s] Level 1:colcon.colcon_core.package_discovery:discover_packages(colcon_meta) check parameters
[0.276s] Level 1:colcon.colcon_core.package_discovery:discover_packages(recursive) check parameters
[0.276s] Level 1:colcon.colcon_core.package_discovery:discover_packages(ignore) check parameters
[0.276s] Level 1:colcon.colcon_core.package_discovery:discover_packages(path) check parameters
[0.276s] Level 1:colcon.colcon_core.package_discovery:discover_packages(colcon_meta) discover
[0.276s] Level 1:colcon.colcon_core.package_discovery:discover_packages(recursive) discover
[0.276s] INFO:colcon.colcon_core.package_discovery:Crawling recursively for packages in '/home/yami/CODE/Tiburon Software Induction'
[0.276s] Level 1:colcon.colcon_core.package_identification:_identify(.) by extensions ['ignore', 'ignore_ament_install']
[0.276s] Level 1:colcon.colcon_core.package_identification:_identify(.) by extension 'ignore'
[0.276s] Level 1:colcon.colcon_core.package_identification:_identify(.) by extension 'ignore_ament_install'
[0.276s] Level 1:colcon.colcon_core.package_identification:_identify(.) by extensions ['colcon_pkg']
[0.276s] Level 1:colcon.colcon_core.package_identification:_identify(.) by extension 'colcon_pkg'
[0.276s] Level 1:colcon.colcon_core.package_identification:_identify(.) by extensions ['colcon_meta']
[0.276s] Level 1:colcon.colcon_core.package_identification:_identify(.) by extension 'colcon_meta'
[0.276s] Level 1:colcon.colcon_core.package_identification:_identify(.) by extensions ['ros']
[0.276s] Level 1:colcon.colcon_core.package_identification:_identify(.) by extension 'ros'
[0.288s] Level 1:colcon.colcon_core.package_identification:_identify(.) by extensions ['cmake', 'python']
[0.288s] Level 1:colcon.colcon_core.package_identification:_identify(.) by extension 'cmake'
[0.288s] Level 1:colcon.colcon_core.package_identification:_identify(.) by extension 'python'
[0.288s] Level 1:colcon.colcon_core.package_identification:_identify(.) by extensions ['python_setup_py']
[0.288s] Level 1:colcon.colcon_core.package_identification:_identify(.) by extension 'python_setup_py'
[0.288s] Level 1:colcon.colcon_core.package_identification:_identify(build) by extensions ['ignore', 'ignore_ament_install']
[0.288s] Level 1:colcon.colcon_core.package_identification:_identify(build) by extension 'ignore'
[0.288s] Level 1:colcon.colcon_core.package_identification:_identify(build) ignored
[0.288s] Level 1:colcon.colcon_core.package_identification:_identify(install) by extensions ['ignore', 'ignore_ament_install']
[0.288s] Level 1:colcon.colcon_core.package_identification:_identify(install) by extension 'ignore'
[0.288s] Level 1:colcon.colcon_core.package_identification:_identify(install) ignored
[0.288s] Level 1:colcon.colcon_core.package_identification:_identify(interfaces) by extensions ['ignore', 'ignore_ament_install']
[0.288s] Level 1:colcon.colcon_core.package_identification:_identify(interfaces) by extension 'ignore'
[0.289s] Level 1:colcon.colcon_core.package_identification:_identify(interfaces) by extension 'ignore_ament_install'
[0.289s] Level 1:colcon.colcon_core.package_identification:_identify(interfaces) by extensions ['colcon_pkg']
[0.289s] Level 1:colcon.colcon_core.package_identification:_identify(interfaces) by extension 'colcon_pkg'
[0.289s] Level 1:colcon.colcon_core.package_identification:_identify(interfaces) by extensions ['colcon_meta']
[0.289s] Level 1:colcon.colcon_core.package_identification:_identify(interfaces) by extension 'colcon_meta'
[0.289s] Level 1:colcon.colcon_core.package_identification:_identify(interfaces) by extensions ['ros']
[0.289s] Level 1:colcon.colcon_core.package_identification:_identify(interfaces) by extension 'ros'
[0.291s] DEBUG:colcon.colcon_core.package_identification:Package 'interfaces' with type 'ros.ament_cmake' and name 'interfaces'
[0.291s] Level 1:colcon.colcon_core.package_identification:_identify(log) by extensions ['ignore', 'ignore_ament_install']
[0.291s] Level 1:colcon.colcon_core.package_identification:_identify(log) by extension 'ignore'
[0.291s] Level 1:colcon.colcon_core.package_identification:_identify(log) ignored
[0.292s] Level 1:colcon.colcon_core.package_identification:_identify(turtle_controller) by extensions ['ignore', 'ignore_ament_install']
[0.292s] Level 1:colcon.colcon_core.package_identification:_identify(turtle_controller) by extension 'ignore'
[0.292s] Level 1:colcon.colcon_core.package_identification:_identify(turtle_controller) by extension 'ignore_ament_install'
[0.292s] Level 1:colcon.colcon_core.package_identification:_identify(turtle_controller) by extensions ['colcon_pkg']
[0.292s] Level 1:colcon.colcon_core.package_identification:_identify(turtle_controller) by extension 'colcon_pkg'
[0.292s] Level 1:colcon.colcon_core.package_identification:_identify(turtle_controller) by extensions ['colcon_meta']
[0.292s] Level 1:colcon.colcon_core.package_identification:_identify(turtle_controller) by extension 'colcon_meta'
[0.292s] Level 1:colcon.colcon_core.package_identification:_identify(turtle_controller) by extensions ['ros']
[0.292s] Level 1:colcon.colcon_core.package_identification:_identify(turtle_controller) by extension 'ros'
[0.293s] DEBUG:colcon.colcon_core.package_identification:Package 'turtle_controller' with type 'ros.ament_python' and name 'turtle_controller'
[0.293s] Level 1:colcon.colcon_core.package_identification:_identify(turtle_interfaces) by extensions ['ignore', 'ignore_ament_install']
[0.293s] Level 1:colcon.colcon_core.package_identification:_identify(turtle_interfaces) by extension 'ignore'
[0.293s] Level 1:colcon.colcon_core.package_identification:_identify(turtle_interfaces) by extension 'ignore_ament_install'
[0.293s] Level 1:colcon.colcon_core.package_identification:_identify(turtle_interfaces) by extensions ['colcon_pkg']
[0.293s] Level 1:colcon.colcon_core.package_identification:_identify(turtle_interfaces) by extension 'colcon_pkg'
[0.293s] Level 1:colcon.colcon_core.package_identification:_identify(turtle_interfaces) by extensions ['colcon_meta']
[0.293s] Level 1:colcon.colcon_core.package_identification:_identify(turtle_interfaces) by extension 'colcon_meta'
[0.293s] Level 1:colcon.colcon_core.package_identification:_identify(turtle_interfaces) by extensions ['ros']
[0.293s] Level 1:colcon.colcon_core.package_identification:_identify(turtle_interfaces) by extension 'ros'
[0.294s] DEBUG:colcon.colcon_core.package_identification:Package 'turtle_interfaces' with type 'ros.ament_cmake' and name 'turtle_interfaces'
[0.294s] Level 1:colcon.colcon_core.package_discovery:discover_packages(recursive) using defaults
[0.294s] Level 1:colcon.colcon_core.package_discovery:discover_packages(ignore) discover
[0.294s] Level 1:colcon.colcon_core.package_discovery:discover_packages(ignore) using defaults
[0.294s] Level 1:colcon.colcon_core.package_discovery:discover_packages(path) discover
[0.294s] Level 1:colcon.colcon_core.package_discovery:discover_packages(path) using defaults
[0.327s] Level 1:colcon.colcon_core.package_discovery:discover_packages(prefix_path) check parameters
[0.327s] Level 1:colcon.colcon_core.package_discovery:discover_packages(prefix_path) discover
[0.328s] WARNING:colcon.colcon_ros.prefix_path.ament:The path '/home/yami/CODE/Tiburon Software Induction/install/turtle_interfaces' in the environment variable AMENT_PREFIX_PATH doesn't exist
[0.328s] WARNING:colcon.colcon_ros.prefix_path.ament:The path '/home/yami/CODE/Tiburon Software Induction/install/interfaces' in the environment variable AMENT_PREFIX_PATH doesn't exist
[0.328s] WARNING:colcon.colcon_ros.prefix_path.catkin:The path '/home/yami/CODE/Tiburon Software Induction/install/turtle_interfaces' in the environment variable CMAKE_PREFIX_PATH doesn't exist
[0.328s] WARNING:colcon.colcon_ros.prefix_path.catkin:The path '/home/yami/CODE/Tiburon Software Induction/install/interfaces' in the environment variable CMAKE_PREFIX_PATH doesn't exist
[0.329s] DEBUG:colcon.colcon_installed_package_information.package_discovery:Found 0 installed packages in /home/yami/CODE/Tiburon Software Induction/install
[0.330s] DEBUG:colcon.colcon_installed_package_information.package_discovery:Found 296 installed packages in /opt/ros/humble
[0.332s] Level 1:colcon.colcon_core.package_discovery:discover_packages(prefix_path) using defaults
[0.376s] Level 5:colcon.colcon_core.verb:set package 'interfaces' build argument 'cmake_args' from command line to 'None'
[0.376s] Level 5:colcon.colcon_core.verb:set package 'interfaces' build argument 'cmake_target' from command line to 'None'
[0.376s] Level 5:colcon.colcon_core.verb:set package 'interfaces' build argument 'cmake_target_skip_unavailable' from command line to 'False'
[0.376s] Level 5:colcon.colcon_core.verb:set package 'interfaces' build argument 'cmake_clean_cache' from command line to 'False'
[0.376s] Level 5:colcon.colcon_core.verb:set package 'interfaces' build argument 'cmake_clean_first' from command line to 'False'
[0.376s] Level 5:colcon.colcon_core.verb:set package 'interfaces' build argument 'cmake_force_configure' from command line to 'False'
[0.376s] Level 5:colcon.colcon_core.verb:set package 'interfaces' build argument 'ament_cmake_args' from command line to 'None'
[0.376s] Level 5:colcon.colcon_core.verb:set package 'interfaces' build argument 'catkin_cmake_args' from command line to 'None'
[0.376s] Level 5:colcon.colcon_core.verb:set package 'interfaces' build argument 'catkin_skip_building_tests' from command line to 'False'
[0.376s] DEBUG:colcon.colcon_core.verb:Building package 'interfaces' with the following arguments: {'ament_cmake_args': None, 'build_base': '/home/yami/CODE/Tiburon Software Induction/build/interfaces', 'catkin_cmake_args': None, 'catkin_skip_building_tests': False, 'cmake_args': None, 'cmake_clean_cache': False, 'cmake_clean_first': False, 'cmake_force_configure': False, 'cmake_target': None, 'cmake_target_skip_unavailable': False, 'install_base': '/home/yami/CODE/Tiburon Software Induction/install/interfaces', 'merge_install': False, 'path': '/home/yami/CODE/Tiburon Software Induction/interfaces', 'symlink_install': False, 'test_result_base': None}
[0.377s] Level 5:colcon.colcon_core.verb:set package 'turtle_interfaces' build argument 'cmake_args' from command line to 'None'
[0.377s] Level 5:colcon.colcon_core.verb:set package 'turtle_interfaces' build argument 'cmake_target' from command line to 'None'
[0.377s] Level 5:colcon.colcon_core.verb:set package 'turtle_interfaces' build argument 'cmake_target_skip_unavailable' from command line to 'False'
[0.377s] Level 5:colcon.colcon_core.verb:set package 'turtle_interfaces' build argument 'cmake_clean_cache' from command line to 'False'
[0.377s] Level 5:colcon.colcon_core.verb:set package 'turtle_interfaces' build argument 'cmake_clean_first' from command line to 'False'
[0.377s] Level 5:colcon.colcon_core.verb:set package 'turtle_interfaces' build argument 'cmake_force_configure' from command line to 'False'
[0.377s] Level 5:colcon.colcon_core.verb:set package 'turtle_interfaces' build argument 'ament_cmake_args' from command line to 'None'
[0.377s] Level 5:colcon.colcon_core.verb:set package 'turtle_interfaces' build argument 'catkin_cmake_args' from command line to 'None'
[0.377s] Level 5:colcon.colcon_core.verb:set package 'turtle_interfaces' build argument 'catkin_skip_building_tests' from command line to 'False'
[0.377s] DEBUG:colcon.colcon_core.verb:Building package 'turtle_interfaces' with the following arguments: {'ament_cmake_args': None, 'build_base': '/home/yami/CODE/Tiburon Software Induction/build/turtle_interfaces', 'catkin_cmake_args': None, 'catkin_skip_building_tests': False, 'cmake_args': None, 'cmake_clean_cache': False, 'cmake_clean_first': False, 'cmake_force_configure': False, 'cmake_target': None, 'cmake_target_skip_unavailable': False, 'install_base': '/home/yami/CODE/Tiburon Software Induction/install/turtle_interfaces', 'merge_install': False, 'path': '/home/yami/CODE/Tiburon Software Induction/turtle_interfaces', 'symlink_install': False, 'test_result_base': None}
[0.378s] Level 5:colcon.colcon_core.verb:set package 'turtle_controller' build argument 'cmake_args' from command line to 'None'
[0.378s] Level 5:colcon.colcon_core.verb:set package 'turtle_controller' build argument 'cmake_target' from command line to 'None'
[0.378s] Level 5:colcon.colcon_core.verb:set package 'turtle_controller' build argument 'cmake_target_skip_unavailable' from command line to 'False'
[0.378s] Level 5:colcon.colcon_core.verb:set package 'turtle_controller' build argument 'cmake_clean_cache' from command line to 'False'
[0.378s] Level 5:colcon.colcon_core.verb:set package 'turtle_controller' build argument 'cmake_clean_first' from command line to 'False'
[0.378s] Level 5:colcon.colcon_core.verb:set package 'turtle_controller' build argument 'cmake_force_configure' from command line to 'False'
[0.378s] Level 5:colcon.colcon_core.verb:set package 'turtle_controller' build argument 'ament_cmake_args' from command line to 'None'
[0.378s] Level 5:colcon.colcon_core.verb:set package 'turtle_controller' build argument 'catkin_cmake_args' from command line to 'None'
[0.378s] Level 5:colcon.colcon_core.verb:set package 'turtle_controller' build argument 'catkin_skip_building_tests' from command line to 'False'
[0.378s] DEBUG:colcon.colcon_core.verb:Building package 'turtle_controller' with the following arguments: {'ament_cmake_args': None, 'build_base': '/home/yami/CODE/Tiburon Software Induction/build/turtle_controller', 'catkin_cmake_args': None, 'catkin_skip_building_tests': False, 'cmake_args': None, 'cmake_clean_cache': False, 'cmake_clean_first': False, 'cmake_force_configure': False, 'cmake_target': None, 'cmake_target_skip_unavailable': False, 'install_base': '/home/yami/CODE/Tiburon Software Induction/install/turtle_controller', 'merge_install': False, 'path': '/home/yami/CODE/Tiburon Software Induction/turtle_controller', 'symlink_install': False, 'test_result_base': None}
[0.378s] INFO:colcon.colcon_core.executor:Executing jobs using 'parallel' executor
[0.379s] DEBUG:colcon.colcon_parallel_executor.executor.parallel:run_until_complete
[0.379s] INFO:colcon.colcon_ros.task.ament_cmake.build:Building ROS package in '/home/yami/CODE/Tiburon Software Induction/turtle_interfaces' with build type 'ament_cmake'
[0.380s] INFO:colcon.colcon_cmake.task.cmake.build:Building CMake package in '/home/yami/CODE/Tiburon Software Induction/turtle_interfaces'
[0.382s] INFO:colcon.colcon_core.plugin_system:Skipping extension 'colcon_core.shell.bat': Not used on non-Windows systems
[0.382s] INFO:colcon.colcon_core.shell:Skip shell extension 'powershell' for command environment: Not usable outside of PowerShell
[0.382s] DEBUG:colcon.colcon_core.shell:Skip shell extension 'dsv' for command environment
[0.386s] INFO:colcon.colcon_ros.task.ament_cmake.build:Building ROS package in '/home/yami/CODE/Tiburon Software Induction/interfaces' with build type 'ament_cmake'
[0.386s] INFO:colcon.colcon_cmake.task.cmake.build:Building CMake package in '/home/yami/CODE/Tiburon Software Induction/interfaces'
[0.386s] INFO:colcon.colcon_core.shell:Skip shell extension 'powershell' for command environment: Not usable outside of PowerShell
[0.387s] DEBUG:colcon.colcon_core.shell:Skip shell extension 'dsv' for command environment
[0.396s] DEBUG:colcon.colcon_core.event_handler.log_command:Invoking command in '/home/yami/CODE/Tiburon Software Induction/build/turtle_interfaces': CMAKE_PREFIX_PATH=${CMAKE_PREFIX_PATH}:/home/yami/CODE/Tiburon Software Induction/install/turtle_controller:/opt/ros/humble /usr/bin/cmake /home/yami/CODE/Tiburon Software Induction/turtle_interfaces -DCMAKE_INSTALL_PREFIX=/home/yami/CODE/Tiburon Software Induction/install/turtle_interfaces
[0.398s] DEBUG:colcon.colcon_core.event_handler.log_command:Invoking command in '/home/yami/CODE/Tiburon Software Induction/build/interfaces': CMAKE_PREFIX_PATH=${CMAKE_PREFIX_PATH}:/home/yami/CODE/Tiburon Software Induction/install/turtle_controller:/opt/ros/humble /usr/bin/cmake /home/yami/CODE/Tiburon Software Induction/interfaces -DCMAKE_INSTALL_PREFIX=/home/yami/CODE/Tiburon Software Induction/install/interfaces
[2.013s] DEBUG:colcon.colcon_core.event_handler.log_command:Invoked command in '/home/yami/CODE/Tiburon Software Induction/build/interfaces' returned '0': CMAKE_PREFIX_PATH=${CMAKE_PREFIX_PATH}:/home/yami/CODE/Tiburon Software Induction/install/turtle_controller:/opt/ros/humble /usr/bin/cmake /home/yami/CODE/Tiburon Software Induction/interfaces -DCMAKE_INSTALL_PREFIX=/home/yami/CODE/Tiburon Software Induction/install/interfaces
[2.015s] DEBUG:colcon.colcon_core.event_handler.log_command:Invoking command in '/home/yami/CODE/Tiburon Software Induction/build/interfaces': CMAKE_PREFIX_PATH=${CMAKE_PREFIX_PATH}:/home/yami/CODE/Tiburon Software Induction/install/turtle_controller:/opt/ros/humble /usr/bin/cmake --build /home/yami/CODE/Tiburon Software Induction/build/interfaces -- -j8 -l8
[2.432s] DEBUG:colcon.colcon_core.event_handler.log_command:Invoked command in '/home/yami/CODE/Tiburon Software Induction/build/turtle_interfaces' returned '0': CMAKE_PREFIX_PATH=${CMAKE_PREFIX_PATH}:/home/yami/CODE/Tiburon Software Induction/install/turtle_controller:/opt/ros/humble /usr/bin/cmake /home/yami/CODE/Tiburon Software Induction/turtle_interfaces -DCMAKE_INSTALL_PREFIX=/home/yami/CODE/Tiburon Software Induction/install/turtle_interfaces
[2.436s] DEBUG:colcon.colcon_core.event_handler.log_command:Invoking command in '/home/yami/CODE/Tiburon Software Induction/build/turtle_interfaces': CMAKE_PREFIX_PATH=${CMAKE_PREFIX_PATH}:/home/yami/CODE/Tiburon Software Induction/install/turtle_controller:/opt/ros/humble /usr/bin/cmake --build /home/yami/CODE/Tiburon Software Induction/build/turtle_interfaces -- -j8 -l8
[5.650s] DEBUG:colcon.colcon_core.event_handler.log_command:Invoked command in '/home/yami/CODE/Tiburon Software Induction/build/interfaces' returned '0': CMAKE_PREFIX_PATH=${CMAKE_PREFIX_PATH}:/home/yami/CODE/Tiburon Software Induction/install/turtle_controller:/opt/ros/humble /usr/bin/cmake --build /home/yami/CODE/Tiburon Software Induction/build/interfaces -- -j8 -l8
[5.661s] DEBUG:colcon.colcon_core.event_handler.log_command:Invoking command in '/home/yami/CODE/Tiburon Software Induction/build/interfaces': CMAKE_PREFIX_PATH=${CMAKE_PREFIX_PATH}:/home/yami/CODE/Tiburon Software Induction/install/turtle_controller:/opt/ros/humble /usr/bin/cmake --install /home/yami/CODE/Tiburon Software Induction/build/interfaces
[5.751s] Level 1:colcon.colcon_core.environment:create_environment_scripts_only(interfaces)
[5.752s] DEBUG:colcon.colcon_core.event_handler.log_command:Invoked command in '/home/yami/CODE/Tiburon Software Induction/build/interfaces' returned '0': CMAKE_PREFIX_PATH=${CMAKE_PREFIX_PATH}:/home/yami/CODE/Tiburon Software Induction/install/turtle_controller:/opt/ros/humble /usr/bin/cmake --install /home/yami/CODE/Tiburon Software Induction/build/interfaces
[5.754s] Level 1:colcon.colcon_core.environment:checking '/home/yami/CODE/Tiburon Software Induction/install/interfaces' for CMake module files
[5.755s] Level 1:colcon.colcon_core.environment:checking '/home/yami/CODE/Tiburon Software Induction/install/interfaces' for CMake config files
[5.755s] Level 1:colcon.colcon_core.shell:create_environment_hook('interfaces', 'cmake_prefix_path')
[5.755s] INFO:colcon.colcon_core.shell:Creating environment hook '/home/yami/CODE/Tiburon Software Induction/install/interfaces/share/interfaces/hook/cmake_prefix_path.ps1'
[5.756s] INFO:colcon.colcon_core.shell:Creating environment descriptor '/home/yami/CODE/Tiburon Software Induction/install/interfaces/share/interfaces/hook/cmake_prefix_path.dsv'
[5.757s] INFO:colcon.colcon_core.shell:Creating environment hook '/home/yami/CODE/Tiburon Software Induction/install/interfaces/share/interfaces/hook/cmake_prefix_path.sh'
[5.758s] Level 1:colcon.colcon_core.environment:checking '/home/yami/CODE/Tiburon Software Induction/install/interfaces/lib'
[5.758s] Level 1:colcon.colcon_core.shell:create_environment_hook('interfaces', 'ld_library_path_lib')
[5.758s] INFO:colcon.colcon_core.shell:Creating environment hook '/home/yami/CODE/Tiburon Software Induction/install/interfaces/share/interfaces/hook/ld_library_path_lib.ps1'
[5.759s] INFO:colcon.colcon_core.shell:Creating environment descriptor '/home/yami/CODE/Tiburon Software Induction/install/interfaces/share/interfaces/hook/ld_library_path_lib.dsv'
[5.759s] INFO:colcon.colcon_core.shell:Creating environment hook '/home/yami/CODE/Tiburon Software Induction/install/interfaces/share/interfaces/hook/ld_library_path_lib.sh'
[5.759s] Level 1:colcon.colcon_core.environment:checking '/home/yami/CODE/Tiburon Software Induction/install/interfaces/bin'
[5.759s] Level 1:colcon.colcon_core.environment:checking '/home/yami/CODE/Tiburon Software Induction/install/interfaces/lib/pkgconfig/interfaces.pc'
[5.760s] Level 1:colcon.colcon_core.environment:checking '/home/yami/CODE/Tiburon Software Induction/install/interfaces/lib/python3.10/site-packages'
[5.760s] Level 1:colcon.colcon_core.environment:checking '/home/yami/CODE/Tiburon Software Induction/install/interfaces/bin'
[5.761s] INFO:colcon.colcon_core.shell:Creating package script '/home/yami/CODE/Tiburon Software Induction/install/interfaces/share/interfaces/package.ps1'
[5.762s] INFO:colcon.colcon_core.shell:Creating package descriptor '/home/yami/CODE/Tiburon Software Induction/install/interfaces/share/interfaces/package.dsv'
[5.762s] INFO:colcon.colcon_core.shell:Creating package script '/home/yami/CODE/Tiburon Software Induction/install/interfaces/share/interfaces/package.sh'
[5.763s] INFO:colcon.colcon_core.shell:Creating package script '/home/yami/CODE/Tiburon Software Induction/install/interfaces/share/interfaces/package.bash'
[5.764s] INFO:colcon.colcon_core.shell:Creating package script '/home/yami/CODE/Tiburon Software Induction/install/interfaces/share/interfaces/package.zsh'
[5.765s] Level 1:colcon.colcon_core.environment:create_file_with_runtime_dependencies(/home/yami/CODE/Tiburon Software Induction/install/interfaces/share/colcon-core/packages/interfaces)
[5.766s] Level 1:colcon.colcon_core.environment:create_environment_scripts_only(interfaces)
[5.766s] Level 1:colcon.colcon_core.environment:checking '/home/yami/CODE/Tiburon Software Induction/install/interfaces' for CMake module files
[5.766s] Level 1:colcon.colcon_core.environment:checking '/home/yami/CODE/Tiburon Software Induction/install/interfaces' for CMake config files
[5.766s] Level 1:colcon.colcon_core.shell:create_environment_hook('interfaces', 'cmake_prefix_path')
[5.767s] INFO:colcon.colcon_core.shell:Creating environment hook '/home/yami/CODE/Tiburon Software Induction/install/interfaces/share/interfaces/hook/cmake_prefix_path.ps1'
[5.767s] INFO:colcon.colcon_core.shell:Creating environment descriptor '/home/yami/CODE/Tiburon Software Induction/install/interfaces/share/interfaces/hook/cmake_prefix_path.dsv'
[5.768s] INFO:colcon.colcon_core.shell:Creating environment hook '/home/yami/CODE/Tiburon Software Induction/install/interfaces/share/interfaces/hook/cmake_prefix_path.sh'
[5.768s] Level 1:colcon.colcon_core.environment:checking '/home/yami/CODE/Tiburon Software Induction/install/interfaces/lib'
[5.768s] Level 1:colcon.colcon_core.shell:create_environment_hook('interfaces', 'ld_library_path_lib')
[5.768s] INFO:colcon.colcon_core.shell:Creating environment hook '/home/yami/CODE/Tiburon Software Induction/install/interfaces/share/interfaces/hook/ld_library_path_lib.ps1'
[5.769s] INFO:colcon.colcon_core.shell:Creating environment descriptor '/home/yami/CODE/Tiburon Software Induction/install/interfaces/share/interfaces/hook/ld_library_path_lib.dsv'
[5.769s] INFO:colcon.colcon_core.shell:Creating environment hook '/home/yami/CODE/Tiburon Software Induction/install/interfaces/share/interfaces/hook/ld_library_path_lib.sh'
[5.770s] Level 1:colcon.colcon_core.environment:checking '/home/yami/CODE/Tiburon Software Induction/install/interfaces/bin'
[5.770s] Level 1:colcon.colcon_core.environment:checking '/home/yami/CODE/Tiburon Software Induction/install/interfaces/lib/pkgconfig/interfaces.pc'
[5.770s] Level 1:colcon.colcon_core.environment:checking '/home/yami/CODE/Tiburon Software Induction/install/interfaces/lib/python3.10/site-packages'
[5.771s] Level 1:colcon.colcon_core.environment:checking '/home/yami/CODE/Tiburon Software Induction/install/interfaces/bin'
[5.771s] INFO:colcon.colcon_core.shell:Creating package script '/home/yami/CODE/Tiburon Software Induction/install/interfaces/share/interfaces/package.ps1'
[5.771s] INFO:colcon.colcon_core.shell:Creating package descriptor '/home/yami/CODE/Tiburon Software Induction/install/interfaces/share/interfaces/package.dsv'
[5.772s] INFO:colcon.colcon_core.shell:Creating package script '/home/yami/CODE/Tiburon Software Induction/install/interfaces/share/interfaces/package.sh'
[5.773s] INFO:colcon.colcon_core.shell:Creating package script '/home/yami/CODE/Tiburon Software Induction/install/interfaces/share/interfaces/package.bash'
[5.773s] INFO:colcon.colcon_core.shell:Creating package script '/home/yami/CODE/Tiburon Software Induction/install/interfaces/share/interfaces/package.zsh'
[5.774s] Level 1:colcon.colcon_core.environment:create_file_with_runtime_dependencies(/home/yami/CODE/Tiburon Software Induction/install/interfaces/share/colcon-core/packages/interfaces)
[6.130s] DEBUG:colcon.colcon_core.event_handler.log_command:Invoked command in '/home/yami/CODE/Tiburon Software Induction/build/turtle_interfaces' returned '0': CMAKE_PREFIX_PATH=${CMAKE_PREFIX_PATH}:/home/yami/CODE/Tiburon Software Induction/install/turtle_controller:/opt/ros/humble /usr/bin/cmake --build /home/yami/CODE/Tiburon Software Induction/build/turtle_interfaces -- -j8 -l8
[6.132s] DEBUG:colcon.colcon_core.event_handler.log_command:Invoking command in '/home/yami/CODE/Tiburon Software Induction/build/turtle_interfaces': CMAKE_PREFIX_PATH=${CMAKE_PREFIX_PATH}:/home/yami/CODE/Tiburon Software Induction/install/turtle_controller:/opt/ros/humble /usr/bin/cmake --install /home/yami/CODE/Tiburon Software Induction/build/turtle_interfaces
[6.206s] Level 1:colcon.colcon_core.environment:create_environment_scripts_only(turtle_interfaces)
[6.206s] Level 1:colcon.colcon_core.environment:checking '/home/yami/CODE/Tiburon Software Induction/install/turtle_interfaces' for CMake module files
[6.207s] DEBUG:colcon.colcon_core.event_handler.log_command:Invoked command in '/home/yami/CODE/Tiburon Software Induction/build/turtle_interfaces' returned '0': CMAKE_PREFIX_PATH=${CMAKE_PREFIX_PATH}:/home/yami/CODE/Tiburon Software Induction/install/turtle_controller:/opt/ros/humble /usr/bin/cmake --install /home/yami/CODE/Tiburon Software Induction/build/turtle_interfaces
[6.207s] Level 1:colcon.colcon_core.environment:checking '/home/yami/CODE/Tiburon Software Induction/install/turtle_interfaces' for CMake config files
[6.207s] Level 1:colcon.colcon_core.shell:create_environment_hook('turtle_interfaces', 'cmake_prefix_path')
[6.208s] INFO:colcon.colcon_core.shell:Creating environment hook '/home/yami/CODE/Tiburon Software Induction/install/turtle_interfaces/share/turtle_interfaces/hook/cmake_prefix_path.ps1'
[6.208s] INFO:colcon.colcon_core.shell:Creating environment descriptor '/home/yami/CODE/Tiburon Software Induction/install/turtle_interfaces/share/turtle_interfaces/hook/cmake_prefix_path.dsv'
[6.209s] INFO:colcon.colcon_core.shell:Creating environment hook '/home/yami/CODE/Tiburon Software Induction/install/turtle_interfaces/share/turtle_interfaces/hook/cmake_prefix_path.sh'
[6.209s] Level 1:colcon.colcon_core.environment:checking '/home/yami/CODE/Tiburon Software Induction/install/turtle_interfaces/lib'
[6.209s] Level 1:colcon.colcon_core.shell:create_environment_hook('turtle_interfaces', 'ld_library_path_lib')
[6.210s] INFO:colcon.colcon_core.shell:Creating environment hook '/home/yami/CODE/Tiburon Software Induction/install/turtle_interfaces/share/turtle_interfaces/hook/ld_library_path_lib.ps1'
[6.210s] INFO:colcon.colcon_core.shell:Creating environment descriptor '/home/yami/CODE/Tiburon Software Induction/install/turtle_interfaces/share/turtle_interfaces/hook/ld_library_path_lib.dsv'
[6.210s] INFO:colcon.colcon_core.shell:Creating environment hook '/home/yami/CODE/Tiburon Software Induction/install/turtle_interfaces/share/turtle_interfaces/hook/ld_library_path_lib.sh'
[6.211s] Level 1:colcon.colcon_core.environment:checking '/home/yami/CODE/Tiburon Software Induction/install/turtle_interfaces/bin'
[6.211s] Level 1:colcon.colcon_core.environment:checking '/home/yami/CODE/Tiburon Software Induction/install/turtle_interfaces/lib/pkgconfig/turtle_interfaces.pc'
[6.211s] Level 1:colcon.colcon_core.environment:checking '/home/yami/CODE/Tiburon Software Induction/install/turtle_interfaces/lib/python3.10/site-packages'
[6.211s] Level 1:colcon.colcon_core.environment:checking '/home/yami/CODE/Tiburon Software Induction/install/turtle_interfaces/bin'
[6.212s] INFO:colcon.colcon_core.shell:Creating package script '/home/yami/CODE/Tiburon Software Induction/install/turtle_interfaces/share/turtle_interfaces/package.ps1'
[6.212s] INFO:colcon.colcon_core.shell:Creating package descriptor '/home/yami/CODE/Tiburon Software Induction/install/turtle_interfaces/share/turtle_interfaces/package.dsv'
[6.213s] INFO:colcon.colcon_core.shell:Creating package script '/home/yami/CODE/Tiburon Software Induction/install/turtle_interfaces/share/turtle_interfaces/package.sh'
[6.213s] INFO:colcon.colcon_core.shell:Creating package script '/home/yami/CODE/Tiburon Software Induction/install/turtle_interfaces/share/turtle_interfaces/package.bash'
[6.214s] INFO:colcon.colcon_core.shell:Creating package script '/home/yami/CODE/Tiburon Software Induction/install/turtle_interfaces/share/turtle_interfaces/package.zsh'
[6.214s] Level 1:colcon.colcon_core.environment:create_file_with_runtime_dependencies(/home/yami/CODE/Tiburon Software Induction/install/turtle_interfaces/share/colcon-core/packages/turtle_interfaces)
[6.215s] Level 1:colcon.colcon_core.environment:create_environment_scripts_only(turtle_interfaces)
[6.215s] Level 1:colcon.colcon_core.environment:checking '/home/yami/CODE/Tiburon Software Induction/install/turtle_interfaces' for CMake module files
[6.216s] Level 1:colcon.colcon_core.environment:checking '/home/yami/CODE/Tiburon Software Induction/install/turtle_interfaces' for CMake config files
[6.216s] Level 1:colcon.colcon_core.shell:create_environment_hook('turtle_interfaces', 'cmake_prefix_path')
[6.216s] INFO:colcon.colcon_core.shell:Creating environment hook '/home/yami/CODE/Tiburon Software Induction/install/turtle_interfaces/share/turtle_interfaces/hook/cmake_prefix_path.ps1'
[6.216s] INFO:colcon.colcon_core.shell:Creating environment descriptor '/home/yami/CODE/Tiburon Software Induction/install/turtle_interfaces/share/turtle_interfaces/hook/cmake_prefix_path.dsv'
[6.217s] INFO:colcon.colcon_core.shell:Creating environment hook '/home/yami/CODE/Tiburon Software Induction/install/turtle_interfaces/share/turtle_interfaces/hook/cmake_prefix_path.sh'
[6.218s] Level 1:colcon.colcon_core.environment:checking '/home/yami/CODE/Tiburon Software Induction/install/turtle_interfaces/lib'
[6.218s] Level 1:colcon.colcon_core.shell:create_environment_hook('turtle_interfaces', 'ld_library_path_lib')
[6.218s] INFO:colcon.colcon_core.shell:Creating environment hook '/home/yami/CODE/Tiburon Software Induction/install/turtle_interfaces/share/turtle_interfaces/hook/ld_library_path_lib.ps1'
[6.218s] INFO:colcon.colcon_core.shell:Creating environment descriptor '/home/yami/CODE/Tiburon Software Induction/install/turtle_interfaces/share/turtle_interfaces/hook/ld_library_path_lib.dsv'
[6.219s] INFO:colcon.colcon_core.shell:Creating environment hook '/home/yami/CODE/Tiburon Software Induction/install/turtle_interfaces/share/turtle_interfaces/hook/ld_library_path_lib.sh'
[6.219s] Level 1:colcon.colcon_core.environment:checking '/home/yami/CODE/Tiburon Software Induction/install/turtle_interfaces/bin'
[6.220s] Level 1:colcon.colcon_core.environment:checking '/home/yami/CODE/Tiburon Software Induction/install/turtle_interfaces/lib/pkgconfig/turtle_interfaces.pc'
[6.220s] Level 1:colcon.colcon_core.environment:checking '/home/yami/CODE/Tiburon Software Induction/install/turtle_interfaces/lib/python3.10/site-packages'
[6.220s] Level 1:colcon.colcon_core.environment:checking '/home/yami/CODE/Tiburon Software Induction/install/turtle_interfaces/bin'
[6.221s] INFO:colcon.colcon_core.shell:Creating package script '/home/yami/CODE/Tiburon Software Induction/install/turtle_interfaces/share/turtle_interfaces/package.ps1'
[6.222s] INFO:colcon.colcon_core.shell:Creating package descriptor '/home/yami/CODE/Tiburon Software Induction/install/turtle_interfaces/share/turtle_interfaces/package.dsv'
[6.223s] INFO:colcon.colcon_core.shell:Creating package script '/home/yami/CODE/Tiburon Software Induction/install/turtle_interfaces/share/turtle_interfaces/package.sh'
[6.224s] INFO:colcon.colcon_core.shell:Creating package script '/home/yami/CODE/Tiburon Software Induction/install/turtle_interfaces/share/turtle_interfaces/package.bash'
[6.224s] INFO:colcon.colcon_core.shell:Creating package script '/home/yami/CODE/Tiburon Software Induction/install/turtle_interfaces/share/turtle_interfaces/package.zsh'
[6.225s] Level 1:colcon.colcon_core.environment:create_file_with_runtime_dependencies(/home/yami/CODE/Tiburon Software Induction/install/turtle_interfaces/share/colcon-core/packages/turtle_interfaces)
[6.225s] INFO:colcon.colcon_ros.task.ament_python.build:Building ROS package in '/home/yami/CODE/Tiburon Software Induction/turtle_controller' with build type 'ament_python'
[6.226s] Level 1:colcon.colcon_core.shell:create_environment_hook('turtle_controller', 'ament_prefix_path')
[6.226s] INFO:colcon.colcon_core.shell:Creating environment hook '/home/yami/CODE/Tiburon Software Induction/install/turtle_controller/share/turtle_controller/hook/ament_prefix_path.ps1'
[6.228s] INFO:colcon.colcon_core.shell:Creating environment descriptor '/home/yami/CODE/Tiburon Software Induction/install/turtle_controller/share/turtle_controller/hook/ament_prefix_path.dsv'
[6.229s] INFO:colcon.colcon_core.shell:Creating environment hook '/home/yami/CODE/Tiburon Software Induction/install/turtle_controller/share/turtle_controller/hook/ament_prefix_path.sh'
[6.230s] INFO:colcon.colcon_core.shell:Skip shell extension 'powershell' for command environment: Not usable outside of PowerShell
[6.230s] DEBUG:colcon.colcon_core.shell:Skip shell extension 'dsv' for command environment
[6.511s] INFO:colcon.colcon_core.task.python.build:Building Python package in '/home/yami/CODE/Tiburon Software Induction/turtle_controller'
[6.511s] INFO:colcon.colcon_core.shell:Skip shell extension 'powershell' for command environment: Not usable outside of PowerShell
[6.511s] DEBUG:colcon.colcon_core.shell:Skip shell extension 'dsv' for command environment
[6.897s] DEBUG:colcon.colcon_core.event_handler.log_command:Invoking command in '/home/yami/CODE/Tiburon Software Induction/turtle_controller': PYTHONPATH=/home/yami/CODE/Tiburon Software Induction/build/turtle_controller/prefix_override:/usr/lib/python3/dist-packages/colcon_core/task/python/colcon_distutils_commands:/home/yami/CODE/Tiburon Software Induction/install/turtle_controller/lib/python3.10/site-packages:${PYTHONPATH} /usr/bin/python3 -W ignore:setup.py install is deprecated -W ignore:easy_install command is deprecated setup.py egg_info --egg-base ../build/turtle_controller build --build-base /home/yami/CODE/Tiburon Software Induction/build/turtle_controller/build install --record /home/yami/CODE/Tiburon Software Induction/build/turtle_controller/install.log --single-version-externally-managed install_data
[7.206s] Level 1:colcon.colcon_core.environment:checking '/home/yami/CODE/Tiburon Software Induction/install/turtle_controller' for CMake module files
[7.207s] DEBUG:colcon.colcon_core.event_handler.log_command:Invoked command in '/home/yami/CODE/Tiburon Software Induction/turtle_controller' returned '0': PYTHONPATH=/home/yami/CODE/Tiburon Software Induction/build/turtle_controller/prefix_override:/usr/lib/python3/dist-packages/colcon_core/task/python/colcon_distutils_commands:/home/yami/CODE/Tiburon Software Induction/install/turtle_controller/lib/python3.10/site-packages:${PYTHONPATH} /usr/bin/python3 -W ignore:setup.py install is deprecated -W ignore:easy_install command is deprecated setup.py egg_info --egg-base ../build/turtle_controller build --build-base /home/yami/CODE/Tiburon Software Induction/build/turtle_controller/build install --record /home/yami/CODE/Tiburon Software Induction/build/turtle_controller/install.log --single-version-externally-managed install_data
[7.207s] Level 1:colcon.colcon_core.environment:checking '/home/yami/CODE/Tiburon Software Induction/install/turtle_controller' for CMake config files
[7.208s] Level 1:colcon.colcon_core.environment:checking '/home/yami/CODE/Tiburon Software Induction/install/turtle_controller/lib'
[7.208s] Level 1:colcon.colcon_core.environment:checking '/home/yami/CODE/Tiburon Software Induction/install/turtle_controller/bin'
[7.208s] Level 1:colcon.colcon_core.environment:checking '/home/yami/CODE/Tiburon Software Induction/install/turtle_controller/lib/pkgconfig/turtle_controller.pc'
[7.209s] Level 1:colcon.colcon_core.environment:checking '/home/yami/CODE/Tiburon Software Induction/install/turtle_controller/lib/python3.10/site-packages'
[7.209s] Level 1:colcon.colcon_core.shell:create_environment_hook('turtle_controller', 'pythonpath')
[7.209s] INFO:colcon.colcon_core.shell:Creating environment hook '/home/yami/CODE/Tiburon Software Induction/install/turtle_controller/share/turtle_controller/hook/pythonpath.ps1'
[7.209s] INFO:colcon.colcon_core.shell:Creating environment descriptor '/home/yami/CODE/Tiburon Software Induction/install/turtle_controller/share/turtle_controller/hook/pythonpath.dsv'
[7.210s] INFO:colcon.colcon_core.shell:Creating environment hook '/home/yami/CODE/Tiburon Software Induction/install/turtle_controller/share/turtle_controller/hook/pythonpath.sh'
[7.211s] Level 1:colcon.colcon_core.environment:checking '/home/yami/CODE/Tiburon Software Induction/install/turtle_controller/bin'
[7.211s] Level 1:colcon.colcon_core.environment:create_environment_scripts_only(turtle_controller)
[7.211s] INFO:colcon.colcon_core.shell:Creating package script '/home/yami/CODE/Tiburon Software Induction/install/turtle_controller/share/turtle_controller/package.ps1'
[7.212s] INFO:colcon.colcon_core.shell:Creating package descriptor '/home/yami/CODE/Tiburon Software Induction/install/turtle_controller/share/turtle_controller/package.dsv'
[7.212s] INFO:colcon.colcon_core.shell:Creating package script '/home/yami/CODE/Tiburon Software Induction/install/turtle_controller/share/turtle_controller/package.sh'
[7.213s] INFO:colcon.colcon_core.shell:Creating package script '/home/yami/CODE/Tiburon Software Induction/install/turtle_controller/share/turtle_controller/package.bash'
[7.213s] INFO:colcon.colcon_core.shell:Creating package script '/home/yami/CODE/Tiburon Software Induction/install/turtle_controller/share/turtle_controller/package.zsh'
[7.214s] Level 1:colcon.colcon_core.environment:create_file_with_runtime_dependencies(/home/yami/CODE/Tiburon Software Induction/install/turtle_controller/share/colcon-core/packages/turtle_controller)
[7.214s] DEBUG:colcon.colcon_parallel_executor.executor.parallel:closing loop
[7.214s] DEBUG:colcon.colcon_parallel_executor.executor.parallel:loop closed
[7.215s] DEBUG:colcon.colcon_parallel_executor.executor.parallel:run_until_complete finished with '0'
[7.215s] DEBUG:colcon.colcon_core.event_reactor:joining thread
[7.221s] INFO:colcon.colcon_core.plugin_system:Skipping extension 'colcon_notification.desktop_notification.terminal_notifier': Not used on non-Darwin systems
[7.221s] INFO:colcon.colcon_core.plugin_system:Skipping extension 'colcon_notification.desktop_notification.win32': Not used on non-Windows systems
[7.221s] INFO:colcon.colcon_notification.desktop_notification:Sending desktop notification using 'notify2'
[7.235s] DEBUG:colcon.colcon_core.event_reactor:joined thread
[7.235s] INFO:colcon.colcon_core.shell:Creating prefix script '/home/yami/CODE/Tiburon Software Induction/install/local_setup.ps1'
[7.237s] INFO:colcon.colcon_core.shell:Creating prefix util module '/home/yami/CODE/Tiburon Software Induction/install/_local_setup_util_ps1.py'
[7.238s] INFO:colcon.colcon_core.shell:Creating prefix chain script '/home/yami/CODE/Tiburon Software Induction/install/setup.ps1'
[7.240s] INFO:colcon.colcon_core.shell:Creating prefix script '/home/yami/CODE/Tiburon Software Induction/install/local_setup.sh'
[7.240s] INFO:colcon.colcon_core.shell:Creating prefix util module '/home/yami/CODE/Tiburon Software Induction/install/_local_setup_util_sh.py'
[7.241s] INFO:colcon.colcon_core.shell:Creating prefix chain script '/home/yami/CODE/Tiburon Software Induction/install/setup.sh'
[7.243s] INFO:colcon.colcon_core.shell:Creating prefix script '/home/yami/CODE/Tiburon Software Induction/install/local_setup.bash'
[7.243s] INFO:colcon.colcon_core.shell:Creating prefix chain script '/home/yami/CODE/Tiburon Software Induction/install/setup.bash'
[7.245s] INFO:colcon.colcon_core.shell:Creating prefix script '/home/yami/CODE/Tiburon Software Induction/install/local_setup.zsh'
[7.245s] INFO:colcon.colcon_core.shell:Creating prefix chain script '/home/yami/CODE/Tiburon Software Induction/install/setup.zsh'
