[0.011s] Invoking command in '/home/yami/CODE/Tiburon Software Induction/build/interfaces': CMAKE_PREFIX_PATH=${CMAKE_PREFIX_PATH}:/home/yami/CODE/Tiburon Software Induction/install/turtle_controller:/opt/ros/humble /usr/bin/cmake /home/yami/CODE/Tiburon Software Induction/interfaces -DCMAKE_INSTALL_PREFIX=/home/yami/CODE/Tiburon Software Induction/install/interfaces
[0.069s] -- The C compiler identification is GNU 11.4.0
[0.130s] -- The CXX compiler identification is GNU 11.4.0
[0.138s] -- Detecting C compiler ABI info
[0.217s] -- Detecting C compiler ABI info - done
[0.226s] -- Check for working C compiler: /usr/bin/cc - skipped
[0.226s] -- Detecting C compile features
[0.227s] -- Detecting C compile features - done
[0.230s] -- Detecting CXX compiler ABI info
[0.319s] -- Detecting CXX compiler ABI info - done
[0.328s] -- Check for working CXX compiler: /usr/bin/c++ - skipped
[0.328s] -- Detecting CXX compile features
[0.329s] -- Detecting CXX compile features - done
[0.331s] -- Found ament_cmake: 1.3.12 (/opt/ros/humble/share/ament_cmake/cmake)
[0.503s] -- Found Python3: /usr/bin/python3 (found version "3.10.12") found components: Interpreter 
[0.598s] -- Found rosidl_default_generators: 1.2.0 (/opt/ros/humble/share/rosidl_default_generators/cmake)
[0.601s] -- Using all available rosidl_typesupport_c: rosidl_typesupport_fastrtps_c;rosidl_typesupport_introspection_c
[0.610s] -- Found rosidl_adapter: 3.1.7 (/opt/ros/humble/share/rosidl_adapter/cmake)
[0.658s] -- Using all available rosidl_typesupport_cpp: rosidl_typesupport_fastrtps_cpp;rosidl_typesupport_introspection_cpp
[0.967s] -- Found ament_cmake_ros: 0.10.0 (/opt/ros/humble/share/ament_cmake_ros/cmake)
[1.169s] -- Using all available rosidl_typesupport_c: rosidl_typesupport_fastrtps_c;rosidl_typesupport_introspection_c
[1.430s] -- Using all available rosidl_typesupport_cpp: rosidl_typesupport_fastrtps_cpp;rosidl_typesupport_introspection_cpp
[1.456s] -- Found PythonInterp: /usr/bin/python3 (found suitable version "3.10.12", minimum required is "3.6") 
[1.457s] -- Found python_cmake_module: 0.10.0 (/opt/ros/humble/share/python_cmake_module/cmake)
[1.489s] -- Found PythonLibs: /usr/lib/x86_64-linux-gnu/libpython3.10.so (found suitable version "3.10.12", minimum required is "3.5") 
[1.489s] -- Using PYTHON_EXECUTABLE: /usr/bin/python3
[1.489s] -- Using PYTHON_INCLUDE_DIRS: /usr/include/python3.10
[1.489s] -- Using PYTHON_LIBRARIES: /usr/lib/x86_64-linux-gnu/libpython3.10.so
[1.513s] -- Found PythonExtra: .so  
[1.549s] -- Found ament_lint_auto: 0.12.14 (/opt/ros/humble/share/ament_lint_auto/cmake)
[1.568s] -- Added test 'flake8' to check Python code syntax and style conventions
[1.569s] -- Added test 'lint_cmake' to check CMake code style
[1.570s] -- Added test 'pep257' to check Python code against some of the docstring style conventions in PEP 257
[1.571s] -- Added test 'xmllint' to check XML markup files
[1.574s] -- Configuring done
[1.606s] -- Generating done
[1.618s] -- Build files have been written to: /home/yami/CODE/Tiburon Software Induction/build/interfaces
[1.626s] Invoked command in '/home/yami/CODE/Tiburon Software Induction/build/interfaces' returned '0': CMAKE_PREFIX_PATH=${CMAKE_PREFIX_PATH}:/home/yami/CODE/Tiburon Software Induction/install/turtle_controller:/opt/ros/humble /usr/bin/cmake /home/yami/CODE/Tiburon Software Induction/interfaces -DCMAKE_INSTALL_PREFIX=/home/yami/CODE/Tiburon Software Induction/install/interfaces
[1.628s] Invoking command in '/home/yami/CODE/Tiburon Software Induction/build/interfaces': CMAKE_PREFIX_PATH=${CMAKE_PREFIX_PATH}:/home/yami/CODE/Tiburon Software Induction/install/turtle_controller:/opt/ros/humble /usr/bin/cmake --build /home/yami/CODE/Tiburon Software Induction/build/interfaces -- -j8 -l8
[1.674s] [  3%] [34m[1mGenerating C code for ROS interfaces[0m
[1.684s] [  6%] [34m[1mGenerating C++ code for ROS interfaces[0m
[1.696s] [  6%] Built target ament_cmake_python_copy_interfaces
[2.017s] running egg_info
[2.018s] creating interfaces.egg-info
[2.018s] writing interfaces.egg-info/PKG-INFO
[2.018s] writing dependency_links to interfaces.egg-info/dependency_links.txt
[2.018s] writing top-level names to interfaces.egg-info/top_level.txt
[2.019s] writing manifest file 'interfaces.egg-info/SOURCES.txt'
[2.022s] reading manifest file 'interfaces.egg-info/SOURCES.txt'
[2.023s] writing manifest file 'interfaces.egg-info/SOURCES.txt'
[2.067s] [  9%] [32mBuilding C object CMakeFiles/interfaces__rosidl_generator_c.dir/rosidl_generator_c/interfaces/srv/detail/draw_shape__functions.c.o[0m
[2.072s] [  9%] Built target ament_cmake_python_build_interfaces_egg
[2.114s] [  9%] Built target interfaces__cpp
[2.130s] [ 12%] [34m[1mGenerating C++ type support dispatch for ROS interfaces[0m
[2.133s] [ 16%] [34m[1mGenerating C++ type support for eProsima Fast-RTPS[0m
[2.133s] [ 19%] [34m[1mGenerating C++ introspection for ROS interfaces[0m
[2.180s] [ 22%] [32m[1mLinking C shared library libinterfaces__rosidl_generator_c.so[0m
[2.258s] [ 22%] Built target interfaces__rosidl_generator_c
[2.289s] [ 25%] [34m[1mGenerating C type support dispatch for ROS interfaces[0m
[2.290s] [ 29%] [34m[1mGenerating C introspection for ROS interfaces[0m
[2.292s] [ 32%] [34m[1mGenerating C type support for eProsima Fast-RTPS[0m
[2.801s] [ 35%] [32mBuilding CXX object CMakeFiles/interfaces__rosidl_typesupport_introspection_cpp.dir/rosidl_typesupport_introspection_cpp/interfaces/srv/detail/draw_shape__type_support.cpp.o[0m
[2.820s] [ 38%] [32mBuilding CXX object CMakeFiles/interfaces__rosidl_typesupport_cpp.dir/rosidl_typesupport_cpp/interfaces/srv/draw_shape__type_support.cpp.o[0m
[2.869s] [ 41%] [32mBuilding CXX object CMakeFiles/interfaces__rosidl_typesupport_fastrtps_cpp.dir/rosidl_typesupport_fastrtps_cpp/interfaces/srv/detail/dds_fastrtps/draw_shape__type_support.cpp.o[0m
[2.906s] [ 45%] [32mBuilding CXX object CMakeFiles/interfaces__rosidl_typesupport_c.dir/rosidl_typesupport_c/interfaces/srv/draw_shape__type_support.cpp.o[0m
[3.025s] [ 48%] [32m[1mLinking CXX shared library libinterfaces__rosidl_typesupport_c.so[0m
[3.050s] [ 51%] [32mBuilding CXX object CMakeFiles/interfaces__rosidl_typesupport_fastrtps_c.dir/rosidl_typesupport_fastrtps_c/interfaces/srv/detail/draw_shape__type_support_c.cpp.o[0m
[3.158s] [ 54%] [32mBuilding C object CMakeFiles/interfaces__rosidl_typesupport_introspection_c.dir/rosidl_typesupport_introspection_c/interfaces/srv/detail/draw_shape__type_support.c.o[0m
[3.168s] [ 54%] Built target interfaces__rosidl_typesupport_c
[3.254s] [ 58%] [32m[1mLinking C shared library libinterfaces__rosidl_typesupport_introspection_c.so[0m
[3.378s] [ 58%] Built target interfaces__rosidl_typesupport_introspection_c
[3.446s] [ 61%] [32m[1mLinking CXX shared library libinterfaces__rosidl_typesupport_cpp.so[0m
[3.595s] [ 61%] Built target interfaces__rosidl_typesupport_cpp
[3.866s] [ 64%] [32m[1mLinking CXX shared library libinterfaces__rosidl_typesupport_introspection_cpp.so[0m
[3.932s] [ 67%] [32m[1mLinking CXX shared library libinterfaces__rosidl_typesupport_fastrtps_c.so[0m
[4.066s] [ 67%] Built target interfaces__rosidl_typesupport_introspection_cpp
[4.127s] [ 67%] Built target interfaces__rosidl_typesupport_fastrtps_c
[4.144s] [ 70%] [32m[1mLinking CXX shared library libinterfaces__rosidl_typesupport_fastrtps_cpp.so[0m
[4.279s] [ 70%] Built target interfaces__rosidl_typesupport_fastrtps_cpp
[4.306s] [ 70%] Built target interfaces
[4.333s] [ 74%] [34m[1mGenerating Python code for ROS interfaces[0m
[4.837s] [ 74%] Built target interfaces__py
[4.859s] [ 77%] [32mBuilding C object CMakeFiles/interfaces__rosidl_generator_py.dir/rosidl_generator_py/interfaces/srv/_draw_shape_s.c.o[0m
[4.975s] [ 80%] [32m[1mLinking C shared library rosidl_generator_py/interfaces/libinterfaces__rosidl_generator_py.so[0m
[5.019s] [ 80%] Built target interfaces__rosidl_generator_py
[5.045s] [ 90%] [32mBuilding C object CMakeFiles/interfaces__rosidl_typesupport_fastrtps_c__pyext.dir/rosidl_generator_py/interfaces/_interfaces_s.ep.rosidl_typesupport_fastrtps_c.c.o[0m
[5.046s] [ 90%] [32mBuilding C object CMakeFiles/interfaces__rosidl_typesupport_c__pyext.dir/rosidl_generator_py/interfaces/_interfaces_s.ep.rosidl_typesupport_c.c.o[0m
[5.046s] [ 90%] [32mBuilding C object CMakeFiles/interfaces__rosidl_typesupport_introspection_c__pyext.dir/rosidl_generator_py/interfaces/_interfaces_s.ep.rosidl_typesupport_introspection_c.c.o[0m
[5.179s] [ 93%] [32m[1mLinking C shared library rosidl_generator_py/interfaces/interfaces_s__rosidl_typesupport_c.cpython-310-x86_64-linux-gnu.so[0m
[5.181s] [ 96%] [32m[1mLinking C shared library rosidl_generator_py/interfaces/interfaces_s__rosidl_typesupport_introspection_c.cpython-310-x86_64-linux-gnu.so[0m
[5.212s] [100%] [32m[1mLinking C shared library rosidl_generator_py/interfaces/interfaces_s__rosidl_typesupport_fastrtps_c.cpython-310-x86_64-linux-gnu.so[0m
[5.221s] [100%] Built target interfaces__rosidl_typesupport_c__pyext
[5.221s] [100%] Built target interfaces__rosidl_typesupport_introspection_c__pyext
[5.250s] [100%] Built target interfaces__rosidl_typesupport_fastrtps_c__pyext
[5.263s] Invoked command in '/home/yami/CODE/Tiburon Software Induction/build/interfaces' returned '0': CMAKE_PREFIX_PATH=${CMAKE_PREFIX_PATH}:/home/yami/CODE/Tiburon Software Induction/install/turtle_controller:/opt/ros/humble /usr/bin/cmake --build /home/yami/CODE/Tiburon Software Induction/build/interfaces -- -j8 -l8
[5.274s] Invoking command in '/home/yami/CODE/Tiburon Software Induction/build/interfaces': CMAKE_PREFIX_PATH=${CMAKE_PREFIX_PATH}:/home/yami/CODE/Tiburon Software Induction/install/turtle_controller:/opt/ros/humble /usr/bin/cmake --install /home/yami/CODE/Tiburon Software Induction/build/interfaces
[5.282s] -- Install configuration: ""
[5.282s] -- Installing: /home/yami/CODE/Tiburon Software Induction/install/interfaces/share/ament_index/resource_index/rosidl_interfaces/interfaces
[5.283s] -- Installing: /home/yami/CODE/Tiburon Software Induction/install/interfaces/include/interfaces/interfaces
[5.283s] -- Installing: /home/yami/CODE/Tiburon Software Induction/install/interfaces/include/interfaces/interfaces/msg
[5.283s] -- Installing: /home/yami/CODE/Tiburon Software Induction/install/interfaces/include/interfaces/interfaces/msg/rosidl_generator_c__visibility_control.h
[5.283s] -- Installing: /home/yami/CODE/Tiburon Software Induction/install/interfaces/include/interfaces/interfaces/srv
[5.283s] -- Installing: /home/yami/CODE/Tiburon Software Induction/install/interfaces/include/interfaces/interfaces/srv/draw_shape.h
[5.284s] -- Installing: /home/yami/CODE/Tiburon Software Induction/install/interfaces/include/interfaces/interfaces/srv/detail
[5.284s] -- Installing: /home/yami/CODE/Tiburon Software Induction/install/interfaces/include/interfaces/interfaces/srv/detail/draw_shape__functions.h
[5.284s] -- Installing: /home/yami/CODE/Tiburon Software Induction/install/interfaces/include/interfaces/interfaces/srv/detail/draw_shape__functions.c
[5.284s] -- Installing: /home/yami/CODE/Tiburon Software Induction/install/interfaces/include/interfaces/interfaces/srv/detail/draw_shape__struct.h
[5.284s] -- Installing: /home/yami/CODE/Tiburon Software Induction/install/interfaces/include/interfaces/interfaces/srv/detail/draw_shape__type_support.h
[5.284s] -- Installing: /home/yami/CODE/Tiburon Software Induction/install/interfaces/share/interfaces/environment/library_path.sh
[5.284s] -- Installing: /home/yami/CODE/Tiburon Software Induction/install/interfaces/share/interfaces/environment/library_path.dsv
[5.285s] -- Installing: /home/yami/CODE/Tiburon Software Induction/install/interfaces/lib/libinterfaces__rosidl_generator_c.so
[5.285s] -- Set runtime path of "/home/yami/CODE/Tiburon Software Induction/install/interfaces/lib/libinterfaces__rosidl_generator_c.so" to ""
[5.285s] -- Up-to-date: /home/yami/CODE/Tiburon Software Induction/install/interfaces/include/interfaces/interfaces
[5.285s] -- Up-to-date: /home/yami/CODE/Tiburon Software Induction/install/interfaces/include/interfaces/interfaces/msg
[5.285s] -- Installing: /home/yami/CODE/Tiburon Software Induction/install/interfaces/include/interfaces/interfaces/msg/rosidl_typesupport_fastrtps_c__visibility_control.h
[5.285s] -- Up-to-date: /home/yami/CODE/Tiburon Software Induction/install/interfaces/include/interfaces/interfaces/srv
[5.286s] -- Up-to-date: /home/yami/CODE/Tiburon Software Induction/install/interfaces/include/interfaces/interfaces/srv/detail
[5.286s] -- Installing: /home/yami/CODE/Tiburon Software Induction/install/interfaces/include/interfaces/interfaces/srv/detail/draw_shape__rosidl_typesupport_fastrtps_c.h
[5.286s] -- Installing: /home/yami/CODE/Tiburon Software Induction/install/interfaces/lib/libinterfaces__rosidl_typesupport_fastrtps_c.so
[5.286s] -- Set runtime path of "/home/yami/CODE/Tiburon Software Induction/install/interfaces/lib/libinterfaces__rosidl_typesupport_fastrtps_c.so" to ""
[5.286s] -- Up-to-date: /home/yami/CODE/Tiburon Software Induction/install/interfaces/include/interfaces/interfaces
[5.286s] -- Up-to-date: /home/yami/CODE/Tiburon Software Induction/install/interfaces/include/interfaces/interfaces/msg
[5.286s] -- Installing: /home/yami/CODE/Tiburon Software Induction/install/interfaces/include/interfaces/interfaces/msg/rosidl_typesupport_introspection_c__visibility_control.h
[5.287s] -- Up-to-date: /home/yami/CODE/Tiburon Software Induction/install/interfaces/include/interfaces/interfaces/srv
[5.287s] -- Up-to-date: /home/yami/CODE/Tiburon Software Induction/install/interfaces/include/interfaces/interfaces/srv/detail
[5.287s] -- Installing: /home/yami/CODE/Tiburon Software Induction/install/interfaces/include/interfaces/interfaces/srv/detail/draw_shape__rosidl_typesupport_introspection_c.h
[5.287s] -- Installing: /home/yami/CODE/Tiburon Software Induction/install/interfaces/include/interfaces/interfaces/srv/detail/draw_shape__type_support.c
[5.287s] -- Installing: /home/yami/CODE/Tiburon Software Induction/install/interfaces/lib/libinterfaces__rosidl_typesupport_introspection_c.so
[5.287s] -- Set runtime path of "/home/yami/CODE/Tiburon Software Induction/install/interfaces/lib/libinterfaces__rosidl_typesupport_introspection_c.so" to ""
[5.288s] -- Installing: /home/yami/CODE/Tiburon Software Induction/install/interfaces/lib/libinterfaces__rosidl_typesupport_c.so
[5.288s] -- Set runtime path of "/home/yami/CODE/Tiburon Software Induction/install/interfaces/lib/libinterfaces__rosidl_typesupport_c.so" to ""
[5.288s] -- Up-to-date: /home/yami/CODE/Tiburon Software Induction/install/interfaces/include/interfaces/interfaces
[5.288s] -- Up-to-date: /home/yami/CODE/Tiburon Software Induction/install/interfaces/include/interfaces/interfaces/msg
[5.288s] -- Installing: /home/yami/CODE/Tiburon Software Induction/install/interfaces/include/interfaces/interfaces/msg/rosidl_generator_cpp__visibility_control.hpp
[5.288s] -- Up-to-date: /home/yami/CODE/Tiburon Software Induction/install/interfaces/include/interfaces/interfaces/srv
[5.288s] -- Up-to-date: /home/yami/CODE/Tiburon Software Induction/install/interfaces/include/interfaces/interfaces/srv/detail
[5.289s] -- Installing: /home/yami/CODE/Tiburon Software Induction/install/interfaces/include/interfaces/interfaces/srv/detail/draw_shape__traits.hpp
[5.289s] -- Installing: /home/yami/CODE/Tiburon Software Induction/install/interfaces/include/interfaces/interfaces/srv/detail/draw_shape__builder.hpp
[5.289s] -- Installing: /home/yami/CODE/Tiburon Software Induction/install/interfaces/include/interfaces/interfaces/srv/detail/draw_shape__struct.hpp
[5.289s] -- Installing: /home/yami/CODE/Tiburon Software Induction/install/interfaces/include/interfaces/interfaces/srv/detail/draw_shape__type_support.hpp
[5.289s] -- Installing: /home/yami/CODE/Tiburon Software Induction/install/interfaces/include/interfaces/interfaces/srv/draw_shape.hpp
[5.289s] -- Up-to-date: /home/yami/CODE/Tiburon Software Induction/install/interfaces/include/interfaces/interfaces
[5.289s] -- Up-to-date: /home/yami/CODE/Tiburon Software Induction/install/interfaces/include/interfaces/interfaces/msg
[5.289s] -- Installing: /home/yami/CODE/Tiburon Software Induction/install/interfaces/include/interfaces/interfaces/msg/rosidl_typesupport_fastrtps_cpp__visibility_control.h
[5.289s] -- Up-to-date: /home/yami/CODE/Tiburon Software Induction/install/interfaces/include/interfaces/interfaces/srv
[5.289s] -- Up-to-date: /home/yami/CODE/Tiburon Software Induction/install/interfaces/include/interfaces/interfaces/srv/detail
[5.290s] -- Installing: /home/yami/CODE/Tiburon Software Induction/install/interfaces/include/interfaces/interfaces/srv/detail/dds_fastrtps
[5.290s] -- Installing: /home/yami/CODE/Tiburon Software Induction/install/interfaces/include/interfaces/interfaces/srv/detail/draw_shape__rosidl_typesupport_fastrtps_cpp.hpp
[5.290s] -- Installing: /home/yami/CODE/Tiburon Software Induction/install/interfaces/lib/libinterfaces__rosidl_typesupport_fastrtps_cpp.so
[5.290s] -- Set runtime path of "/home/yami/CODE/Tiburon Software Induction/install/interfaces/lib/libinterfaces__rosidl_typesupport_fastrtps_cpp.so" to ""
[5.290s] -- Up-to-date: /home/yami/CODE/Tiburon Software Induction/install/interfaces/include/interfaces/interfaces
[5.290s] -- Up-to-date: /home/yami/CODE/Tiburon Software Induction/install/interfaces/include/interfaces/interfaces/srv
[5.290s] -- Up-to-date: /home/yami/CODE/Tiburon Software Induction/install/interfaces/include/interfaces/interfaces/srv/detail
[5.290s] -- Installing: /home/yami/CODE/Tiburon Software Induction/install/interfaces/include/interfaces/interfaces/srv/detail/draw_shape__type_support.cpp
[5.291s] -- Installing: /home/yami/CODE/Tiburon Software Induction/install/interfaces/include/interfaces/interfaces/srv/detail/draw_shape__rosidl_typesupport_introspection_cpp.hpp
[5.291s] -- Installing: /home/yami/CODE/Tiburon Software Induction/install/interfaces/lib/libinterfaces__rosidl_typesupport_introspection_cpp.so
[5.291s] -- Set runtime path of "/home/yami/CODE/Tiburon Software Induction/install/interfaces/lib/libinterfaces__rosidl_typesupport_introspection_cpp.so" to ""
[5.292s] -- Installing: /home/yami/CODE/Tiburon Software Induction/install/interfaces/lib/libinterfaces__rosidl_typesupport_cpp.so
[5.292s] -- Set runtime path of "/home/yami/CODE/Tiburon Software Induction/install/interfaces/lib/libinterfaces__rosidl_typesupport_cpp.so" to ""
[5.292s] -- Installing: /home/yami/CODE/Tiburon Software Induction/install/interfaces/share/interfaces/environment/pythonpath.sh
[5.292s] -- Installing: /home/yami/CODE/Tiburon Software Induction/install/interfaces/share/interfaces/environment/pythonpath.dsv
[5.292s] -- Installing: /home/yami/CODE/Tiburon Software Induction/install/interfaces/local/lib/python3.10/dist-packages/interfaces-0.0.0-py3.10.egg-info
[5.293s] -- Installing: /home/yami/CODE/Tiburon Software Induction/install/interfaces/local/lib/python3.10/dist-packages/interfaces-0.0.0-py3.10.egg-info/dependency_links.txt
[5.293s] -- Installing: /home/yami/CODE/Tiburon Software Induction/install/interfaces/local/lib/python3.10/dist-packages/interfaces-0.0.0-py3.10.egg-info/top_level.txt
[5.293s] -- Installing: /home/yami/CODE/Tiburon Software Induction/install/interfaces/local/lib/python3.10/dist-packages/interfaces-0.0.0-py3.10.egg-info/SOURCES.txt
[5.293s] -- Installing: /home/yami/CODE/Tiburon Software Induction/install/interfaces/local/lib/python3.10/dist-packages/interfaces-0.0.0-py3.10.egg-info/PKG-INFO
[5.293s] -- Installing: /home/yami/CODE/Tiburon Software Induction/install/interfaces/local/lib/python3.10/dist-packages/interfaces
[5.293s] -- Installing: /home/yami/CODE/Tiburon Software Induction/install/interfaces/local/lib/python3.10/dist-packages/interfaces/_interfaces_s.ep.rosidl_typesupport_introspection_c.c
[5.293s] -- Installing: /home/yami/CODE/Tiburon Software Induction/install/interfaces/local/lib/python3.10/dist-packages/interfaces/__init__.py
[5.294s] -- Installing: /home/yami/CODE/Tiburon Software Induction/install/interfaces/local/lib/python3.10/dist-packages/interfaces/_interfaces_s.ep.rosidl_typesupport_fastrtps_c.c
[5.294s] -- Installing: /home/yami/CODE/Tiburon Software Induction/install/interfaces/local/lib/python3.10/dist-packages/interfaces/libinterfaces__rosidl_generator_py.so
[5.294s] -- Installing: /home/yami/CODE/Tiburon Software Induction/install/interfaces/local/lib/python3.10/dist-packages/interfaces/srv
[5.294s] -- Installing: /home/yami/CODE/Tiburon Software Induction/install/interfaces/local/lib/python3.10/dist-packages/interfaces/srv/_draw_shape.py
[5.294s] -- Installing: /home/yami/CODE/Tiburon Software Induction/install/interfaces/local/lib/python3.10/dist-packages/interfaces/srv/__init__.py
[5.294s] -- Installing: /home/yami/CODE/Tiburon Software Induction/install/interfaces/local/lib/python3.10/dist-packages/interfaces/srv/_draw_shape_s.c
[5.294s] -- Installing: /home/yami/CODE/Tiburon Software Induction/install/interfaces/local/lib/python3.10/dist-packages/interfaces/interfaces_s__rosidl_typesupport_fastrtps_c.cpython-310-x86_64-linux-gnu.so
[5.294s] -- Installing: /home/yami/CODE/Tiburon Software Induction/install/interfaces/local/lib/python3.10/dist-packages/interfaces/_interfaces_s.ep.rosidl_typesupport_c.c
[5.295s] -- Installing: /home/yami/CODE/Tiburon Software Induction/install/interfaces/local/lib/python3.10/dist-packages/interfaces/interfaces_s__rosidl_typesupport_introspection_c.cpython-310-x86_64-linux-gnu.so
[5.295s] -- Installing: /home/yami/CODE/Tiburon Software Induction/install/interfaces/local/lib/python3.10/dist-packages/interfaces/interfaces_s__rosidl_typesupport_c.cpython-310-x86_64-linux-gnu.so
[5.342s] Listing '/home/yami/CODE/Tiburon Software Induction/install/interfaces/local/lib/python3.10/dist-packages/interfaces'...
[5.342s] Compiling '/home/yami/CODE/Tiburon Software Induction/install/interfaces/local/lib/python3.10/dist-packages/interfaces/__init__.py'...
[5.342s] Listing '/home/yami/CODE/Tiburon Software Induction/install/interfaces/local/lib/python3.10/dist-packages/interfaces/srv'...
[5.342s] Compiling '/home/yami/CODE/Tiburon Software Induction/install/interfaces/local/lib/python3.10/dist-packages/interfaces/srv/__init__.py'...
[5.342s] Compiling '/home/yami/CODE/Tiburon Software Induction/install/interfaces/local/lib/python3.10/dist-packages/interfaces/srv/_draw_shape.py'...
[5.348s] -- Installing: /home/yami/CODE/Tiburon Software Induction/install/interfaces/local/lib/python3.10/dist-packages/interfaces/interfaces_s__rosidl_typesupport_fastrtps_c.cpython-310-x86_64-linux-gnu.so
[5.349s] -- Set runtime path of "/home/yami/CODE/Tiburon Software Induction/install/interfaces/local/lib/python3.10/dist-packages/interfaces/interfaces_s__rosidl_typesupport_fastrtps_c.cpython-310-x86_64-linux-gnu.so" to ""
[5.349s] -- Installing: /home/yami/CODE/Tiburon Software Induction/install/interfaces/local/lib/python3.10/dist-packages/interfaces/interfaces_s__rosidl_typesupport_introspection_c.cpython-310-x86_64-linux-gnu.so
[5.350s] -- Set runtime path of "/home/yami/CODE/Tiburon Software Induction/install/interfaces/local/lib/python3.10/dist-packages/interfaces/interfaces_s__rosidl_typesupport_introspection_c.cpython-310-x86_64-linux-gnu.so" to ""
[5.350s] -- Installing: /home/yami/CODE/Tiburon Software Induction/install/interfaces/local/lib/python3.10/dist-packages/interfaces/interfaces_s__rosidl_typesupport_c.cpython-310-x86_64-linux-gnu.so
[5.351s] -- Set runtime path of "/home/yami/CODE/Tiburon Software Induction/install/interfaces/local/lib/python3.10/dist-packages/interfaces/interfaces_s__rosidl_typesupport_c.cpython-310-x86_64-linux-gnu.so" to ""
[5.351s] -- Installing: /home/yami/CODE/Tiburon Software Induction/install/interfaces/lib/libinterfaces__rosidl_generator_py.so
[5.352s] -- Set runtime path of "/home/yami/CODE/Tiburon Software Induction/install/interfaces/lib/libinterfaces__rosidl_generator_py.so" to ""
[5.352s] -- Installing: /home/yami/CODE/Tiburon Software Induction/install/interfaces/share/interfaces/srv/DrawShape.idl
[5.352s] -- Installing: /home/yami/CODE/Tiburon Software Induction/install/interfaces/share/interfaces/srv/DrawShape.srv
[5.352s] -- Installing: /home/yami/CODE/Tiburon Software Induction/install/interfaces/share/interfaces/srv/DrawShape_Request.msg
[5.353s] -- Installing: /home/yami/CODE/Tiburon Software Induction/install/interfaces/share/interfaces/srv/DrawShape_Response.msg
[5.353s] -- Installing: /home/yami/CODE/Tiburon Software Induction/install/interfaces/share/ament_index/resource_index/package_run_dependencies/interfaces
[5.353s] -- Installing: /home/yami/CODE/Tiburon Software Induction/install/interfaces/share/ament_index/resource_index/parent_prefix_path/interfaces
[5.354s] -- Installing: /home/yami/CODE/Tiburon Software Induction/install/interfaces/share/interfaces/environment/ament_prefix_path.sh
[5.354s] -- Installing: /home/yami/CODE/Tiburon Software Induction/install/interfaces/share/interfaces/environment/ament_prefix_path.dsv
[5.354s] -- Installing: /home/yami/CODE/Tiburon Software Induction/install/interfaces/share/interfaces/environment/path.sh
[5.354s] -- Installing: /home/yami/CODE/Tiburon Software Induction/install/interfaces/share/interfaces/environment/path.dsv
[5.355s] -- Installing: /home/yami/CODE/Tiburon Software Induction/install/interfaces/share/interfaces/local_setup.bash
[5.355s] -- Installing: /home/yami/CODE/Tiburon Software Induction/install/interfaces/share/interfaces/local_setup.sh
[5.355s] -- Installing: /home/yami/CODE/Tiburon Software Induction/install/interfaces/share/interfaces/local_setup.zsh
[5.355s] -- Installing: /home/yami/CODE/Tiburon Software Induction/install/interfaces/share/interfaces/local_setup.dsv
[5.356s] -- Installing: /home/yami/CODE/Tiburon Software Induction/install/interfaces/share/interfaces/package.dsv
[5.356s] -- Installing: /home/yami/CODE/Tiburon Software Induction/install/interfaces/share/ament_index/resource_index/packages/interfaces
[5.356s] -- Installing: /home/yami/CODE/Tiburon Software Induction/install/interfaces/share/interfaces/cmake/export_interfaces__rosidl_generator_cExport.cmake
[5.357s] -- Installing: /home/yami/CODE/Tiburon Software Induction/install/interfaces/share/interfaces/cmake/export_interfaces__rosidl_generator_cExport-noconfig.cmake
[5.357s] -- Installing: /home/yami/CODE/Tiburon Software Induction/install/interfaces/share/interfaces/cmake/export_interfaces__rosidl_typesupport_fastrtps_cExport.cmake
[5.357s] -- Installing: /home/yami/CODE/Tiburon Software Induction/install/interfaces/share/interfaces/cmake/export_interfaces__rosidl_typesupport_fastrtps_cExport-noconfig.cmake
[5.357s] -- Installing: /home/yami/CODE/Tiburon Software Induction/install/interfaces/share/interfaces/cmake/interfaces__rosidl_typesupport_introspection_cExport.cmake
[5.358s] -- Installing: /home/yami/CODE/Tiburon Software Induction/install/interfaces/share/interfaces/cmake/interfaces__rosidl_typesupport_introspection_cExport-noconfig.cmake
[5.358s] -- Installing: /home/yami/CODE/Tiburon Software Induction/install/interfaces/share/interfaces/cmake/interfaces__rosidl_typesupport_cExport.cmake
[5.358s] -- Installing: /home/yami/CODE/Tiburon Software Induction/install/interfaces/share/interfaces/cmake/interfaces__rosidl_typesupport_cExport-noconfig.cmake
[5.358s] -- Installing: /home/yami/CODE/Tiburon Software Induction/install/interfaces/share/interfaces/cmake/export_interfaces__rosidl_generator_cppExport.cmake
[5.359s] -- Installing: /home/yami/CODE/Tiburon Software Induction/install/interfaces/share/interfaces/cmake/export_interfaces__rosidl_typesupport_fastrtps_cppExport.cmake
[5.359s] -- Installing: /home/yami/CODE/Tiburon Software Induction/install/interfaces/share/interfaces/cmake/export_interfaces__rosidl_typesupport_fastrtps_cppExport-noconfig.cmake
[5.359s] -- Installing: /home/yami/CODE/Tiburon Software Induction/install/interfaces/share/interfaces/cmake/interfaces__rosidl_typesupport_introspection_cppExport.cmake
[5.359s] -- Installing: /home/yami/CODE/Tiburon Software Induction/install/interfaces/share/interfaces/cmake/interfaces__rosidl_typesupport_introspection_cppExport-noconfig.cmake
[5.359s] -- Installing: /home/yami/CODE/Tiburon Software Induction/install/interfaces/share/interfaces/cmake/interfaces__rosidl_typesupport_cppExport.cmake
[5.359s] -- Installing: /home/yami/CODE/Tiburon Software Induction/install/interfaces/share/interfaces/cmake/interfaces__rosidl_typesupport_cppExport-noconfig.cmake
[5.360s] -- Installing: /home/yami/CODE/Tiburon Software Induction/install/interfaces/share/interfaces/cmake/export_interfaces__rosidl_generator_pyExport.cmake
[5.360s] -- Installing: /home/yami/CODE/Tiburon Software Induction/install/interfaces/share/interfaces/cmake/export_interfaces__rosidl_generator_pyExport-noconfig.cmake
[5.360s] -- Installing: /home/yami/CODE/Tiburon Software Induction/install/interfaces/share/interfaces/cmake/rosidl_cmake-extras.cmake
[5.360s] -- Installing: /home/yami/CODE/Tiburon Software Induction/install/interfaces/share/interfaces/cmake/ament_cmake_export_include_directories-extras.cmake
[5.360s] -- Installing: /home/yami/CODE/Tiburon Software Induction/install/interfaces/share/interfaces/cmake/ament_cmake_export_libraries-extras.cmake
[5.361s] -- Installing: /home/yami/CODE/Tiburon Software Induction/install/interfaces/share/interfaces/cmake/ament_cmake_export_targets-extras.cmake
[5.361s] -- Installing: /home/yami/CODE/Tiburon Software Induction/install/interfaces/share/interfaces/cmake/rosidl_cmake_export_typesupport_targets-extras.cmake
[5.361s] -- Installing: /home/yami/CODE/Tiburon Software Induction/install/interfaces/share/interfaces/cmake/ament_cmake_export_dependencies-extras.cmake
[5.361s] -- Installing: /home/yami/CODE/Tiburon Software Induction/install/interfaces/share/interfaces/cmake/rosidl_cmake_export_typesupport_libraries-extras.cmake
[5.361s] -- Installing: /home/yami/CODE/Tiburon Software Induction/install/interfaces/share/interfaces/cmake/interfacesConfig.cmake
[5.361s] -- Installing: /home/yami/CODE/Tiburon Software Induction/install/interfaces/share/interfaces/cmake/interfacesConfig-version.cmake
[5.362s] -- Installing: /home/yami/CODE/Tiburon Software Induction/install/interfaces/share/interfaces/package.xml
[5.365s] Invoked command in '/home/yami/CODE/Tiburon Software Induction/build/interfaces' returned '0': CMAKE_PREFIX_PATH=${CMAKE_PREFIX_PATH}:/home/yami/CODE/Tiburon Software Induction/install/turtle_controller:/opt/ros/humble /usr/bin/cmake --install /home/yami/CODE/Tiburon Software Induction/build/interfaces
