/home/yami/CODE/Tiburon Software Induction/install/turtle_controller/lib/python3.10/site-packages/turtle_controller/move_turtle.py
/home/yami/CODE/Tiburon Software Induction/install/turtle_controller/lib/python3.10/site-packages/turtle_controller/__init__.py
/home/yami/CODE/Tiburon Software Induction/install/turtle_controller/lib/python3.10/site-packages/turtle_controller/spiral_turtle_parameters.py
/home/yami/CODE/Tiburon Software Induction/install/turtle_controller/lib/python3.10/site-packages/turtle_controller/spiral_turtle.py
/home/yami/CODE/Tiburon Software Induction/install/turtle_controller/lib/python3.10/site-packages/turtle_controller/draw_shape_service.py
/home/yami/CODE/Tiburon Software Induction/install/turtle_controller/lib/python3.10/site-packages/turtle_controller/__pycache__/move_turtle.cpython-310.pyc
/home/yami/CODE/Tiburon Software Induction/install/turtle_controller/lib/python3.10/site-packages/turtle_controller/__pycache__/__init__.cpython-310.pyc
/home/yami/CODE/Tiburon Software Induction/install/turtle_controller/lib/python3.10/site-packages/turtle_controller/__pycache__/spiral_turtle_parameters.cpython-310.pyc
/home/yami/CODE/Tiburon Software Induction/install/turtle_controller/lib/python3.10/site-packages/turtle_controller/__pycache__/spiral_turtle.cpython-310.pyc
/home/yami/CODE/Tiburon Software Induction/install/turtle_controller/lib/python3.10/site-packages/turtle_controller/__pycache__/draw_shape_service.cpython-310.pyc
/home/yami/CODE/Tiburon Software Induction/install/turtle_controller/share/ament_index/resource_index/packages/turtle_controller
/home/yami/CODE/Tiburon Software Induction/install/turtle_controller/share/turtle_controller/package.xml
/home/yami/CODE/Tiburon Software Induction/install/turtle_controller/lib/python3.10/site-packages/turtle_controller-0.0.0-py3.10.egg-info/dependency_links.txt
/home/yami/CODE/Tiburon Software Induction/install/turtle_controller/lib/python3.10/site-packages/turtle_controller-0.0.0-py3.10.egg-info/top_level.txt
/home/yami/CODE/Tiburon Software Induction/install/turtle_controller/lib/python3.10/site-packages/turtle_controller-0.0.0-py3.10.egg-info/zip-safe
/home/yami/CODE/Tiburon Software Induction/install/turtle_controller/lib/python3.10/site-packages/turtle_controller-0.0.0-py3.10.egg-info/SOURCES.txt
/home/yami/CODE/Tiburon Software Induction/install/turtle_controller/lib/python3.10/site-packages/turtle_controller-0.0.0-py3.10.egg-info/entry_points.txt
/home/yami/CODE/Tiburon Software Induction/install/turtle_controller/lib/python3.10/site-packages/turtle_controller-0.0.0-py3.10.egg-info/PKG-INFO
/home/yami/CODE/Tiburon Software Induction/install/turtle_controller/lib/python3.10/site-packages/turtle_controller-0.0.0-py3.10.egg-info/requires.txt
/home/yami/CODE/Tiburon Software Induction/install/turtle_controller/lib/turtle_controller/draw_shape_service
/home/yami/CODE/Tiburon Software Induction/install/turtle_controller/lib/turtle_controller/move_turtle
/home/yami/CODE/Tiburon Software Induction/install/turtle_controller/lib/turtle_controller/spiral_turtle
/home/yami/CODE/Tiburon Software Induction/install/turtle_controller/lib/turtle_controller/spiral_turtle_parameters
