[0.157s] Invoking command in '/home/yami/CODE/Tiburon Software Induction/build/turtle_interfaces': CMAKE_PREFIX_PATH=/opt/ros/humble /usr/bin/cmake --build /home/yami/CODE/Tiburon Software Induction/build/turtle_interfaces -- -j8 -l8
[1.713s] [35m[1mConsolidate compiler generated dependencies of target turtle_interfaces__rosidl_generator_c[0m
[1.717s] [  3%] Built target turtle_interfaces__cpp
[1.735s] [ 12%] Built target turtle_interfaces__rosidl_generator_c
[1.841s] [35m[1mConsolidate compiler generated dependencies of target turtle_interfaces__rosidl_typesupport_cpp[0m
[1.845s] [35m[1mConsolidate compiler generated dependencies of target turtle_interfaces__rosidl_typesupport_fastrtps_cpp[0m
[1.845s] [35m[1mConsolidate compiler generated dependencies of target turtle_interfaces__rosidl_typesupport_introspection_c[0m
[1.852s] [35m[1mConsolidate compiler generated dependencies of target turtle_interfaces__rosidl_typesupport_fastrtps_c[0m
[1.854s] [ 12%] Built target ament_cmake_python_copy_turtle_interfaces
[1.861s] [35m[1mConsolidate compiler generated dependencies of target turtle_interfaces__rosidl_typesupport_introspection_cpp[0m
[1.863s] [ 22%] Built target turtle_interfaces__rosidl_typesupport_cpp
[1.880s] [ 32%] Built target turtle_interfaces__rosidl_typesupport_introspection_cpp
[1.880s] [ 41%] Built target turtle_interfaces__rosidl_typesupport_introspection_c
[1.883s] [ 51%] Built target turtle_interfaces__rosidl_typesupport_fastrtps_c
[1.884s] [ 61%] Built target turtle_interfaces__rosidl_typesupport_fastrtps_cpp
[1.889s] [35m[1mConsolidate compiler generated dependencies of target turtle_interfaces__rosidl_typesupport_c[0m
[1.903s] [ 70%] Built target turtle_interfaces__rosidl_typesupport_c
[2.000s] [ 70%] Built target turtle_interfaces
[2.028s] [ 74%] Built target turtle_interfaces__py
[2.042s] [35m[1mConsolidate compiler generated dependencies of target turtle_interfaces__rosidl_generator_py[0m
[2.057s] [ 80%] Built target turtle_interfaces__rosidl_generator_py
[2.133s] [35m[1mConsolidate compiler generated dependencies of target turtle_interfaces__rosidl_typesupport_c__pyext[0m
[2.134s] [35m[1mConsolidate compiler generated dependencies of target turtle_interfaces__rosidl_typesupport_fastrtps_c__pyext[0m
[2.137s] [35m[1mConsolidate compiler generated dependencies of target turtle_interfaces__rosidl_typesupport_introspection_c__pyext[0m
[2.154s] [ 87%] Built target turtle_interfaces__rosidl_typesupport_c__pyext
[2.156s] [ 93%] Built target turtle_interfaces__rosidl_typesupport_fastrtps_c__pyext
[2.160s] [100%] Built target turtle_interfaces__rosidl_typesupport_introspection_c__pyext
[2.284s] running egg_info
[2.285s] writing turtle_interfaces.egg-info/PKG-INFO
[2.285s] writing dependency_links to turtle_interfaces.egg-info/dependency_links.txt
[2.286s] writing top-level names to turtle_interfaces.egg-info/top_level.txt
[2.288s] reading manifest file 'turtle_interfaces.egg-info/SOURCES.txt'
[2.289s] writing manifest file 'turtle_interfaces.egg-info/SOURCES.txt'
[2.325s] [100%] Built target ament_cmake_python_build_turtle_interfaces_egg
[2.340s] Invoked command in '/home/yami/CODE/Tiburon Software Induction/build/turtle_interfaces' returned '0': CMAKE_PREFIX_PATH=/opt/ros/humble /usr/bin/cmake --build /home/yami/CODE/Tiburon Software Induction/build/turtle_interfaces -- -j8 -l8
[2.353s] Invoking command in '/home/yami/CODE/Tiburon Software Induction/build/turtle_interfaces': CMAKE_PREFIX_PATH=/opt/ros/humble /usr/bin/cmake --install /home/yami/CODE/Tiburon Software Induction/build/turtle_interfaces
[2.363s] -- Install configuration: ""
[2.364s] -- Up-to-date: /home/yami/CODE/Tiburon Software Induction/install/turtle_interfaces/share/ament_index/resource_index/rosidl_interfaces/turtle_interfaces
[2.364s] -- Up-to-date: /home/yami/CODE/Tiburon Software Induction/install/turtle_interfaces/include/turtle_interfaces/turtle_interfaces
[2.364s] -- Up-to-date: /home/yami/CODE/Tiburon Software Induction/install/turtle_interfaces/include/turtle_interfaces/turtle_interfaces/msg
[2.365s] -- Up-to-date: /home/yami/CODE/Tiburon Software Induction/install/turtle_interfaces/include/turtle_interfaces/turtle_interfaces/msg/rosidl_generator_c__visibility_control.h
[2.365s] -- Up-to-date: /home/yami/CODE/Tiburon Software Induction/install/turtle_interfaces/include/turtle_interfaces/turtle_interfaces/srv
[2.365s] -- Up-to-date: /home/yami/CODE/Tiburon Software Induction/install/turtle_interfaces/include/turtle_interfaces/turtle_interfaces/srv/draw_shape.h
[2.366s] -- Up-to-date: /home/yami/CODE/Tiburon Software Induction/install/turtle_interfaces/include/turtle_interfaces/turtle_interfaces/srv/detail
[2.366s] -- Up-to-date: /home/yami/CODE/Tiburon Software Induction/install/turtle_interfaces/include/turtle_interfaces/turtle_interfaces/srv/detail/draw_shape__functions.h
[2.366s] -- Up-to-date: /home/yami/CODE/Tiburon Software Induction/install/turtle_interfaces/include/turtle_interfaces/turtle_interfaces/srv/detail/draw_shape__functions.c
[2.366s] -- Up-to-date: /home/yami/CODE/Tiburon Software Induction/install/turtle_interfaces/include/turtle_interfaces/turtle_interfaces/srv/detail/draw_shape__struct.h
[2.366s] -- Up-to-date: /home/yami/CODE/Tiburon Software Induction/install/turtle_interfaces/include/turtle_interfaces/turtle_interfaces/srv/detail/draw_shape__type_support.h
[2.367s] -- Up-to-date: /home/yami/CODE/Tiburon Software Induction/install/turtle_interfaces/share/turtle_interfaces/environment/library_path.sh
[2.367s] -- Up-to-date: /home/yami/CODE/Tiburon Software Induction/install/turtle_interfaces/share/turtle_interfaces/environment/library_path.dsv
[2.367s] -- Up-to-date: /home/yami/CODE/Tiburon Software Induction/install/turtle_interfaces/lib/libturtle_interfaces__rosidl_generator_c.so
[2.367s] -- Up-to-date: /home/yami/CODE/Tiburon Software Induction/install/turtle_interfaces/include/turtle_interfaces/turtle_interfaces
[2.367s] -- Up-to-date: /home/yami/CODE/Tiburon Software Induction/install/turtle_interfaces/include/turtle_interfaces/turtle_interfaces/msg
[2.367s] -- Up-to-date: /home/yami/CODE/Tiburon Software Induction/install/turtle_interfaces/include/turtle_interfaces/turtle_interfaces/msg/rosidl_typesupport_fastrtps_c__visibility_control.h
[2.367s] -- Up-to-date: /home/yami/CODE/Tiburon Software Induction/install/turtle_interfaces/include/turtle_interfaces/turtle_interfaces/srv
[2.367s] -- Up-to-date: /home/yami/CODE/Tiburon Software Induction/install/turtle_interfaces/include/turtle_interfaces/turtle_interfaces/srv/detail
[2.368s] -- Up-to-date: /home/yami/CODE/Tiburon Software Induction/install/turtle_interfaces/include/turtle_interfaces/turtle_interfaces/srv/detail/draw_shape__rosidl_typesupport_fastrtps_c.h
[2.368s] -- Up-to-date: /home/yami/CODE/Tiburon Software Induction/install/turtle_interfaces/lib/libturtle_interfaces__rosidl_typesupport_fastrtps_c.so
[2.368s] -- Up-to-date: /home/yami/CODE/Tiburon Software Induction/install/turtle_interfaces/include/turtle_interfaces/turtle_interfaces
[2.368s] -- Up-to-date: /home/yami/CODE/Tiburon Software Induction/install/turtle_interfaces/include/turtle_interfaces/turtle_interfaces/msg
[2.368s] -- Up-to-date: /home/yami/CODE/Tiburon Software Induction/install/turtle_interfaces/include/turtle_interfaces/turtle_interfaces/msg/rosidl_typesupport_introspection_c__visibility_control.h
[2.368s] -- Up-to-date: /home/yami/CODE/Tiburon Software Induction/install/turtle_interfaces/include/turtle_interfaces/turtle_interfaces/srv
[2.368s] -- Up-to-date: /home/yami/CODE/Tiburon Software Induction/install/turtle_interfaces/include/turtle_interfaces/turtle_interfaces/srv/detail
[2.368s] -- Up-to-date: /home/yami/CODE/Tiburon Software Induction/install/turtle_interfaces/include/turtle_interfaces/turtle_interfaces/srv/detail/draw_shape__rosidl_typesupport_introspection_c.h
[2.368s] -- Up-to-date: /home/yami/CODE/Tiburon Software Induction/install/turtle_interfaces/include/turtle_interfaces/turtle_interfaces/srv/detail/draw_shape__type_support.c
[2.369s] -- Up-to-date: /home/yami/CODE/Tiburon Software Induction/install/turtle_interfaces/lib/libturtle_interfaces__rosidl_typesupport_introspection_c.so
[2.369s] -- Up-to-date: /home/yami/CODE/Tiburon Software Induction/install/turtle_interfaces/lib/libturtle_interfaces__rosidl_typesupport_c.so
[2.369s] -- Up-to-date: /home/yami/CODE/Tiburon Software Induction/install/turtle_interfaces/include/turtle_interfaces/turtle_interfaces
[2.369s] -- Up-to-date: /home/yami/CODE/Tiburon Software Induction/install/turtle_interfaces/include/turtle_interfaces/turtle_interfaces/msg
[2.369s] -- Up-to-date: /home/yami/CODE/Tiburon Software Induction/install/turtle_interfaces/include/turtle_interfaces/turtle_interfaces/msg/rosidl_generator_cpp__visibility_control.hpp
[2.369s] -- Up-to-date: /home/yami/CODE/Tiburon Software Induction/install/turtle_interfaces/include/turtle_interfaces/turtle_interfaces/srv
[2.369s] -- Up-to-date: /home/yami/CODE/Tiburon Software Induction/install/turtle_interfaces/include/turtle_interfaces/turtle_interfaces/srv/detail
[2.369s] -- Up-to-date: /home/yami/CODE/Tiburon Software Induction/install/turtle_interfaces/include/turtle_interfaces/turtle_interfaces/srv/detail/draw_shape__traits.hpp
[2.370s] -- Up-to-date: /home/yami/CODE/Tiburon Software Induction/install/turtle_interfaces/include/turtle_interfaces/turtle_interfaces/srv/detail/draw_shape__builder.hpp
[2.370s] -- Up-to-date: /home/yami/CODE/Tiburon Software Induction/install/turtle_interfaces/include/turtle_interfaces/turtle_interfaces/srv/detail/draw_shape__struct.hpp
[2.370s] -- Up-to-date: /home/yami/CODE/Tiburon Software Induction/install/turtle_interfaces/include/turtle_interfaces/turtle_interfaces/srv/detail/draw_shape__type_support.hpp
[2.370s] -- Up-to-date: /home/yami/CODE/Tiburon Software Induction/install/turtle_interfaces/include/turtle_interfaces/turtle_interfaces/srv/draw_shape.hpp
[2.370s] -- Up-to-date: /home/yami/CODE/Tiburon Software Induction/install/turtle_interfaces/include/turtle_interfaces/turtle_interfaces
[2.370s] -- Up-to-date: /home/yami/CODE/Tiburon Software Induction/install/turtle_interfaces/include/turtle_interfaces/turtle_interfaces/msg
[2.370s] -- Up-to-date: /home/yami/CODE/Tiburon Software Induction/install/turtle_interfaces/include/turtle_interfaces/turtle_interfaces/msg/rosidl_typesupport_fastrtps_cpp__visibility_control.h
[2.370s] -- Up-to-date: /home/yami/CODE/Tiburon Software Induction/install/turtle_interfaces/include/turtle_interfaces/turtle_interfaces/srv
[2.371s] -- Up-to-date: /home/yami/CODE/Tiburon Software Induction/install/turtle_interfaces/include/turtle_interfaces/turtle_interfaces/srv/detail
[2.371s] -- Up-to-date: /home/yami/CODE/Tiburon Software Induction/install/turtle_interfaces/include/turtle_interfaces/turtle_interfaces/srv/detail/dds_fastrtps
[2.371s] -- Up-to-date: /home/yami/CODE/Tiburon Software Induction/install/turtle_interfaces/include/turtle_interfaces/turtle_interfaces/srv/detail/draw_shape__rosidl_typesupport_fastrtps_cpp.hpp
[2.371s] -- Up-to-date: /home/yami/CODE/Tiburon Software Induction/install/turtle_interfaces/lib/libturtle_interfaces__rosidl_typesupport_fastrtps_cpp.so
[2.371s] -- Up-to-date: /home/yami/CODE/Tiburon Software Induction/install/turtle_interfaces/include/turtle_interfaces/turtle_interfaces
[2.371s] -- Up-to-date: /home/yami/CODE/Tiburon Software Induction/install/turtle_interfaces/include/turtle_interfaces/turtle_interfaces/srv
[2.371s] -- Up-to-date: /home/yami/CODE/Tiburon Software Induction/install/turtle_interfaces/include/turtle_interfaces/turtle_interfaces/srv/detail
[2.372s] -- Up-to-date: /home/yami/CODE/Tiburon Software Induction/install/turtle_interfaces/include/turtle_interfaces/turtle_interfaces/srv/detail/draw_shape__type_support.cpp
[2.372s] -- Up-to-date: /home/yami/CODE/Tiburon Software Induction/install/turtle_interfaces/include/turtle_interfaces/turtle_interfaces/srv/detail/draw_shape__rosidl_typesupport_introspection_cpp.hpp
[2.373s] -- Up-to-date: /home/yami/CODE/Tiburon Software Induction/install/turtle_interfaces/lib/libturtle_interfaces__rosidl_typesupport_introspection_cpp.so
[2.373s] -- Up-to-date: /home/yami/CODE/Tiburon Software Induction/install/turtle_interfaces/lib/libturtle_interfaces__rosidl_typesupport_cpp.so
[2.374s] -- Up-to-date: /home/yami/CODE/Tiburon Software Induction/install/turtle_interfaces/share/turtle_interfaces/environment/pythonpath.sh
[2.374s] -- Up-to-date: /home/yami/CODE/Tiburon Software Induction/install/turtle_interfaces/share/turtle_interfaces/environment/pythonpath.dsv
[2.374s] -- Up-to-date: /home/yami/CODE/Tiburon Software Induction/install/turtle_interfaces/local/lib/python3.10/dist-packages/turtle_interfaces-0.0.0-py3.10.egg-info
[2.374s] -- Installing: /home/yami/CODE/Tiburon Software Induction/install/turtle_interfaces/local/lib/python3.10/dist-packages/turtle_interfaces-0.0.0-py3.10.egg-info/dependency_links.txt
[2.375s] -- Installing: /home/yami/CODE/Tiburon Software Induction/install/turtle_interfaces/local/lib/python3.10/dist-packages/turtle_interfaces-0.0.0-py3.10.egg-info/top_level.txt
[2.375s] -- Installing: /home/yami/CODE/Tiburon Software Induction/install/turtle_interfaces/local/lib/python3.10/dist-packages/turtle_interfaces-0.0.0-py3.10.egg-info/SOURCES.txt
[2.375s] -- Installing: /home/yami/CODE/Tiburon Software Induction/install/turtle_interfaces/local/lib/python3.10/dist-packages/turtle_interfaces-0.0.0-py3.10.egg-info/PKG-INFO
[2.375s] -- Up-to-date: /home/yami/CODE/Tiburon Software Induction/install/turtle_interfaces/local/lib/python3.10/dist-packages/turtle_interfaces
[2.376s] -- Up-to-date: /home/yami/CODE/Tiburon Software Induction/install/turtle_interfaces/local/lib/python3.10/dist-packages/turtle_interfaces/_turtle_interfaces_s.ep.rosidl_typesupport_fastrtps_c.c
[2.376s] -- Up-to-date: /home/yami/CODE/Tiburon Software Induction/install/turtle_interfaces/local/lib/python3.10/dist-packages/turtle_interfaces/__init__.py
[2.376s] -- Up-to-date: /home/yami/CODE/Tiburon Software Induction/install/turtle_interfaces/local/lib/python3.10/dist-packages/turtle_interfaces/srv
[2.376s] -- Up-to-date: /home/yami/CODE/Tiburon Software Induction/install/turtle_interfaces/local/lib/python3.10/dist-packages/turtle_interfaces/srv/_draw_shape.py
[2.377s] -- Up-to-date: /home/yami/CODE/Tiburon Software Induction/install/turtle_interfaces/local/lib/python3.10/dist-packages/turtle_interfaces/srv/__init__.py
[2.377s] -- Up-to-date: /home/yami/CODE/Tiburon Software Induction/install/turtle_interfaces/local/lib/python3.10/dist-packages/turtle_interfaces/srv/_draw_shape_s.c
[2.377s] -- Up-to-date: /home/yami/CODE/Tiburon Software Induction/install/turtle_interfaces/local/lib/python3.10/dist-packages/turtle_interfaces/_turtle_interfaces_s.ep.rosidl_typesupport_c.c
[2.377s] -- Up-to-date: /home/yami/CODE/Tiburon Software Induction/install/turtle_interfaces/local/lib/python3.10/dist-packages/turtle_interfaces/_turtle_interfaces_s.ep.rosidl_typesupport_introspection_c.c
[2.377s] -- Up-to-date: /home/yami/CODE/Tiburon Software Induction/install/turtle_interfaces/local/lib/python3.10/dist-packages/turtle_interfaces/turtle_interfaces_s__rosidl_typesupport_introspection_c.cpython-310-x86_64-linux-gnu.so
[2.377s] -- Up-to-date: /home/yami/CODE/Tiburon Software Induction/install/turtle_interfaces/local/lib/python3.10/dist-packages/turtle_interfaces/libturtle_interfaces__rosidl_generator_py.so
[2.377s] -- Up-to-date: /home/yami/CODE/Tiburon Software Induction/install/turtle_interfaces/local/lib/python3.10/dist-packages/turtle_interfaces/turtle_interfaces_s__rosidl_typesupport_c.cpython-310-x86_64-linux-gnu.so
[2.378s] -- Up-to-date: /home/yami/CODE/Tiburon Software Induction/install/turtle_interfaces/local/lib/python3.10/dist-packages/turtle_interfaces/turtle_interfaces_s__rosidl_typesupport_fastrtps_c.cpython-310-x86_64-linux-gnu.so
[2.413s] Listing '/home/yami/CODE/Tiburon Software Induction/install/turtle_interfaces/local/lib/python3.10/dist-packages/turtle_interfaces'...
[2.413s] Listing '/home/yami/CODE/Tiburon Software Induction/install/turtle_interfaces/local/lib/python3.10/dist-packages/turtle_interfaces/srv'...
[2.419s] -- Up-to-date: /home/yami/CODE/Tiburon Software Induction/install/turtle_interfaces/local/lib/python3.10/dist-packages/turtle_interfaces/turtle_interfaces_s__rosidl_typesupport_fastrtps_c.cpython-310-x86_64-linux-gnu.so
[2.420s] -- Up-to-date: /home/yami/CODE/Tiburon Software Induction/install/turtle_interfaces/local/lib/python3.10/dist-packages/turtle_interfaces/turtle_interfaces_s__rosidl_typesupport_introspection_c.cpython-310-x86_64-linux-gnu.so
[2.420s] -- Up-to-date: /home/yami/CODE/Tiburon Software Induction/install/turtle_interfaces/local/lib/python3.10/dist-packages/turtle_interfaces/turtle_interfaces_s__rosidl_typesupport_c.cpython-310-x86_64-linux-gnu.so
[2.421s] -- Up-to-date: /home/yami/CODE/Tiburon Software Induction/install/turtle_interfaces/lib/libturtle_interfaces__rosidl_generator_py.so
[2.421s] -- Up-to-date: /home/yami/CODE/Tiburon Software Induction/install/turtle_interfaces/share/turtle_interfaces/srv/DrawShape.idl
[2.421s] -- Up-to-date: /home/yami/CODE/Tiburon Software Induction/install/turtle_interfaces/share/turtle_interfaces/srv/DrawShape.srv
[2.422s] -- Up-to-date: /home/yami/CODE/Tiburon Software Induction/install/turtle_interfaces/share/turtle_interfaces/srv/DrawShape_Request.msg
[2.422s] -- Up-to-date: /home/yami/CODE/Tiburon Software Induction/install/turtle_interfaces/share/turtle_interfaces/srv/DrawShape_Response.msg
[2.422s] -- Up-to-date: /home/yami/CODE/Tiburon Software Induction/install/turtle_interfaces/share/ament_index/resource_index/package_run_dependencies/turtle_interfaces
[2.422s] -- Up-to-date: /home/yami/CODE/Tiburon Software Induction/install/turtle_interfaces/share/ament_index/resource_index/parent_prefix_path/turtle_interfaces
[2.422s] -- Up-to-date: /home/yami/CODE/Tiburon Software Induction/install/turtle_interfaces/share/turtle_interfaces/environment/ament_prefix_path.sh
[2.423s] -- Up-to-date: /home/yami/CODE/Tiburon Software Induction/install/turtle_interfaces/share/turtle_interfaces/environment/ament_prefix_path.dsv
[2.423s] -- Up-to-date: /home/yami/CODE/Tiburon Software Induction/install/turtle_interfaces/share/turtle_interfaces/environment/path.sh
[2.423s] -- Up-to-date: /home/yami/CODE/Tiburon Software Induction/install/turtle_interfaces/share/turtle_interfaces/environment/path.dsv
[2.423s] -- Up-to-date: /home/yami/CODE/Tiburon Software Induction/install/turtle_interfaces/share/turtle_interfaces/local_setup.bash
[2.423s] -- Up-to-date: /home/yami/CODE/Tiburon Software Induction/install/turtle_interfaces/share/turtle_interfaces/local_setup.sh
[2.423s] -- Up-to-date: /home/yami/CODE/Tiburon Software Induction/install/turtle_interfaces/share/turtle_interfaces/local_setup.zsh
[2.423s] -- Up-to-date: /home/yami/CODE/Tiburon Software Induction/install/turtle_interfaces/share/turtle_interfaces/local_setup.dsv
[2.423s] -- Installing: /home/yami/CODE/Tiburon Software Induction/install/turtle_interfaces/share/turtle_interfaces/package.dsv
[2.424s] -- Up-to-date: /home/yami/CODE/Tiburon Software Induction/install/turtle_interfaces/share/ament_index/resource_index/packages/turtle_interfaces
[2.426s] -- Up-to-date: /home/yami/CODE/Tiburon Software Induction/install/turtle_interfaces/share/turtle_interfaces/cmake/export_turtle_interfaces__rosidl_generator_cExport.cmake
[2.426s] -- Up-to-date: /home/yami/CODE/Tiburon Software Induction/install/turtle_interfaces/share/turtle_interfaces/cmake/export_turtle_interfaces__rosidl_generator_cExport-noconfig.cmake
[2.426s] -- Up-to-date: /home/yami/CODE/Tiburon Software Induction/install/turtle_interfaces/share/turtle_interfaces/cmake/export_turtle_interfaces__rosidl_typesupport_fastrtps_cExport.cmake
[2.426s] -- Up-to-date: /home/yami/CODE/Tiburon Software Induction/install/turtle_interfaces/share/turtle_interfaces/cmake/export_turtle_interfaces__rosidl_typesupport_fastrtps_cExport-noconfig.cmake
[2.427s] -- Up-to-date: /home/yami/CODE/Tiburon Software Induction/install/turtle_interfaces/share/turtle_interfaces/cmake/turtle_interfaces__rosidl_typesupport_introspection_cExport.cmake
[2.427s] -- Up-to-date: /home/yami/CODE/Tiburon Software Induction/install/turtle_interfaces/share/turtle_interfaces/cmake/turtle_interfaces__rosidl_typesupport_introspection_cExport-noconfig.cmake
[2.428s] -- Up-to-date: /home/yami/CODE/Tiburon Software Induction/install/turtle_interfaces/share/turtle_interfaces/cmake/turtle_interfaces__rosidl_typesupport_cExport.cmake
[2.428s] -- Up-to-date: /home/yami/CODE/Tiburon Software Induction/install/turtle_interfaces/share/turtle_interfaces/cmake/turtle_interfaces__rosidl_typesupport_cExport-noconfig.cmake
[2.428s] -- Up-to-date: /home/yami/CODE/Tiburon Software Induction/install/turtle_interfaces/share/turtle_interfaces/cmake/export_turtle_interfaces__rosidl_generator_cppExport.cmake
[2.429s] -- Up-to-date: /home/yami/CODE/Tiburon Software Induction/install/turtle_interfaces/share/turtle_interfaces/cmake/export_turtle_interfaces__rosidl_typesupport_fastrtps_cppExport.cmake
[2.429s] -- Up-to-date: /home/yami/CODE/Tiburon Software Induction/install/turtle_interfaces/share/turtle_interfaces/cmake/export_turtle_interfaces__rosidl_typesupport_fastrtps_cppExport-noconfig.cmake
[2.429s] -- Up-to-date: /home/yami/CODE/Tiburon Software Induction/install/turtle_interfaces/share/turtle_interfaces/cmake/turtle_interfaces__rosidl_typesupport_introspection_cppExport.cmake
[2.429s] -- Up-to-date: /home/yami/CODE/Tiburon Software Induction/install/turtle_interfaces/share/turtle_interfaces/cmake/turtle_interfaces__rosidl_typesupport_introspection_cppExport-noconfig.cmake
[2.430s] -- Up-to-date: /home/yami/CODE/Tiburon Software Induction/install/turtle_interfaces/share/turtle_interfaces/cmake/turtle_interfaces__rosidl_typesupport_cppExport.cmake
[2.430s] -- Up-to-date: /home/yami/CODE/Tiburon Software Induction/install/turtle_interfaces/share/turtle_interfaces/cmake/turtle_interfaces__rosidl_typesupport_cppExport-noconfig.cmake
[2.430s] -- Up-to-date: /home/yami/CODE/Tiburon Software Induction/install/turtle_interfaces/share/turtle_interfaces/cmake/export_turtle_interfaces__rosidl_generator_pyExport.cmake
[2.431s] -- Up-to-date: /home/yami/CODE/Tiburon Software Induction/install/turtle_interfaces/share/turtle_interfaces/cmake/export_turtle_interfaces__rosidl_generator_pyExport-noconfig.cmake
[2.431s] -- Up-to-date: /home/yami/CODE/Tiburon Software Induction/install/turtle_interfaces/share/turtle_interfaces/cmake/rosidl_cmake-extras.cmake
[2.431s] -- Up-to-date: /home/yami/CODE/Tiburon Software Induction/install/turtle_interfaces/share/turtle_interfaces/cmake/ament_cmake_export_dependencies-extras.cmake
[2.431s] -- Up-to-date: /home/yami/CODE/Tiburon Software Induction/install/turtle_interfaces/share/turtle_interfaces/cmake/ament_cmake_export_include_directories-extras.cmake
[2.431s] -- Up-to-date: /home/yami/CODE/Tiburon Software Induction/install/turtle_interfaces/share/turtle_interfaces/cmake/ament_cmake_export_libraries-extras.cmake
[2.431s] -- Up-to-date: /home/yami/CODE/Tiburon Software Induction/install/turtle_interfaces/share/turtle_interfaces/cmake/ament_cmake_export_targets-extras.cmake
[2.431s] -- Up-to-date: /home/yami/CODE/Tiburon Software Induction/install/turtle_interfaces/share/turtle_interfaces/cmake/rosidl_cmake_export_typesupport_targets-extras.cmake
[2.432s] -- Up-to-date: /home/yami/CODE/Tiburon Software Induction/install/turtle_interfaces/share/turtle_interfaces/cmake/rosidl_cmake_export_typesupport_libraries-extras.cmake
[2.432s] -- Up-to-date: /home/yami/CODE/Tiburon Software Induction/install/turtle_interfaces/share/turtle_interfaces/cmake/turtle_interfacesConfig.cmake
[2.432s] -- Up-to-date: /home/yami/CODE/Tiburon Software Induction/install/turtle_interfaces/share/turtle_interfaces/cmake/turtle_interfacesConfig-version.cmake
[2.432s] -- Up-to-date: /home/yami/CODE/Tiburon Software Induction/install/turtle_interfaces/share/turtle_interfaces/package.xml
[2.434s] Invoked command in '/home/yami/CODE/Tiburon Software Induction/build/turtle_interfaces' returned '0': CMAKE_PREFIX_PATH=/opt/ros/humble /usr/bin/cmake --install /home/yami/CODE/Tiburon Software Induction/build/turtle_interfaces
